<?xml version="1.0" ?>
<!DOCTYPE coverage SYSTEM "http://cobertura.sourceforge.net/xml/coverage-04.dtd">
<coverage lines-valid="2020" lines-covered="1080" line-rate="0.5346" branches-valid="169" branches-covered="127" branch-rate="0.7514" timestamp="1759366650534" complexity="0" version="0.1">
  <sources>
    <source>D:/UTS/2025-02/Advanced Software development/Assignment/Projects/le-restaurant/frontend</source>
  </sources>
  <packages>
    <package name="components.organisms" line-rate="0.9433" branch-rate="0.7358">
      <classes>
        <class name="PaymentManagementPanel.tsx" filename="src\components\organisms\PaymentManagementPanel.tsx" line-rate="0.9605" branch-rate="0.8095">
          <methods>
            <method name="PaymentManagementPanel" hits="94" signature="()V">
              <lines>
                <line number="22" hits="94"/>
              </lines>
            </method>
            <method name="handleStatusChange" hits="1" signature="()V">
              <lines>
                <line number="71" hits="1"/>
              </lines>
            </method>
            <method name="handleRefund" hits="2" signature="()V">
              <lines>
                <line number="79" hits="2"/>
              </lines>
            </method>
            <method name="getStatusIcon" hits="150" signature="()V">
              <lines>
                <line number="91" hits="150"/>
              </lines>
            </method>
            <method name="getStatusBadge" hits="150" signature="()V">
              <lines>
                <line number="110" hits="150"/>
              </lines>
            </method>
            <method name="getMethodIcon" hits="150" signature="()V">
              <lines>
                <line number="130" hits="150"/>
              </lines>
            </method>
            <method name="formatCurrency" hits="426" signature="()V">
              <lines>
                <line number="146" hits="426"/>
              </lines>
            </method>
            <method name="formatDate" hits="150" signature="()V">
              <lines>
                <line number="153" hits="150"/>
              </lines>
            </method>
            <method name="getTotalStats" hits="94" signature="()V">
              <lines>
                <line number="163" hits="94"/>
              </lines>
            </method>
            <method name="onChange" hits="15" signature="()V">
              <lines>
                <line number="267" hits="15"/>
              </lines>
            </method>
            <method name="onChange" hits="2" signature="()V">
              <lines>
                <line number="277" hits="2"/>
              </lines>
            </method>
            <method name="onChange" hits="1" signature="()V">
              <lines>
                <line number="293" hits="1"/>
              </lines>
            </method>
            <method name="onClick" hits="1" signature="()V">
              <lines>
                <line number="388" hits="1"/>
              </lines>
            </method>
            <method name="onClick" hits="2" signature="()V">
              <lines>
                <line number="401" hits="2"/>
              </lines>
            </method>
          </methods>
          <lines>
            <line number="1" hits="1" branch="false"/>
            <line number="2" hits="1" branch="false"/>
            <line number="14" hits="1" branch="false"/>
            <line number="15" hits="1" branch="false"/>
            <line number="22" hits="1" branch="true" condition-coverage="100% (1/1)"/>
            <line number="23" hits="94" branch="false"/>
            <line number="24" hits="94" branch="false"/>
            <line number="25" hits="94" branch="false"/>
            <line number="26" hits="94" branch="false"/>
            <line number="29" hits="94" branch="false"/>
            <line number="30" hits="94" branch="false"/>
            <line number="31" hits="94" branch="false"/>
            <line number="32" hits="94" branch="false"/>
            <line number="33" hits="94" branch="false"/>
            <line number="34" hits="94" branch="false"/>
            <line number="35" hits="94" branch="false"/>
            <line number="36" hits="94" branch="false"/>
            <line number="39" hits="94" branch="true" condition-coverage="100% (1/1)"/>
            <line number="40" hits="29" branch="true" condition-coverage="100% (1/1)"/>
            <line number="41" hits="28" branch="false"/>
            <line number="42" hits="28" branch="false"/>
            <line number="43" hits="94" branch="false"/>
            <line number="45" hits="94" branch="true" condition-coverage="100% (1/1)"/>
            <line number="46" hits="47" branch="false"/>
            <line number="49" hits="47" branch="true" condition-coverage="100% (1/1)"/>
            <line number="50" hits="15" branch="true" condition-coverage="100% (1/1)"/>
            <line number="51" hits="45" branch="true" condition-coverage="100% (1/1)"/>
            <line number="52" hits="26" branch="true" condition-coverage="100% (1/1)"/>
            <line number="53" hits="26" branch="true" condition-coverage="100% (1/1)"/>
            <line number="54" hits="8" branch="false"/>
            <line number="55" hits="15" branch="false"/>
            <line number="56" hits="15" branch="false"/>
            <line number="59" hits="47" branch="true" condition-coverage="100% (1/1)"/>
            <line number="60" hits="6" branch="true" condition-coverage="100% (1/1)"/>
            <line number="61" hits="6" branch="false"/>
            <line number="64" hits="47" branch="true" condition-coverage="100% (1/1)"/>
            <line number="65" hits="1" branch="true" condition-coverage="100% (1/1)"/>
            <line number="66" hits="1" branch="false"/>
            <line number="68" hits="47" branch="false"/>
            <line number="69" hits="94" branch="false"/>
            <line number="71" hits="94" branch="true" condition-coverage="100% (1/1)"/>
            <line number="72" hits="1" branch="false"/>
            <line number="73" hits="1" branch="false"/>
            <line number="74" hits="1" branch="true" condition-coverage="0% (0/1)"/>
            <line number="75" hits="0" branch="false"/>
            <line number="76" hits="0" branch="false"/>
            <line number="77" hits="1" branch="false"/>
            <line number="79" hits="94" branch="true" condition-coverage="100% (1/1)"/>
            <line number="80" hits="2" branch="true" condition-coverage="100% (1/1)"/>
            <line number="82" hits="1" branch="false"/>
            <line number="85" hits="1" branch="false"/>
            <line number="86" hits="2" branch="true" condition-coverage="0% (0/1)"/>
            <line number="87" hits="0" branch="false"/>
            <line number="88" hits="0" branch="false"/>
            <line number="89" hits="2" branch="false"/>
            <line number="91" hits="94" branch="true" condition-coverage="100% (1/1)"/>
            <line number="92" hits="150" branch="false"/>
            <line number="93" hits="150" branch="true" condition-coverage="100% (1/1)"/>
            <line number="94" hits="60" branch="false"/>
            <line number="95" hits="150" branch="true" condition-coverage="0% (0/1)"/>
            <line number="96" hits="0" branch="false"/>
            <line number="97" hits="150" branch="true" condition-coverage="100% (1/1)"/>
            <line number="98" hits="43" branch="false"/>
            <line number="99" hits="150" branch="true" condition-coverage="100% (1/1)"/>
            <line number="100" hits="47" branch="false"/>
            <line number="101" hits="150" branch="true" condition-coverage="0% (0/1)"/>
            <line number="102" hits="0" branch="false"/>
            <line number="103" hits="150" branch="true" condition-coverage="0% (0/1)"/>
            <line number="104" hits="0" branch="false"/>
            <line number="105" hits="150" branch="true" condition-coverage="0% (0/1)"/>
            <line number="106" hits="0" branch="false"/>
            <line number="107" hits="150" branch="false"/>
            <line number="108" hits="150" branch="false"/>
            <line number="110" hits="94" branch="true" condition-coverage="100% (1/1)"/>
            <line number="111" hits="150" branch="false"/>
            <line number="112" hits="150" branch="false"/>
            <line number="113" hits="150" branch="true" condition-coverage="100% (1/1)"/>
            <line number="114" hits="60" branch="false"/>
            <line number="115" hits="150" branch="true" condition-coverage="0% (0/1)"/>
            <line number="116" hits="0" branch="false"/>
            <line number="117" hits="150" branch="true" condition-coverage="100% (1/1)"/>
            <line number="118" hits="43" branch="false"/>
            <line number="119" hits="150" branch="true" condition-coverage="100% (1/1)"/>
            <line number="120" hits="47" branch="false"/>
            <line number="121" hits="150" branch="true" condition-coverage="0% (0/1)"/>
            <line number="122" hits="0" branch="false"/>
            <line number="123" hits="150" branch="true" condition-coverage="0% (0/1)"/>
            <line number="124" hits="0" branch="false"/>
            <line number="125" hits="150" branch="true" condition-coverage="0% (0/1)"/>
            <line number="126" hits="0" branch="false"/>
            <line number="127" hits="150" branch="false"/>
            <line number="128" hits="150" branch="false"/>
            <line number="130" hits="94" branch="true" condition-coverage="100% (1/1)"/>
            <line number="131" hits="150" branch="false"/>
            <line number="132" hits="150" branch="true" condition-coverage="100% (1/1)"/>
            <line number="133" hits="150" branch="true" condition-coverage="100% (1/1)"/>
            <line number="134" hits="60" branch="false"/>
            <line number="135" hits="150" branch="true" condition-coverage="100% (1/1)"/>
            <line number="136" hits="43" branch="false"/>
            <line number="137" hits="150" branch="true" condition-coverage="0% (0/1)"/>
            <line number="138" hits="0" branch="false"/>
            <line number="139" hits="150" branch="true" condition-coverage="100% (1/1)"/>
            <line number="140" hits="47" branch="false"/>
            <line number="141" hits="150" branch="true" condition-coverage="0% (0/1)"/>
            <line number="142" hits="0" branch="false"/>
            <line number="143" hits="150" branch="false"/>
            <line number="144" hits="150" branch="false"/>
            <line number="146" hits="94" branch="true" condition-coverage="100% (1/1)"/>
            <line number="147" hits="426" branch="false"/>
            <line number="148" hits="426" branch="false"/>
            <line number="149" hits="426" branch="false"/>
            <line number="150" hits="426" branch="false"/>
            <line number="151" hits="426" branch="false"/>
            <line number="153" hits="94" branch="true" condition-coverage="100% (1/1)"/>
            <line number="154" hits="150" branch="false"/>
            <line number="155" hits="150" branch="false"/>
            <line number="156" hits="150" branch="false"/>
            <line number="157" hits="150" branch="false"/>
            <line number="158" hits="150" branch="false"/>
            <line number="159" hits="150" branch="false"/>
            <line number="160" hits="150" branch="false"/>
            <line number="161" hits="150" branch="false"/>
            <line number="163" hits="94" branch="true" condition-coverage="100% (1/1)"/>
            <line number="164" hits="94" branch="true" condition-coverage="100% (1/1)"/>
            <line number="165" hits="94" branch="false"/>
            <line number="166" hits="94" branch="true" condition-coverage="100% (1/1)"/>
            <line number="167" hits="94" branch="true" condition-coverage="100% (1/1)"/>
            <line number="168" hits="94" branch="false"/>
            <line number="169" hits="94" branch="true" condition-coverage="100% (1/1)"/>
            <line number="170" hits="94" branch="true" condition-coverage="100% (1/1)"/>
            <line number="172" hits="94" branch="false"/>
            <line number="173" hits="94" branch="false"/>
            <line number="175" hits="94" branch="false"/>
            <line number="177" hits="94" branch="true" condition-coverage="100% (2/2)"/>
            <line number="179" hits="92" branch="false"/>
            <line number="180" hits="92" branch="false"/>
            <line number="181" hits="92" branch="false"/>
            <line number="183" hits="92" branch="false"/>
            <line number="184" hits="92" branch="false"/>
            <line number="185" hits="92" branch="false"/>
            <line number="186" hits="92" branch="false"/>
            <line number="187" hits="92" branch="false"/>
            <line number="188" hits="92" branch="false"/>
            <line number="189" hits="92" branch="false"/>
            <line number="190" hits="92" branch="false"/>
            <line number="192" hits="92" branch="false"/>
            <line number="193" hits="92" branch="false"/>
            <line number="194" hits="92" branch="false"/>
            <line number="197" hits="92" branch="true" condition-coverage="100% (1/1)"/>
            <line number="198" hits="90" branch="false"/>
            <line number="199" hits="90" branch="false"/>
            <line number="200" hits="90" branch="false"/>
            <line number="201" hits="90" branch="false"/>
            <line number="202" hits="90" branch="false"/>
            <line number="203" hits="90" branch="false"/>
            <line number="206" hits="94" branch="true" condition-coverage="100% (1/1)"/>
            <line number="207" hits="2" branch="false"/>
            <line number="208" hits="2" branch="false"/>
            <line number="209" hits="2" branch="false"/>
            <line number="210" hits="2" branch="false"/>
            <line number="211" hits="2" branch="false"/>
            <line number="212" hits="2" branch="false"/>
            <line number="216" hits="94" branch="false"/>
            <line number="217" hits="94" branch="false"/>
            <line number="218" hits="94" branch="false"/>
            <line number="219" hits="94" branch="false"/>
            <line number="220" hits="94" branch="false"/>
            <line number="221" hits="94" branch="false"/>
            <line number="222" hits="94" branch="false"/>
            <line number="223" hits="94" branch="false"/>
            <line number="224" hits="94" branch="false"/>
            <line number="225" hits="94" branch="false"/>
            <line number="226" hits="94" branch="false"/>
            <line number="227" hits="94" branch="false"/>
            <line number="228" hits="94" branch="false"/>
            <line number="230" hits="94" branch="false"/>
            <line number="231" hits="94" branch="false"/>
            <line number="232" hits="94" branch="false"/>
            <line number="233" hits="94" branch="false"/>
            <line number="234" hits="94" branch="false"/>
            <line number="235" hits="94" branch="false"/>
            <line number="236" hits="94" branch="false"/>
            <line number="237" hits="94" branch="false"/>
            <line number="238" hits="94" branch="false"/>
            <line number="239" hits="94" branch="false"/>
            <line number="240" hits="94" branch="false"/>
            <line number="242" hits="94" branch="false"/>
            <line number="243" hits="94" branch="false"/>
            <line number="244" hits="94" branch="false"/>
            <line number="245" hits="94" branch="false"/>
            <line number="246" hits="94" branch="false"/>
            <line number="247" hits="94" branch="false"/>
            <line number="248" hits="94" branch="false"/>
            <line number="249" hits="94" branch="false"/>
            <line number="250" hits="94" branch="false"/>
            <line number="251" hits="94" branch="false"/>
            <line number="252" hits="94" branch="false"/>
            <line number="253" hits="94" branch="false"/>
            <line number="254" hits="94" branch="false"/>
            <line number="257" hits="94" branch="false"/>
            <line number="258" hits="94" branch="false"/>
            <line number="260" hits="94" branch="false"/>
            <line number="261" hits="94" branch="false"/>
            <line number="262" hits="94" branch="false"/>
            <line number="263" hits="94" branch="false"/>
            <line number="264" hits="94" branch="false"/>
            <line number="265" hits="94" branch="false"/>
            <line number="266" hits="94" branch="false"/>
            <line number="267" hits="94" branch="true" condition-coverage="100% (1/1)"/>
            <line number="268" hits="94" branch="false"/>
            <line number="269" hits="94" branch="false"/>
            <line number="270" hits="94" branch="false"/>
            <line number="271" hits="94" branch="false"/>
            <line number="274" hits="94" branch="false"/>
            <line number="275" hits="94" branch="false"/>
            <line number="276" hits="94" branch="false"/>
            <line number="277" hits="94" branch="true" condition-coverage="100% (1/1)"/>
            <line number="278" hits="94" branch="false"/>
            <line number="279" hits="94" branch="false"/>
            <line number="280" hits="94" branch="false"/>
            <line number="282" hits="94" branch="false"/>
            <line number="283" hits="94" branch="false"/>
            <line number="284" hits="94" branch="false"/>
            <line number="285" hits="94" branch="false"/>
            <line number="286" hits="94" branch="false"/>
            <line number="287" hits="94" branch="false"/>
            <line number="288" hits="94" branch="false"/>
            <line number="289" hits="94" branch="false"/>
            <line number="291" hits="94" branch="false"/>
            <line number="292" hits="94" branch="false"/>
            <line number="293" hits="94" branch="true" condition-coverage="100% (1/1)"/>
            <line number="294" hits="94" branch="false"/>
            <line number="295" hits="94" branch="false"/>
            <line number="296" hits="94" branch="false"/>
            <line number="298" hits="94" branch="false"/>
            <line number="299" hits="94" branch="false"/>
            <line number="300" hits="94" branch="false"/>
            <line number="301" hits="94" branch="false"/>
            <line number="302" hits="94" branch="false"/>
            <line number="303" hits="94" branch="false"/>
            <line number="304" hits="94" branch="false"/>
            <line number="305" hits="94" branch="false"/>
            <line number="306" hits="94" branch="false"/>
            <line number="307" hits="94" branch="false"/>
            <line number="310" hits="94" branch="false"/>
            <line number="311" hits="94" branch="true" condition-coverage="100% (1/1)"/>
            <line number="312" hits="2" branch="false"/>
            <line number="313" hits="2" branch="false"/>
            <line number="314" hits="2" branch="true" condition-coverage="100% (1/1)"/>
            <line number="316" hits="90" branch="false"/>
            <line number="317" hits="90" branch="false"/>
            <line number="318" hits="90" branch="false"/>
            <line number="319" hits="90" branch="false"/>
            <line number="321" hits="90" branch="false"/>
            <line number="322" hits="90" branch="false"/>
            <line number="324" hits="90" branch="false"/>
            <line number="325" hits="90" branch="false"/>
            <line number="327" hits="90" branch="false"/>
            <line number="328" hits="90" branch="false"/>
            <line number="330" hits="90" branch="false"/>
            <line number="331" hits="90" branch="false"/>
            <line number="333" hits="90" branch="false"/>
            <line number="334" hits="90" branch="false"/>
            <line number="336" hits="90" branch="false"/>
            <line number="337" hits="90" branch="false"/>
            <line number="338" hits="90" branch="false"/>
            <line number="339" hits="90" branch="false"/>
            <line number="340" hits="90" branch="true" condition-coverage="100% (1/1)"/>
            <line number="341" hits="150" branch="false"/>
            <line number="342" hits="150" branch="false"/>
            <line number="343" hits="150" branch="false"/>
            <line number="344" hits="150" branch="false"/>
            <line number="345" hits="150" branch="false"/>
            <line number="346" hits="150" branch="false"/>
            <line number="347" hits="150" branch="false"/>
            <line number="348" hits="150" branch="false"/>
            <line number="349" hits="150" branch="false"/>
            <line number="350" hits="150" branch="false"/>
            <line number="351" hits="150" branch="false"/>
            <line number="352" hits="150" branch="false"/>
            <line number="353" hits="150" branch="false"/>
            <line number="354" hits="150" branch="true" condition-coverage="100% (1/1)"/>
            <line number="355" hits="149" branch="false"/>
            <line number="356" hits="149" branch="false"/>
            <line number="357" hits="149" branch="false"/>
            <line number="359" hits="150" branch="false"/>
            <line number="360" hits="150" branch="false"/>
            <line number="361" hits="150" branch="false"/>
            <line number="362" hits="150" branch="false"/>
            <line number="363" hits="150" branch="false"/>
            <line number="364" hits="150" branch="false"/>
            <line number="365" hits="150" branch="false"/>
            <line number="366" hits="150" branch="false"/>
            <line number="367" hits="150" branch="false"/>
            <line number="368" hits="150" branch="false"/>
            <line number="369" hits="150" branch="false"/>
            <line number="370" hits="150" branch="false"/>
            <line number="371" hits="150" branch="false"/>
            <line number="372" hits="150" branch="false"/>
            <line number="373" hits="150" branch="false"/>
            <line number="374" hits="150" branch="false"/>
            <line number="375" hits="150" branch="false"/>
            <line number="376" hits="150" branch="false"/>
            <line number="377" hits="150" branch="false"/>
            <line number="378" hits="150" branch="false"/>
            <line number="379" hits="150" branch="false"/>
            <line number="380" hits="150" branch="false"/>
            <line number="381" hits="150" branch="false"/>
            <line number="382" hits="150" branch="false"/>
            <line number="383" hits="150" branch="false"/>
            <line number="384" hits="150" branch="false"/>
            <line number="385" hits="150" branch="false"/>
            <line number="386" hits="150" branch="false"/>
            <line number="387" hits="150" branch="false"/>
            <line number="388" hits="150" branch="true" condition-coverage="100% (1/1)"/>
            <line number="390" hits="1" branch="false"/>
            <line number="391" hits="1" branch="false"/>
            <line number="392" hits="150" branch="false"/>
            <line number="393" hits="150" branch="false"/>
            <line number="394" hits="150" branch="false"/>
            <line number="396" hits="150" branch="false"/>
            <line number="397" hits="150" branch="false"/>
            <line number="399" hits="150" branch="true" condition-coverage="100% (1/1)"/>
            <line number="400" hits="60" branch="false"/>
            <line number="401" hits="60" branch="true" condition-coverage="100% (1/1)"/>
            <line number="402" hits="60" branch="false"/>
            <line number="403" hits="60" branch="false"/>
            <line number="404" hits="60" branch="false"/>
            <line number="406" hits="60" branch="false"/>
            <line number="407" hits="60" branch="false"/>
            <line number="409" hits="150" branch="false"/>
            <line number="410" hits="150" branch="false"/>
            <line number="411" hits="150" branch="false"/>
            <line number="412" hits="90" branch="false"/>
            <line number="413" hits="90" branch="false"/>
            <line number="414" hits="90" branch="false"/>
            <line number="416" hits="94" branch="false"/>
            <line number="419" hits="94" branch="false"/>
            <line number="420" hits="94" branch="false"/>
            <line number="421" hits="94" branch="false"/>
            <line number="422" hits="94" branch="false"/>
            <line number="423" hits="94" branch="false"/>
            <line number="424" hits="94" branch="false"/>
            <line number="425" hits="94" branch="false"/>
            <line number="426" hits="94" branch="false"/>
            <line number="427" hits="94" branch="false"/>
            <line number="428" hits="94" branch="false"/>
            <line number="430" hits="94" branch="false"/>
            <line number="431" hits="94" branch="false"/>
            <line number="432" hits="94" branch="false"/>
            <line number="433" hits="94" branch="false"/>
            <line number="434" hits="94" branch="false"/>
            <line number="435" hits="94" branch="false"/>
            <line number="437" hits="94" branch="false"/>
            <line number="439" hits="1" branch="false"/>
          </lines>
        </class>
        <class name="UserFormModal.tsx" filename="src\components\organisms\UserFormModal.tsx" line-rate="0.8951" branch-rate="0.6041">
          <methods>
            <method name="UserFormModal" hits="177" signature="()V">
              <lines>
                <line number="13" hits="177"/>
              </lines>
            </method>
            <method name="validateForm" hits="2" signature="()V">
              <lines>
                <line number="57" hits="2"/>
              </lines>
            </method>
            <method name="handleSubmit" hits="2" signature="()V">
              <lines>
                <line number="88" hits="2"/>
              </lines>
            </method>
            <method name="getRoleIcon" hits="0" signature="()V">
              <lines>
                <line number="108" hits="0"/>
              </lines>
            </method>
            <method name="onChange" hits="3" signature="()V">
              <lines>
                <line number="151" hits="3"/>
              </lines>
            </method>
            <method name="onChange" hits="4" signature="()V">
              <lines>
                <line number="168" hits="4"/>
              </lines>
            </method>
            <method name="onChange" hits="35" signature="()V">
              <lines>
                <line number="185" hits="35"/>
              </lines>
            </method>
            <method name="onChange" hits="11" signature="()V">
              <lines>
                <line number="203" hits="11"/>
              </lines>
            </method>
            <method name="onChange" hits="12" signature="()V">
              <lines>
                <line number="221" hits="12"/>
              </lines>
            </method>
            <method name="onChange" hits="0" signature="()V">
              <lines>
                <line number="237" hits="0"/>
              </lines>
            </method>
            <method name="onChange" hits="0" signature="()V">
              <lines>
                <line number="260" hits="0"/>
              </lines>
            </method>
          </methods>
          <lines>
            <line number="1" hits="1" branch="false"/>
            <line number="2" hits="1" branch="false"/>
            <line number="3" hits="1" branch="false"/>
            <line number="13" hits="1" branch="true" condition-coverage="100% (1/1)"/>
            <line number="14" hits="177" branch="false"/>
            <line number="15" hits="177" branch="false"/>
            <line number="16" hits="177" branch="false"/>
            <line number="17" hits="177" branch="false"/>
            <line number="18" hits="177" branch="false"/>
            <line number="19" hits="177" branch="false"/>
            <line number="20" hits="177" branch="false"/>
            <line number="21" hits="177" branch="false"/>
            <line number="22" hits="177" branch="false"/>
            <line number="23" hits="177" branch="false"/>
            <line number="24" hits="177" branch="false"/>
            <line number="25" hits="177" branch="false"/>
            <line number="26" hits="177" branch="false"/>
            <line number="27" hits="177" branch="false"/>
            <line number="28" hits="177" branch="false"/>
            <line number="29" hits="177" branch="false"/>
            <line number="30" hits="177" branch="false"/>
            <line number="32" hits="177" branch="true" condition-coverage="100% (1/1)"/>
            <line number="33" hits="39" branch="true" condition-coverage="100% (2/2)"/>
            <line number="34" hits="1" branch="false"/>
            <line number="35" hits="1" branch="false"/>
            <line number="36" hits="1" branch="false"/>
            <line number="37" hits="1" branch="false"/>
            <line number="38" hits="1" branch="false"/>
            <line number="39" hits="1" branch="false"/>
            <line number="40" hits="1" branch="false"/>
            <line number="41" hits="1" branch="false"/>
            <line number="42" hits="1" branch="false"/>
            <line number="43" hits="39" branch="true" condition-coverage="100% (1/1)"/>
            <line number="44" hits="38" branch="false"/>
            <line number="45" hits="38" branch="false"/>
            <line number="46" hits="38" branch="false"/>
            <line number="47" hits="38" branch="false"/>
            <line number="48" hits="38" branch="false"/>
            <line number="49" hits="38" branch="false"/>
            <line number="50" hits="38" branch="false"/>
            <line number="51" hits="38" branch="false"/>
            <line number="52" hits="38" branch="false"/>
            <line number="53" hits="38" branch="false"/>
            <line number="54" hits="39" branch="false"/>
            <line number="55" hits="177" branch="false"/>
            <line number="57" hits="177" branch="true" condition-coverage="100% (1/1)"/>
            <line number="58" hits="2" branch="false"/>
            <line number="60" hits="2" branch="true" condition-coverage="0% (0/1)"/>
            <line number="61" hits="0" branch="false"/>
            <line number="62" hits="2" branch="true" condition-coverage="0% (0/1)"/>
            <line number="63" hits="0" branch="false"/>
            <line number="64" hits="0" branch="false"/>
            <line number="66" hits="2" branch="true" condition-coverage="50% (1/2)"/>
            <line number="67" hits="0" branch="false"/>
            <line number="68" hits="2" branch="true" condition-coverage="50% (1/2)"/>
            <line number="69" hits="0" branch="false"/>
            <line number="70" hits="0" branch="false"/>
            <line number="72" hits="2" branch="true" condition-coverage="0% (0/1)"/>
            <line number="73" hits="0" branch="false"/>
            <line number="74" hits="0" branch="false"/>
            <line number="76" hits="2" branch="true" condition-coverage="0% (0/1)"/>
            <line number="77" hits="0" branch="false"/>
            <line number="78" hits="0" branch="false"/>
            <line number="80" hits="2" branch="true" condition-coverage="0% (0/1)"/>
            <line number="81" hits="0" branch="false"/>
            <line number="82" hits="0" branch="false"/>
            <line number="84" hits="2" branch="false"/>
            <line number="85" hits="2" branch="false"/>
            <line number="86" hits="2" branch="false"/>
            <line number="88" hits="177" branch="true" condition-coverage="100% (1/1)"/>
            <line number="89" hits="2" branch="false"/>
            <line number="91" hits="2" branch="true" condition-coverage="0% (0/1)"/>
            <line number="93" hits="2" branch="false"/>
            <line number="94" hits="2" branch="false"/>
            <line number="95" hits="2" branch="true" condition-coverage="100% (1/1)"/>
            <line number="96" hits="1" branch="true" condition-coverage="100% (1/1)"/>
            <line number="97" hits="1" branch="false"/>
            <line number="99" hits="2" branch="false"/>
            <line number="100" hits="2" branch="false"/>
            <line number="101" hits="2" branch="true" condition-coverage="0% (0/1)"/>
            <line number="102" hits="0" branch="false"/>
            <line number="103" hits="2" branch="false"/>
            <line number="104" hits="2" branch="false"/>
            <line number="105" hits="2" branch="false"/>
            <line number="106" hits="2" branch="false"/>
            <line number="108" hits="177" branch="false"/>
            <line number="109" hits="0" branch="false"/>
            <line number="110" hits="0" branch="false"/>
            <line number="111" hits="0" branch="false"/>
            <line number="112" hits="0" branch="false"/>
            <line number="113" hits="0" branch="false"/>
            <line number="114" hits="0" branch="false"/>
            <line number="115" hits="0" branch="false"/>
            <line number="116" hits="0" branch="false"/>
            <line number="117" hits="0" branch="false"/>
            <line number="118" hits="0" branch="false"/>
            <line number="119" hits="0" branch="false"/>
            <line number="121" hits="177" branch="true" condition-coverage="100% (2/2)"/>
            <line number="123" hits="73" branch="false"/>
            <line number="124" hits="73" branch="false"/>
            <line number="125" hits="73" branch="false"/>
            <line number="127" hits="73" branch="false"/>
            <line number="128" hits="73" branch="false"/>
            <line number="129" hits="177" branch="true" condition-coverage="100% (2/2)"/>
            <line number="130" hits="177" branch="false"/>
            <line number="131" hits="177" branch="false"/>
            <line number="132" hits="177" branch="false"/>
            <line number="133" hits="177" branch="false"/>
            <line number="135" hits="177" branch="false"/>
            <line number="136" hits="177" branch="false"/>
            <line number="137" hits="177" branch="false"/>
            <line number="140" hits="177" branch="false"/>
            <line number="142" hits="177" branch="false"/>
            <line number="143" hits="177" branch="false"/>
            <line number="144" hits="177" branch="false"/>
            <line number="146" hits="177" branch="false"/>
            <line number="147" hits="177" branch="false"/>
            <line number="148" hits="177" branch="false"/>
            <line number="149" hits="177" branch="false"/>
            <line number="150" hits="177" branch="false"/>
            <line number="151" hits="177" branch="true" condition-coverage="100% (1/1)"/>
            <line number="152" hits="177" branch="true" condition-coverage="50% (1/2)"/>
            <line number="153" hits="177" branch="false"/>
            <line number="154" hits="177" branch="false"/>
            <line number="155" hits="177" branch="true" condition-coverage="0% (0/1)"/>
            <line number="156" hits="177" branch="false"/>
            <line number="159" hits="177" branch="false"/>
            <line number="160" hits="177" branch="false"/>
            <line number="161" hits="177" branch="false"/>
            <line number="163" hits="177" branch="false"/>
            <line number="164" hits="177" branch="false"/>
            <line number="165" hits="177" branch="false"/>
            <line number="166" hits="177" branch="false"/>
            <line number="167" hits="177" branch="false"/>
            <line number="168" hits="177" branch="true" condition-coverage="100% (1/1)"/>
            <line number="169" hits="177" branch="true" condition-coverage="50% (1/2)"/>
            <line number="170" hits="177" branch="false"/>
            <line number="171" hits="177" branch="false"/>
            <line number="172" hits="177" branch="true" condition-coverage="0% (0/1)"/>
            <line number="173" hits="177" branch="false"/>
            <line number="176" hits="177" branch="false"/>
            <line number="177" hits="177" branch="false"/>
            <line number="178" hits="177" branch="false"/>
            <line number="180" hits="177" branch="false"/>
            <line number="181" hits="177" branch="false"/>
            <line number="182" hits="177" branch="false"/>
            <line number="183" hits="177" branch="false"/>
            <line number="184" hits="177" branch="false"/>
            <line number="185" hits="177" branch="true" condition-coverage="100% (1/1)"/>
            <line number="186" hits="177" branch="true" condition-coverage="50% (1/2)"/>
            <line number="187" hits="177" branch="false"/>
            <line number="188" hits="177" branch="false"/>
            <line number="189" hits="177" branch="true" condition-coverage="0% (0/1)"/>
            <line number="190" hits="177" branch="false"/>
            <line number="193" hits="177" branch="true" condition-coverage="100% (1/1)"/>
            <line number="194" hits="50" branch="false"/>
            <line number="195" hits="50" branch="false"/>
            <line number="196" hits="50" branch="false"/>
            <line number="198" hits="50" branch="false"/>
            <line number="199" hits="50" branch="false"/>
            <line number="200" hits="50" branch="false"/>
            <line number="201" hits="50" branch="false"/>
            <line number="202" hits="50" branch="false"/>
            <line number="203" hits="50" branch="true" condition-coverage="100% (1/1)"/>
            <line number="204" hits="50" branch="true" condition-coverage="0% (0/1)"/>
            <line number="205" hits="50" branch="false"/>
            <line number="206" hits="50" branch="false"/>
            <line number="207" hits="50" branch="true" condition-coverage="0% (0/1)"/>
            <line number="208" hits="50" branch="false"/>
            <line number="212" hits="177" branch="false"/>
            <line number="213" hits="177" branch="false"/>
            <line number="214" hits="177" branch="false"/>
            <line number="216" hits="177" branch="false"/>
            <line number="217" hits="177" branch="false"/>
            <line number="218" hits="177" branch="false"/>
            <line number="219" hits="177" branch="false"/>
            <line number="220" hits="177" branch="false"/>
            <line number="221" hits="177" branch="true" condition-coverage="100% (1/1)"/>
            <line number="222" hits="177" branch="true" condition-coverage="50% (1/2)"/>
            <line number="223" hits="177" branch="false"/>
            <line number="224" hits="177" branch="false"/>
            <line number="225" hits="177" branch="true" condition-coverage="0% (0/1)"/>
            <line number="226" hits="177" branch="false"/>
            <line number="229" hits="177" branch="false"/>
            <line number="230" hits="177" branch="false"/>
            <line number="231" hits="177" branch="false"/>
            <line number="233" hits="177" branch="false"/>
            <line number="234" hits="177" branch="false"/>
            <line number="235" hits="177" branch="false"/>
            <line number="236" hits="177" branch="false"/>
            <line number="237" hits="177" branch="false"/>
            <line number="238" hits="177" branch="false"/>
            <line number="240" hits="177" branch="false"/>
            <line number="241" hits="177" branch="false"/>
            <line number="242" hits="177" branch="false"/>
            <line number="243" hits="177" branch="false"/>
            <line number="244" hits="177" branch="false"/>
            <line number="245" hits="177" branch="false"/>
            <line number="246" hits="177" branch="false"/>
            <line number="247" hits="177" branch="false"/>
            <line number="248" hits="177" branch="false"/>
            <line number="249" hits="177" branch="false"/>
            <line number="250" hits="177" branch="false"/>
            <line number="253" hits="177" branch="false"/>
            <line number="254" hits="177" branch="false"/>
            <line number="256" hits="177" branch="false"/>
            <line number="257" hits="177" branch="false"/>
            <line number="258" hits="177" branch="false"/>
            <line number="259" hits="177" branch="false"/>
            <line number="260" hits="177" branch="false"/>
            <line number="261" hits="177" branch="false"/>
            <line number="263" hits="177" branch="false"/>
            <line number="264" hits="177" branch="false"/>
            <line number="265" hits="177" branch="false"/>
            <line number="266" hits="177" branch="false"/>
            <line number="267" hits="177" branch="false"/>
            <line number="270" hits="177" branch="false"/>
            <line number="271" hits="177" branch="false"/>
            <line number="272" hits="177" branch="false"/>
            <line number="273" hits="177" branch="false"/>
            <line number="275" hits="177" branch="true" condition-coverage="100% (1/1)"/>
            <line number="276" hits="2" branch="true" condition-coverage="100% (1/1)"/>
            <line number="278" hits="71" branch="true" condition-coverage="100% (2/2)"/>
            <line number="280" hits="177" branch="false"/>
            <line number="281" hits="177" branch="false"/>
            <line number="282" hits="177" branch="false"/>
            <line number="283" hits="177" branch="false"/>
            <line number="285" hits="177" branch="false"/>
            <line number="287" hits="1" branch="false"/>
          </lines>
        </class>
        <class name="UserManagementPanel.tsx" filename="src\components\organisms\UserManagementPanel.tsx" line-rate="0.9588" branch-rate="0.7707999999999999">
          <methods>
            <method name="UserManagementPanel" hits="56" signature="()V">
              <lines>
                <line number="24" hits="56"/>
              </lines>
            </method>
            <method name="handleCreateUser" hits="1" signature="()V">
              <lines>
                <line number="77" hits="1"/>
              </lines>
            </method>
            <method name="handleUpdateUser" hits="1" signature="()V">
              <lines>
                <line number="101" hits="1"/>
              </lines>
            </method>
            <method name="handleDeleteUser" hits="2" signature="()V">
              <lines>
                <line number="111" hits="2"/>
              </lines>
            </method>
            <method name="getRoleIcon" hits="57" signature="()V">
              <lines>
                <line number="121" hits="57"/>
              </lines>
            </method>
            <method name="getStatusBadge" hits="57" signature="()V">
              <lines>
                <line number="134" hits="57"/>
              </lines>
            </method>
            <method name="formatDate" hits="114" signature="()V">
              <lines>
                <line number="148" hits="114"/>
              </lines>
            </method>
            <method name="onChange" hits="4" signature="()V">
              <lines>
                <line number="186" hits="4"/>
              </lines>
            </method>
            <method name="onChange" hits="1" signature="()V">
              <lines>
                <line number="196" hits="1"/>
              </lines>
            </method>
            <method name="onChange" hits="1" signature="()V">
              <lines>
                <line number="209" hits="1"/>
              </lines>
            </method>
            <method name="onClick" hits="2" signature="()V">
              <lines>
                <line number="221" hits="2"/>
              </lines>
            </method>
            <method name="onClick" hits="1" signature="()V">
              <lines>
                <line number="329" hits="1"/>
              </lines>
            </method>
            <method name="onClick" hits="2" signature="()V">
              <lines>
                <line number="340" hits="2"/>
              </lines>
            </method>
            <method name="onClose" hits="1" signature="()V">
              <lines>
                <line number="377" hits="1"/>
              </lines>
            </method>
            <method name="onClose" hits="1" signature="()V">
              <lines>
                <line number="384" hits="1"/>
              </lines>
            </method>
            <method name="onSubmit" hits="1" signature="()V">
              <lines>
                <line number="388" hits="1"/>
              </lines>
            </method>
          </methods>
          <lines>
            <line number="1" hits="1" branch="false"/>
            <line number="2" hits="1" branch="false"/>
            <line number="15" hits="1" branch="false"/>
            <line number="16" hits="1" branch="false"/>
            <line number="17" hits="1" branch="false"/>
            <line number="24" hits="1" branch="true" condition-coverage="100% (1/1)"/>
            <line number="25" hits="56" branch="false"/>
            <line number="26" hits="56" branch="false"/>
            <line number="27" hits="56" branch="false"/>
            <line number="28" hits="56" branch="false"/>
            <line number="29" hits="56" branch="false"/>
            <line number="30" hits="56" branch="false"/>
            <line number="31" hits="56" branch="false"/>
            <line number="34" hits="56" branch="false"/>
            <line number="35" hits="56" branch="false"/>
            <line number="36" hits="56" branch="false"/>
            <line number="37" hits="56" branch="false"/>
            <line number="38" hits="56" branch="false"/>
            <line number="39" hits="56" branch="false"/>
            <line number="40" hits="56" branch="false"/>
            <line number="41" hits="56" branch="false"/>
            <line number="42" hits="56" branch="false"/>
            <line number="43" hits="56" branch="false"/>
            <line number="46" hits="56" branch="true" condition-coverage="100% (1/1)"/>
            <line number="47" hits="18" branch="true" condition-coverage="100% (1/1)"/>
            <line number="48" hits="17" branch="false"/>
            <line number="49" hits="17" branch="false"/>
            <line number="50" hits="56" branch="false"/>
            <line number="52" hits="56" branch="true" condition-coverage="100% (1/1)"/>
            <line number="53" hits="24" branch="false"/>
            <line number="56" hits="24" branch="true" condition-coverage="100% (1/1)"/>
            <line number="57" hits="4" branch="true" condition-coverage="100% (1/1)"/>
            <line number="58" hits="8" branch="true" condition-coverage="100% (1/1)"/>
            <line number="59" hits="3" branch="true" condition-coverage="100% (1/1)"/>
            <line number="60" hits="3" branch="false"/>
            <line number="61" hits="4" branch="false"/>
            <line number="62" hits="4" branch="false"/>
            <line number="65" hits="24" branch="true" condition-coverage="100% (1/1)"/>
            <line number="66" hits="1" branch="true" condition-coverage="100% (1/1)"/>
            <line number="67" hits="1" branch="false"/>
            <line number="70" hits="24" branch="true" condition-coverage="100% (1/1)"/>
            <line number="71" hits="1" branch="true" condition-coverage="100% (1/1)"/>
            <line number="72" hits="1" branch="false"/>
            <line number="74" hits="24" branch="false"/>
            <line number="75" hits="56" branch="false"/>
            <line number="77" hits="56" branch="true" condition-coverage="100% (1/1)"/>
            <line number="78" hits="1" branch="false"/>
            <line number="80" hits="1" branch="true" condition-coverage="0% (0/1)"/>
            <line number="81" hits="0" branch="false"/>
            <line number="82" hits="0" branch="false"/>
            <line number="85" hits="1" branch="false"/>
            <line number="86" hits="1" branch="false"/>
            <line number="87" hits="1" branch="false"/>
            <line number="88" hits="1" branch="false"/>
            <line number="89" hits="1" branch="false"/>
            <line number="90" hits="1" branch="false"/>
            <line number="91" hits="1" branch="true" condition-coverage="0% (0/1)"/>
            <line number="92" hits="1" branch="false"/>
            <line number="94" hits="1" branch="false"/>
            <line number="95" hits="1" branch="false"/>
            <line number="96" hits="1" branch="true" condition-coverage="0% (0/1)"/>
            <line number="97" hits="0" branch="false"/>
            <line number="98" hits="0" branch="false"/>
            <line number="99" hits="1" branch="false"/>
            <line number="101" hits="56" branch="true" condition-coverage="100% (1/1)"/>
            <line number="102" hits="1" branch="false"/>
            <line number="103" hits="1" branch="false"/>
            <line number="104" hits="1" branch="false"/>
            <line number="105" hits="1" branch="false"/>
            <line number="106" hits="1" branch="true" condition-coverage="0% (0/1)"/>
            <line number="107" hits="0" branch="false"/>
            <line number="108" hits="0" branch="false"/>
            <line number="109" hits="1" branch="false"/>
            <line number="111" hits="56" branch="true" condition-coverage="100% (1/1)"/>
            <line number="112" hits="2" branch="true" condition-coverage="100% (1/1)"/>
            <line number="114" hits="1" branch="false"/>
            <line number="115" hits="1" branch="false"/>
            <line number="116" hits="2" branch="true" condition-coverage="0% (0/1)"/>
            <line number="117" hits="0" branch="false"/>
            <line number="118" hits="0" branch="false"/>
            <line number="119" hits="2" branch="false"/>
            <line number="121" hits="56" branch="true" condition-coverage="100% (1/1)"/>
            <line number="122" hits="57" branch="false"/>
            <line number="123" hits="57" branch="true" condition-coverage="100% (1/1)"/>
            <line number="124" hits="26" branch="false"/>
            <line number="125" hits="57" branch="true" condition-coverage="0% (0/1)"/>
            <line number="126" hits="0" branch="false"/>
            <line number="127" hits="57" branch="true" condition-coverage="100% (1/1)"/>
            <line number="128" hits="31" branch="false"/>
            <line number="129" hits="57" branch="true" condition-coverage="0% (0/1)"/>
            <line number="130" hits="0" branch="false"/>
            <line number="131" hits="57" branch="false"/>
            <line number="132" hits="57" branch="false"/>
            <line number="134" hits="56" branch="true" condition-coverage="100% (1/1)"/>
            <line number="135" hits="57" branch="false"/>
            <line number="136" hits="57" branch="false"/>
            <line number="137" hits="57" branch="false"/>
            <line number="138" hits="57" branch="false"/>
            <line number="139" hits="57" branch="true" condition-coverage="0% (0/1)"/>
            <line number="140" hits="0" branch="false"/>
            <line number="141" hits="57" branch="true" condition-coverage="0% (0/1)"/>
            <line number="142" hits="0" branch="false"/>
            <line number="143" hits="57" branch="true" condition-coverage="0% (0/1)"/>
            <line number="144" hits="0" branch="false"/>
            <line number="145" hits="57" branch="false"/>
            <line number="146" hits="57" branch="false"/>
            <line number="148" hits="56" branch="true" condition-coverage="100% (1/1)"/>
            <line number="149" hits="114" branch="false"/>
            <line number="150" hits="114" branch="false"/>
            <line number="151" hits="114" branch="false"/>
            <line number="152" hits="114" branch="false"/>
            <line number="153" hits="114" branch="false"/>
            <line number="154" hits="114" branch="false"/>
            <line number="156" hits="56" branch="true" condition-coverage="100% (2/2)"/>
            <line number="158" hits="53" branch="false"/>
            <line number="159" hits="53" branch="false"/>
            <line number="160" hits="53" branch="false"/>
            <line number="162" hits="53" branch="false"/>
            <line number="163" hits="53" branch="false"/>
            <line number="164" hits="53" branch="false"/>
            <line number="165" hits="53" branch="false"/>
            <line number="166" hits="53" branch="false"/>
            <line number="167" hits="53" branch="false"/>
            <line number="168" hits="53" branch="false"/>
            <line number="169" hits="53" branch="false"/>
            <line number="171" hits="53" branch="false"/>
            <line number="172" hits="53" branch="false"/>
            <line number="173" hits="53" branch="false"/>
            <line number="176" hits="53" branch="false"/>
            <line number="177" hits="53" branch="false"/>
            <line number="179" hits="53" branch="false"/>
            <line number="180" hits="53" branch="false"/>
            <line number="181" hits="53" branch="false"/>
            <line number="182" hits="53" branch="false"/>
            <line number="183" hits="53" branch="false"/>
            <line number="184" hits="53" branch="false"/>
            <line number="185" hits="53" branch="false"/>
            <line number="186" hits="53" branch="true" condition-coverage="100% (1/1)"/>
            <line number="187" hits="53" branch="false"/>
            <line number="188" hits="53" branch="false"/>
            <line number="189" hits="53" branch="false"/>
            <line number="190" hits="53" branch="false"/>
            <line number="193" hits="53" branch="false"/>
            <line number="194" hits="53" branch="false"/>
            <line number="195" hits="53" branch="false"/>
            <line number="196" hits="53" branch="true" condition-coverage="100% (1/1)"/>
            <line number="197" hits="53" branch="false"/>
            <line number="198" hits="53" branch="false"/>
            <line number="199" hits="53" branch="false"/>
            <line number="201" hits="53" branch="false"/>
            <line number="202" hits="53" branch="false"/>
            <line number="203" hits="53" branch="false"/>
            <line number="204" hits="53" branch="false"/>
            <line number="205" hits="53" branch="false"/>
            <line number="207" hits="53" branch="false"/>
            <line number="208" hits="53" branch="false"/>
            <line number="209" hits="53" branch="true" condition-coverage="100% (1/1)"/>
            <line number="210" hits="53" branch="false"/>
            <line number="211" hits="53" branch="false"/>
            <line number="212" hits="53" branch="false"/>
            <line number="214" hits="53" branch="false"/>
            <line number="215" hits="53" branch="false"/>
            <line number="216" hits="53" branch="false"/>
            <line number="217" hits="53" branch="false"/>
            <line number="218" hits="53" branch="false"/>
            <line number="220" hits="53" branch="false"/>
            <line number="221" hits="53" branch="true" condition-coverage="100% (1/1)"/>
            <line number="222" hits="53" branch="false"/>
            <line number="224" hits="53" branch="false"/>
            <line number="225" hits="53" branch="false"/>
            <line number="226" hits="53" branch="false"/>
            <line number="227" hits="53" branch="false"/>
            <line number="228" hits="53" branch="false"/>
            <line number="229" hits="53" branch="false"/>
            <line number="232" hits="53" branch="true" condition-coverage="100% (1/1)"/>
            <line number="233" hits="51" branch="false"/>
            <line number="234" hits="51" branch="false"/>
            <line number="235" hits="51" branch="false"/>
            <line number="236" hits="51" branch="false"/>
            <line number="237" hits="51" branch="false"/>
            <line number="238" hits="51" branch="false"/>
            <line number="241" hits="56" branch="true" condition-coverage="100% (1/1)"/>
            <line number="242" hits="2" branch="false"/>
            <line number="243" hits="2" branch="false"/>
            <line number="244" hits="2" branch="false"/>
            <line number="245" hits="2" branch="false"/>
            <line number="246" hits="2" branch="false"/>
            <line number="247" hits="2" branch="false"/>
            <line number="251" hits="56" branch="false"/>
            <line number="252" hits="56" branch="true" condition-coverage="100% (1/1)"/>
            <line number="253" hits="2" branch="false"/>
            <line number="254" hits="2" branch="false"/>
            <line number="255" hits="2" branch="true" condition-coverage="100% (1/1)"/>
            <line number="257" hits="51" branch="false"/>
            <line number="258" hits="51" branch="false"/>
            <line number="259" hits="51" branch="false"/>
            <line number="260" hits="51" branch="false"/>
            <line number="262" hits="51" branch="false"/>
            <line number="263" hits="51" branch="false"/>
            <line number="265" hits="51" branch="false"/>
            <line number="266" hits="51" branch="false"/>
            <line number="268" hits="51" branch="false"/>
            <line number="269" hits="51" branch="false"/>
            <line number="271" hits="51" branch="false"/>
            <line number="272" hits="51" branch="false"/>
            <line number="274" hits="51" branch="false"/>
            <line number="275" hits="51" branch="false"/>
            <line number="277" hits="51" branch="false"/>
            <line number="278" hits="51" branch="false"/>
            <line number="279" hits="51" branch="false"/>
            <line number="280" hits="51" branch="false"/>
            <line number="281" hits="51" branch="true" condition-coverage="100% (1/1)"/>
            <line number="282" hits="57" branch="false"/>
            <line number="283" hits="57" branch="false"/>
            <line number="284" hits="57" branch="false"/>
            <line number="285" hits="57" branch="false"/>
            <line number="286" hits="57" branch="false"/>
            <line number="287" hits="57" branch="false"/>
            <line number="288" hits="57" branch="false"/>
            <line number="289" hits="57" branch="false"/>
            <line number="290" hits="57" branch="false"/>
            <line number="291" hits="57" branch="false"/>
            <line number="292" hits="57" branch="false"/>
            <line number="293" hits="57" branch="false"/>
            <line number="294" hits="57" branch="false"/>
            <line number="295" hits="57" branch="false"/>
            <line number="296" hits="57" branch="false"/>
            <line number="297" hits="57" branch="false"/>
            <line number="298" hits="57" branch="false"/>
            <line number="299" hits="57" branch="false"/>
            <line number="300" hits="57" branch="false"/>
            <line number="301" hits="57" branch="false"/>
            <line number="302" hits="57" branch="false"/>
            <line number="303" hits="57" branch="false"/>
            <line number="304" hits="57" branch="false"/>
            <line number="305" hits="57" branch="false"/>
            <line number="306" hits="57" branch="false"/>
            <line number="307" hits="57" branch="false"/>
            <line number="308" hits="57" branch="false"/>
            <line number="309" hits="57" branch="false"/>
            <line number="310" hits="57" branch="false"/>
            <line number="311" hits="57" branch="false"/>
            <line number="312" hits="57" branch="false"/>
            <line number="313" hits="57" branch="false"/>
            <line number="314" hits="57" branch="false"/>
            <line number="315" hits="57" branch="false"/>
            <line number="316" hits="57" branch="false"/>
            <line number="317" hits="57" branch="false"/>
            <line number="318" hits="57" branch="false"/>
            <line number="319" hits="57" branch="false"/>
            <line number="320" hits="57" branch="false"/>
            <line number="321" hits="57" branch="true" condition-coverage="0% (0/1)"/>
            <line number="322" hits="57" branch="false"/>
            <line number="323" hits="57" branch="false"/>
            <line number="324" hits="57" branch="false"/>
            <line number="325" hits="57" branch="false"/>
            <line number="326" hits="57" branch="false"/>
            <line number="327" hits="57" branch="false"/>
            <line number="328" hits="57" branch="false"/>
            <line number="329" hits="57" branch="true" condition-coverage="100% (1/1)"/>
            <line number="330" hits="1" branch="false"/>
            <line number="331" hits="1" branch="false"/>
            <line number="332" hits="1" branch="false"/>
            <line number="333" hits="57" branch="false"/>
            <line number="334" hits="57" branch="false"/>
            <line number="335" hits="57" branch="false"/>
            <line number="337" hits="57" branch="false"/>
            <line number="338" hits="57" branch="false"/>
            <line number="339" hits="57" branch="false"/>
            <line number="340" hits="57" branch="true" condition-coverage="100% (1/1)"/>
            <line number="341" hits="57" branch="false"/>
            <line number="342" hits="57" branch="false"/>
            <line number="343" hits="57" branch="false"/>
            <line number="345" hits="57" branch="false"/>
            <line number="346" hits="57" branch="false"/>
            <line number="347" hits="57" branch="false"/>
            <line number="348" hits="57" branch="false"/>
            <line number="349" hits="57" branch="false"/>
            <line number="350" hits="51" branch="false"/>
            <line number="351" hits="51" branch="false"/>
            <line number="352" hits="51" branch="false"/>
            <line number="354" hits="56" branch="false"/>
            <line number="357" hits="56" branch="false"/>
            <line number="358" hits="56" branch="false"/>
            <line number="359" hits="56" branch="false"/>
            <line number="360" hits="56" branch="false"/>
            <line number="361" hits="56" branch="false"/>
            <line number="362" hits="56" branch="false"/>
            <line number="363" hits="56" branch="false"/>
            <line number="364" hits="56" branch="false"/>
            <line number="365" hits="56" branch="false"/>
            <line number="366" hits="56" branch="false"/>
            <line number="368" hits="56" branch="false"/>
            <line number="369" hits="56" branch="false"/>
            <line number="370" hits="56" branch="false"/>
            <line number="371" hits="56" branch="false"/>
            <line number="372" hits="56" branch="false"/>
            <line number="375" hits="56" branch="false"/>
            <line number="376" hits="56" branch="false"/>
            <line number="377" hits="56" branch="true" condition-coverage="100% (1/1)"/>
            <line number="378" hits="56" branch="false"/>
            <line number="379" hits="56" branch="false"/>
            <line number="380" hits="56" branch="false"/>
            <line number="382" hits="56" branch="false"/>
            <line number="383" hits="56" branch="false"/>
            <line number="384" hits="56" branch="true" condition-coverage="100% (1/1)"/>
            <line number="385" hits="1" branch="false"/>
            <line number="386" hits="1" branch="false"/>
            <line number="387" hits="1" branch="false"/>
            <line number="388" hits="56" branch="true" condition-coverage="100% (1/1)"/>
            <line number="389" hits="56" branch="false"/>
            <line number="390" hits="56" branch="false"/>
            <line number="391" hits="56" branch="false"/>
            <line number="392" hits="56" branch="false"/>
            <line number="394" hits="56" branch="false"/>
            <line number="396" hits="1" branch="false"/>
          </lines>
        </class>
      </classes>
    </package>
    <package name="hooks" line-rate="0.0381" branch-rate="1">
      <classes>
        <class name="useApiBase.ts" filename="src\hooks\useApiBase.ts" line-rate="0.039" branch-rate="1">
          <methods>
            <method name="useApiBase" hits="0" signature="()V">
              <lines>
                <line number="58" hits="0"/>
              </lines>
            </method>
            <method name="useApiList" hits="0" signature="()V">
              <lines>
                <line number="234" hits="0"/>
              </lines>
            </method>
            <method name="useApiItem" hits="0" signature="()V">
              <lines>
                <line number="249" hits="0"/>
              </lines>
            </method>
          </methods>
          <lines>
            <line number="15" hits="1" branch="false"/>
            <line number="16" hits="1" branch="false"/>
            <line number="58" hits="1" branch="false"/>
            <line number="59" hits="0" branch="false"/>
            <line number="60" hits="0" branch="false"/>
            <line number="61" hits="0" branch="false"/>
            <line number="62" hits="0" branch="false"/>
            <line number="63" hits="0" branch="false"/>
            <line number="64" hits="0" branch="false"/>
            <line number="70" hits="0" branch="false"/>
            <line number="71" hits="0" branch="false"/>
            <line number="72" hits="0" branch="false"/>
            <line number="73" hits="0" branch="false"/>
            <line number="74" hits="0" branch="false"/>
            <line number="75" hits="0" branch="false"/>
            <line number="76" hits="0" branch="false"/>
            <line number="77" hits="0" branch="false"/>
            <line number="78" hits="0" branch="false"/>
            <line number="79" hits="0" branch="false"/>
            <line number="80" hits="0" branch="false"/>
            <line number="86" hits="0" branch="false"/>
            <line number="87" hits="0" branch="false"/>
            <line number="88" hits="0" branch="false"/>
            <line number="94" hits="0" branch="false"/>
            <line number="95" hits="0" branch="false"/>
            <line number="96" hits="0" branch="false"/>
            <line number="102" hits="0" branch="false"/>
            <line number="103" hits="0" branch="false"/>
            <line number="104" hits="0" branch="false"/>
            <line number="109" hits="0" branch="false"/>
            <line number="110" hits="0" branch="false"/>
            <line number="111" hits="0" branch="false"/>
            <line number="116" hits="0" branch="false"/>
            <line number="117" hits="0" branch="false"/>
            <line number="118" hits="0" branch="false"/>
            <line number="119" hits="0" branch="false"/>
            <line number="120" hits="0" branch="false"/>
            <line number="121" hits="0" branch="false"/>
            <line number="122" hits="0" branch="false"/>
            <line number="123" hits="0" branch="false"/>
            <line number="131" hits="0" branch="false"/>
            <line number="132" hits="0" branch="false"/>
            <line number="133" hits="0" branch="false"/>
            <line number="134" hits="0" branch="false"/>
            <line number="135" hits="0" branch="false"/>
            <line number="136" hits="0" branch="false"/>
            <line number="138" hits="0" branch="false"/>
            <line number="140" hits="0" branch="false"/>
            <line number="142" hits="0" branch="false"/>
            <line number="144" hits="0" branch="false"/>
            <line number="145" hits="0" branch="false"/>
            <line number="146" hits="0" branch="false"/>
            <line number="147" hits="0" branch="false"/>
            <line number="149" hits="0" branch="false"/>
            <line number="150" hits="0" branch="false"/>
            <line number="151" hits="0" branch="false"/>
            <line number="152" hits="0" branch="false"/>
            <line number="153" hits="0" branch="false"/>
            <line number="154" hits="0" branch="false"/>
            <line number="155" hits="0" branch="false"/>
            <line number="156" hits="0" branch="false"/>
            <line number="157" hits="0" branch="false"/>
            <line number="158" hits="0" branch="false"/>
            <line number="159" hits="0" branch="false"/>
            <line number="160" hits="0" branch="false"/>
            <line number="161" hits="0" branch="false"/>
            <line number="163" hits="0" branch="false"/>
            <line number="166" hits="0" branch="false"/>
            <line number="167" hits="0" branch="false"/>
            <line number="168" hits="0" branch="false"/>
            <line number="169" hits="0" branch="false"/>
            <line number="170" hits="0" branch="false"/>
            <line number="171" hits="0" branch="false"/>
            <line number="172" hits="0" branch="false"/>
            <line number="173" hits="0" branch="false"/>
            <line number="174" hits="0" branch="false"/>
            <line number="175" hits="0" branch="false"/>
            <line number="177" hits="0" branch="false"/>
            <line number="178" hits="0" branch="false"/>
            <line number="179" hits="0" branch="false"/>
            <line number="185" hits="0" branch="false"/>
            <line number="186" hits="0" branch="false"/>
            <line number="187" hits="0" branch="false"/>
            <line number="188" hits="0" branch="false"/>
            <line number="190" hits="0" branch="false"/>
            <line number="191" hits="0" branch="false"/>
            <line number="192" hits="0" branch="false"/>
            <line number="193" hits="0" branch="false"/>
            <line number="194" hits="0" branch="false"/>
            <line number="195" hits="0" branch="false"/>
            <line number="196" hits="0" branch="false"/>
            <line number="197" hits="0" branch="false"/>
            <line number="198" hits="0" branch="false"/>
            <line number="199" hits="0" branch="false"/>
            <line number="200" hits="0" branch="false"/>
            <line number="202" hits="0" branch="false"/>
            <line number="203" hits="0" branch="false"/>
            <line number="204" hits="0" branch="false"/>
            <line number="205" hits="0" branch="false"/>
            <line number="213" hits="0" branch="false"/>
            <line number="214" hits="0" branch="false"/>
            <line number="215" hits="0" branch="false"/>
            <line number="216" hits="0" branch="false"/>
            <line number="217" hits="0" branch="false"/>
            <line number="218" hits="0" branch="false"/>
            <line number="219" hits="0" branch="false"/>
            <line number="220" hits="0" branch="false"/>
            <line number="221" hits="0" branch="false"/>
            <line number="222" hits="0" branch="false"/>
            <line number="223" hits="0" branch="false"/>
            <line number="224" hits="0" branch="false"/>
            <line number="234" hits="1" branch="false"/>
            <line number="235" hits="0" branch="false"/>
            <line number="237" hits="0" branch="false"/>
            <line number="238" hits="0" branch="false"/>
            <line number="239" hits="0" branch="false"/>
            <line number="240" hits="0" branch="false"/>
            <line number="241" hits="0" branch="false"/>
            <line number="242" hits="0" branch="false"/>
            <line number="243" hits="0" branch="false"/>
            <line number="249" hits="1" branch="false"/>
            <line number="250" hits="0" branch="false"/>
            <line number="252" hits="0" branch="false"/>
            <line number="253" hits="0" branch="false"/>
            <line number="254" hits="0" branch="false"/>
            <line number="255" hits="0" branch="false"/>
            <line number="256" hits="0" branch="false"/>
            <line number="257" hits="0" branch="false"/>
          </lines>
        </class>
        <class name="usePaymentApi.ts" filename="src\hooks\usePaymentApi.ts" line-rate="0.0344" branch-rate="1">
          <methods>
            <method name="usePaymentList" hits="0" signature="()V">
              <lines>
                <line number="42" hits="0"/>
              </lines>
            </method>
            <method name="usePayment" hits="0" signature="()V">
              <lines>
                <line number="183" hits="0"/>
              </lines>
            </method>
            <method name="usePaymentsByStatus" hits="0" signature="()V">
              <lines>
                <line number="298" hits="0"/>
              </lines>
            </method>
            <method name="usePaymentStatistics" hits="0" signature="()V">
              <lines>
                <line number="337" hits="0"/>
              </lines>
            </method>
            <method name="usePaymentApi" hits="0" signature="()V">
              <lines>
                <line number="397" hits="0"/>
              </lines>
            </method>
          </methods>
          <lines>
            <line number="21" hits="1" branch="false"/>
            <line number="23" hits="1" branch="false"/>
            <line number="24" hits="1" branch="false"/>
            <line number="42" hits="1" branch="false"/>
            <line number="43" hits="0" branch="false"/>
            <line number="44" hits="0" branch="false"/>
            <line number="45" hits="0" branch="false"/>
            <line number="46" hits="0" branch="false"/>
            <line number="47" hits="0" branch="false"/>
            <line number="48" hits="0" branch="false"/>
            <line number="49" hits="0" branch="false"/>
            <line number="50" hits="0" branch="false"/>
            <line number="51" hits="0" branch="false"/>
            <line number="52" hits="0" branch="false"/>
            <line number="53" hits="0" branch="false"/>
            <line number="54" hits="0" branch="false"/>
            <line number="55" hits="0" branch="false"/>
            <line number="56" hits="0" branch="false"/>
            <line number="57" hits="0" branch="false"/>
            <line number="62" hits="0" branch="false"/>
            <line number="63" hits="0" branch="false"/>
            <line number="64" hits="0" branch="false"/>
            <line number="66" hits="0" branch="false"/>
            <line number="67" hits="0" branch="false"/>
            <line number="68" hits="0" branch="false"/>
            <line number="69" hits="0" branch="false"/>
            <line number="70" hits="0" branch="false"/>
            <line number="71" hits="0" branch="false"/>
            <line number="72" hits="0" branch="false"/>
            <line number="74" hits="0" branch="false"/>
            <line number="75" hits="0" branch="false"/>
            <line number="76" hits="0" branch="false"/>
            <line number="77" hits="0" branch="false"/>
            <line number="80" hits="0" branch="false"/>
            <line number="81" hits="0" branch="false"/>
            <line number="82" hits="0" branch="false"/>
            <line number="83" hits="0" branch="false"/>
            <line number="84" hits="0" branch="false"/>
            <line number="85" hits="0" branch="false"/>
            <line number="86" hits="0" branch="false"/>
            <line number="87" hits="0" branch="false"/>
            <line number="88" hits="0" branch="false"/>
            <line number="89" hits="0" branch="false"/>
            <line number="90" hits="0" branch="false"/>
            <line number="91" hits="0" branch="false"/>
            <line number="96" hits="0" branch="false"/>
            <line number="97" hits="0" branch="false"/>
            <line number="98" hits="0" branch="false"/>
            <line number="103" hits="0" branch="false"/>
            <line number="104" hits="0" branch="false"/>
            <line number="105" hits="0" branch="false"/>
            <line number="110" hits="0" branch="false"/>
            <line number="111" hits="0" branch="false"/>
            <line number="112" hits="0" branch="false"/>
            <line number="117" hits="0" branch="false"/>
            <line number="118" hits="0" branch="false"/>
            <line number="119" hits="0" branch="false"/>
            <line number="124" hits="0" branch="false"/>
            <line number="125" hits="0" branch="false"/>
            <line number="126" hits="0" branch="false"/>
            <line number="131" hits="0" branch="false"/>
            <line number="132" hits="0" branch="false"/>
            <line number="133" hits="0" branch="false"/>
            <line number="134" hits="0" branch="false"/>
            <line number="139" hits="0" branch="false"/>
            <line number="140" hits="0" branch="false"/>
            <line number="141" hits="0" branch="false"/>
            <line number="146" hits="0" branch="false"/>
            <line number="147" hits="0" branch="false"/>
            <line number="148" hits="0" branch="false"/>
            <line number="150" hits="0" branch="false"/>
            <line number="152" hits="0" branch="false"/>
            <line number="153" hits="0" branch="false"/>
            <line number="154" hits="0" branch="false"/>
            <line number="155" hits="0" branch="false"/>
            <line number="156" hits="0" branch="false"/>
            <line number="157" hits="0" branch="false"/>
            <line number="158" hits="0" branch="false"/>
            <line number="161" hits="0" branch="false"/>
            <line number="162" hits="0" branch="false"/>
            <line number="163" hits="0" branch="false"/>
            <line number="164" hits="0" branch="false"/>
            <line number="165" hits="0" branch="false"/>
            <line number="166" hits="0" branch="false"/>
            <line number="167" hits="0" branch="false"/>
            <line number="168" hits="0" branch="false"/>
            <line number="169" hits="0" branch="false"/>
            <line number="170" hits="0" branch="false"/>
            <line number="171" hits="0" branch="false"/>
            <line number="172" hits="0" branch="false"/>
            <line number="183" hits="1" branch="false"/>
            <line number="184" hits="0" branch="false"/>
            <line number="189" hits="0" branch="false"/>
            <line number="190" hits="0" branch="false"/>
            <line number="191" hits="0" branch="false"/>
            <line number="192" hits="0" branch="false"/>
            <line number="193" hits="0" branch="false"/>
            <line number="194" hits="0" branch="false"/>
            <line number="195" hits="0" branch="false"/>
            <line number="200" hits="0" branch="false"/>
[...]
            <line number="517" hits="0" branch="false"/>
            <line number="518" hits="0" branch="false"/>
            <line number="521" hits="0" branch="false"/>
            <line number="522" hits="0" branch="false"/>
            <line number="523" hits="0" branch="false"/>
            <line number="524" hits="0" branch="false"/>
            <line number="525" hits="0" branch="false"/>
            <line number="526" hits="0" branch="false"/>
            <line number="528" hits="0" branch="false"/>
            <line number="529" hits="0" branch="false"/>
            <line number="530" hits="0" branch="false"/>
            <line number="531" hits="0" branch="false"/>
            <line number="532" hits="0" branch="false"/>
            <line number="533" hits="0" branch="false"/>
            <line number="536" hits="0" branch="false"/>
            <line number="537" hits="0" branch="false"/>
            <line number="538" hits="0" branch="false"/>
            <line number="539" hits="0" branch="false"/>
            <line number="541" hits="0" branch="false"/>
            <line number="544" hits="0" branch="false"/>
            <line number="545" hits="0" branch="false"/>
            <line number="546" hits="0" branch="false"/>
            <line number="547" hits="0" branch="false"/>
            <line number="548" hits="0" branch="false"/>
            <line number="549" hits="0" branch="false"/>
            <line number="551" hits="0" branch="false"/>
            <line number="553" hits="0" branch="false"/>
            <line number="554" hits="0" branch="false"/>
            <line number="555" hits="0" branch="false"/>
            <line number="556" hits="0" branch="false"/>
            <line number="557" hits="0" branch="false"/>
            <line number="558" hits="0" branch="false"/>
            <line number="559" hits="0" branch="false"/>
            <line number="560" hits="0" branch="false"/>
            <line number="561" hits="0" branch="false"/>
            <line number="562" hits="0" branch="false"/>
            <line number="563" hits="1" branch="false"/>
            <line number="573" hits="1" branch="false"/>
          </lines>
        </class>
        <class name="userApiService.ts" filename="src\services\userApiService.ts" line-rate="0.3956" branch-rate="1">
          <methods>
            <method name="&lt;static_initializer&gt;" hits="1" signature="()V">
              <lines>
                <line number="160" hits="1"/>
              </lines>
            </method>
            <method name="UserApiService" hits="1" signature="()V">
              <lines>
                <line number="163" hits="1"/>
              </lines>
            </method>
            <method name="getInstance" hits="1" signature="()V">
              <lines>
                <line number="168" hits="1"/>
              </lines>
            </method>
            <method name="getAllUsers" hits="0" signature="()V">
              <lines>
                <line number="181" hits="0"/>
              </lines>
            </method>
            <method name="getUserById" hits="0" signature="()V">
              <lines>
                <line number="207" hits="0"/>
              </lines>
            </method>
            <method name="getUserByEmail" hits="0" signature="()V">
              <lines>
                <line number="227" hits="0"/>
              </lines>
            </method>
            <method name="getUsersByRole" hits="0" signature="()V">
              <lines>
                <line number="247" hits="0"/>
              </lines>
            </method>
            <method name="getUsersByStatus" hits="0" signature="()V">
              <lines>
                <line number="263" hits="0"/>
              </lines>
            </method>
            <method name="createUser" hits="0" signature="()V">
              <lines>
                <line number="279" hits="0"/>
              </lines>
            </method>
            <method name="updateUser" hits="0" signature="()V">
              <lines>
                <line number="307" hits="0"/>
              </lines>
            </method>
            <method name="updateUserStatus" hits="0" signature="()V">
              <lines>
                <line number="335" hits="0"/>
              </lines>
            </method>
            <method name="deleteUser" hits="0" signature="()V">
              <lines>
                <line number="345" hits="0"/>
              </lines>
            </method>
            <method name="checkEmailExists" hits="0" signature="()V">
              <lines>
                <line number="364" hits="0"/>
              </lines>
            </method>
            <method name="getMockUserList" hits="0" signature="()V">
              <lines>
                <line number="380" hits="0"/>
              </lines>
            </method>
          </methods>
          <lines>
            <line number="21" hits="1" branch="false"/>
            <line number="22" hits="1" branch="false"/>
            <line number="82" hits="1" branch="false"/>
            <line number="83" hits="1" branch="false"/>
            <line number="84" hits="1" branch="false"/>
            <line number="85" hits="1" branch="false"/>
            <line number="86" hits="1" branch="false"/>
            <line number="87" hits="1" branch="false"/>
            <line number="88" hits="1" branch="false"/>
            <line number="89" hits="1" branch="false"/>
            <line number="90" hits="1" branch="false"/>
            <line number="91" hits="1" branch="false"/>
            <line number="92" hits="1" branch="false"/>
            <line number="93" hits="1" branch="false"/>
            <line number="94" hits="1" branch="false"/>
            <line number="95" hits="1" branch="false"/>
            <line number="96" hits="1" branch="false"/>
            <line number="97" hits="1" branch="false"/>
            <line number="98" hits="1" branch="false"/>
            <line number="99" hits="1" branch="false"/>
            <line number="100" hits="1" branch="false"/>
            <line number="101" hits="1" branch="false"/>
            <line number="102" hits="1" branch="false"/>
            <line number="103" hits="1" branch="false"/>
            <line number="104" hits="1" branch="false"/>
            <line number="105" hits="1" branch="false"/>
            <line number="106" hits="1" branch="false"/>
            <line number="107" hits="1" branch="false"/>
            <line number="108" hits="1" branch="false"/>
            <line number="109" hits="1" branch="false"/>
            <line number="110" hits="1" branch="false"/>
            <line number="111" hits="1" branch="false"/>
            <line number="112" hits="1" branch="false"/>
            <line number="113" hits="1" branch="false"/>
            <line number="114" hits="1" branch="false"/>
            <line number="115" hits="1" branch="false"/>
            <line number="116" hits="1" branch="false"/>
            <line number="117" hits="1" branch="false"/>
            <line number="118" hits="1" branch="false"/>
            <line number="119" hits="1" branch="false"/>
            <line number="120" hits="1" branch="false"/>
            <line number="121" hits="1" branch="false"/>
            <line number="122" hits="1" branch="false"/>
            <line number="123" hits="1" branch="false"/>
            <line number="124" hits="1" branch="false"/>
            <line number="125" hits="1" branch="false"/>
            <line number="126" hits="1" branch="false"/>
            <line number="127" hits="1" branch="false"/>
            <line number="128" hits="1" branch="false"/>
            <line number="129" hits="1" branch="false"/>
            <line number="130" hits="1" branch="false"/>
            <line number="131" hits="1" branch="false"/>
            <line number="132" hits="1" branch="false"/>
            <line number="133" hits="1" branch="false"/>
            <line number="134" hits="1" branch="false"/>
            <line number="135" hits="1" branch="false"/>
            <line number="136" hits="1" branch="false"/>
            <line number="137" hits="1" branch="false"/>
            <line number="138" hits="1" branch="false"/>
            <line number="139" hits="1" branch="false"/>
            <line number="140" hits="1" branch="false"/>
            <line number="141" hits="1" branch="false"/>
            <line number="142" hits="1" branch="false"/>
            <line number="143" hits="1" branch="false"/>
            <line number="144" hits="1" branch="false"/>
            <line number="145" hits="1" branch="false"/>
            <line number="146" hits="1" branch="false"/>
            <line number="147" hits="1" branch="false"/>
            <line number="148" hits="1" branch="false"/>
            <line number="160" hits="1" branch="true" condition-coverage="100% (1/1)"/>
            <line number="161" hits="1" branch="false"/>
            <line number="163" hits="1" branch="true" condition-coverage="100% (1/1)"/>
            <line number="168" hits="1" branch="true" condition-coverage="100% (1/1)"/>
            <line number="169" hits="1" branch="false"/>
            <line number="170" hits="1" branch="false"/>
            <line number="171" hits="1" branch="false"/>
            <line number="172" hits="1" branch="false"/>
            <line number="173" hits="1" branch="false"/>
            <line number="181" hits="1" branch="false"/>
            <line number="182" hits="0" branch="false"/>
            <line number="183" hits="0" branch="false"/>
            <line number="185" hits="0" branch="false"/>
            <line number="186" hits="0" branch="false"/>
            <line number="187" hits="0" branch="false"/>
            <line number="188" hits="0" branch="false"/>
            <line number="189" hits="0" branch="false"/>
            <line number="191" hits="0" branch="false"/>
            <line number="192" hits="0" branch="false"/>
            <line number="194" hits="0" branch="false"/>
            <line number="195" hits="0" branch="false"/>
            <line number="196" hits="0" branch="false"/>
            <line number="197" hits="0" branch="false"/>
            <line number="198" hits="0" branch="false"/>
            <line number="199" hits="0" branch="false"/>
            <line number="207" hits="1" branch="false"/>
            <line number="208" hits="0" branch="false"/>
            <line number="209" hits="0" branch="false"/>
            <line number="210" hits="0" branch="false"/>
            <line number="211" hits="0" branch="false"/>
            <line number="212" hits="0" branch="false"/>
            <line number="213" hits="0" branch="false"/>
            <line number="214" hits="0" branch="false"/>
            <line number="215" hits="0" branch="false"/>
            <line number="216" hits="0" branch="false"/>
            <line number="217" hits="0" branch="false"/>
            <line number="218" hits="0" branch="false"/>
            <line number="219" hits="0" branch="false"/>
            <line number="227" hits="1" branch="false"/>
            <line number="228" hits="0" branch="false"/>
            <line number="229" hits="0" branch="false"/>
            <line number="230" hits="0" branch="false"/>
            <line number="231" hits="0" branch="false"/>
            <line number="232" hits="0" branch="false"/>
            <line number="233" hits="0" branch="false"/>
            <line number="234" hits="0" branch="false"/>
            <line number="235" hits="0" branch="false"/>
            <line number="236" hits="0" branch="false"/>
            <line number="237" hits="0" branch="false"/>
            <line number="238" hits="0" branch="false"/>
            <line number="239" hits="0" branch="false"/>
            <line number="247" hits="1" branch="false"/>
            <line number="248" hits="0" branch="false"/>
            <line number="249" hits="0" branch="false"/>
            <line number="250" hits="0" branch="false"/>
            <line number="251" hits="0" branch="false"/>
            <line number="252" hits="0" branch="false"/>
            <line number="253" hits="0" branch="false"/>
            <line number="254" hits="0" branch="false"/>
            <line number="255" hits="0" branch="false"/>
            <line number="263" hits="1" branch="false"/>
            <line number="264" hits="0" branch="false"/>
            <line number="265" hits="0" branch="false"/>
            <line number="266" hits="0" branch="false"/>
            <line number="267" hits="0" branch="false"/>
            <line number="268" hits="0" branch="false"/>
            <line number="269" hits="0" branch="false"/>
            <line number="270" hits="0" branch="false"/>
            <line number="271" hits="0" branch="false"/>
            <line number="279" hits="1" branch="false"/>
            <line number="280" hits="0" branch="false"/>
            <line number="281" hits="0" branch="false"/>
            <line number="282" hits="0" branch="false"/>
            <line number="283" hits="0" branch="false"/>
            <line number="284" hits="0" branch="false"/>
            <line number="286" hits="0" branch="false"/>
            <line number="287" hits="0" branch="false"/>
            <line number="288" hits="0" branch="false"/>
            <line number="289" hits="0" branch="false"/>
            <line number="290" hits="0" branch="false"/>
            <line number="291" hits="0" branch="false"/>
            <line number="292" hits="0" branch="false"/>
            <line number="293" hits="0" branch="false"/>
            <line number="294" hits="0" branch="false"/>
            <line number="295" hits="0" branch="false"/>
            <line number="296" hits="0" branch="false"/>
            <line number="297" hits="0" branch="false"/>
            <line number="298" hits="0" branch="false"/>
            <line number="307" hits="1" branch="false"/>
            <line number="308" hits="0" branch="false"/>
            <line number="309" hits="0" branch="false"/>
            <line number="310" hits="0" branch="false"/>
            <line number="311" hits="0" branch="false"/>
            <line number="312" hits="0" branch="false"/>
            <line number="313" hits="0" branch="false"/>
            <line number="314" hits="0" branch="false"/>
            <line number="315" hits="0" branch="false"/>
            <line number="316" hits="0" branch="false"/>
            <line number="318" hits="0" branch="false"/>
            <line number="319" hits="0" branch="false"/>
            <line number="320" hits="0" branch="false"/>
            <line number="321" hits="0" branch="false"/>
            <line number="322" hits="0" branch="false"/>
            <line number="324" hits="0" branch="false"/>
            <line number="325" hits="0" branch="false"/>
            <line number="326" hits="0" branch="false"/>
            <line number="335" hits="1" branch="false"/>
            <line number="336" hits="0" branch="false"/>
            <line number="337" hits="0" branch="false"/>
            <line number="345" hits="1" branch="false"/>
            <line number="346" hits="0" branch="false"/>
            <line number="347" hits="0" branch="false"/>
            <line number="348" hits="0" branch="false"/>
            <line number="349" hits="0" branch="false"/>
            <line number="350" hits="0" branch="false"/>
            <line number="351" hits="0" branch="false"/>
            <line number="352" hits="0" branch="false"/>
            <line number="353" hits="0" branch="false"/>
            <line number="354" hits="0" branch="false"/>
            <line number="355" hits="0" branch="false"/>
            <line number="356" hits="0" branch="false"/>
            <line number="364" hits="1" branch="false"/>
            <line number="365" hits="0" branch="false"/>
            <line number="366" hits="0" branch="false"/>
            <line number="367" hits="0" branch="false"/>
            <line number="368" hits="0" branch="false"/>
            <line number="369" hits="0" branch="false"/>
            <line number="370" hits="0" branch="false"/>
            <line number="371" hits="0" branch="false"/>
            <line number="372" hits="0" branch="false"/>
            <line number="380" hits="1" branch="false"/>
            <line number="381" hits="0" branch="false"/>
            <line number="384" hits="0" branch="false"/>
            <line number="385" hits="0" branch="false"/>
            <line number="386" hits="0" branch="false"/>
            <line number="388" hits="0" branch="false"/>
            <line number="389" hits="0" branch="false"/>
            <line number="390" hits="0" branch="false"/>
            <line number="392" hits="0" branch="false"/>
            <line number="393" hits="0" branch="false"/>
            <line number="394" hits="0" branch="false"/>
            <line number="395" hits="0" branch="false"/>
            <line number="396" hits="0" branch="false"/>
            <line number="397" hits="0" branch="false"/>
            <line number="398" hits="0" branch="false"/>
            <line number="399" hits="0" branch="false"/>
            <line number="402" hits="0" branch="false"/>
            <line number="403" hits="0" branch="false"/>
            <line number="404" hits="0" branch="false"/>
            <line number="405" hits="0" branch="false"/>
            <line number="407" hits="0" branch="false"/>
            <line number="409" hits="0" branch="false"/>
            <line number="410" hits="0" branch="false"/>
            <line number="411" hits="0" branch="false"/>
            <line number="412" hits="0" branch="false"/>
            <line number="413" hits="0" branch="false"/>
            <line number="414" hits="0" branch="false"/>
            <line number="415" hits="0" branch="false"/>
            <line number="416" hits="0" branch="false"/>
            <line number="417" hits="1" branch="false"/>
            <line number="427" hits="1" branch="false"/>
          </lines>
        </class>
      </classes>
    </package>
    <package name="types" line-rate="1" branch-rate="1">
      <classes>
        <class name="payment.ts" filename="src\types\payment.ts" line-rate="1" branch-rate="1">
          <methods>
          </methods>
          <lines>
            <line number="16" hits="1" branch="true" condition-coverage="100% (1/1)"/>
            <line number="17" hits="1" branch="false"/>
            <line number="18" hits="1" branch="false"/>
            <line number="19" hits="1" branch="false"/>
            <line number="20" hits="1" branch="false"/>
            <line number="21" hits="1" branch="false"/>
            <line number="24" hits="1" branch="true" condition-coverage="100% (1/1)"/>
            <line number="25" hits="1" branch="false"/>
            <line number="26" hits="1" branch="false"/>
            <line number="27" hits="1" branch="false"/>
            <line number="28" hits="1" branch="false"/>
            <line number="29" hits="1" branch="false"/>
            <line number="30" hits="1" branch="false"/>
          </lines>
        </class>
        <class name="user.ts" filename="src\types\user.ts" line-rate="1" branch-rate="1">
          <methods>
          </methods>
          <lines>
            <line number="16" hits="1" branch="true" condition-coverage="100% (1/1)"/>
            <line number="17" hits="1" branch="false"/>
            <line number="18" hits="1" branch="false"/>
            <line number="19" hits="1" branch="false"/>
            <line number="22" hits="1" branch="true" condition-coverage="100% (1/1)"/>
            <line number="23" hits="1" branch="false"/>
            <line number="24" hits="1" branch="false"/>
            <line number="25" hits="1" branch="false"/>
          </lines>
        </class>
      </classes>
    </package>
  </packages>
</coverage>
