{"D:\\UTS\\2025-02\\Advanced Software development\\Assignment\\Projects\\le-restaurant\\frontend\\src\\components\\organisms\\PaymentManagementPanel.tsx": {"path":"D:\\UTS\\2025-02\\Advanced Software development\\Assignment\\Projects\\le-restaurant\\frontend\\src\\components\\organisms\\PaymentManagementPanel.tsx","all":false,"statementMap":{"0":{"start":{"line":1,"column":0},"end":{"line":1,"column":51}},"1":{"start":{"line":2,"column":0},"end":{"line":2,"column":9}},"13":{"start":{"line":14,"column":0},"end":{"line":14,"column":76}},"14":{"start":{"line":15,"column":0},"end":{"line":15,"column":58}},"21":{"start":{"line":22,"column":0},"end":{"line":22,"column":96}},"22":{"start":{"line":23,"column":0},"end":{"line":23,"column":74}},"23":{"start":{"line":24,"column":0},"end":{"line":24,"column":51}},"24":{"start":{"line":25,"column":0},"end":{"line":25,"column":81}},"25":{"start":{"line":26,"column":0},"end":{"line":26,"column":81}},"28":{"start":{"line":29,"column":0},"end":{"line":29,"column":9}},"29":{"start":{"line":30,"column":0},"end":{"line":30,"column":13}},"30":{"start":{"line":31,"column":0},"end":{"line":31,"column":23}},"31":{"start":{"line":32,"column":0},"end":{"line":32,"column":10}},"32":{"start":{"line":33,"column":0},"end":{"line":33,"column":23}},"33":{"start":{"line":34,"column":0},"end":{"line":34,"column":17}},"34":{"start":{"line":35,"column":0},"end":{"line":35,"column":23}},"35":{"start":{"line":36,"column":0},"end":{"line":36,"column":22}},"38":{"start":{"line":39,"column":0},"end":{"line":39,"column":19}},"39":{"start":{"line":40,"column":0},"end":{"line":40,"column":17}},"40":{"start":{"line":41,"column":0},"end":{"line":41,"column":21}},"41":{"start":{"line":42,"column":0},"end":{"line":42,"column":5}},"42":{"start":{"line":43,"column":0},"end":{"line":43,"column":29}},"44":{"start":{"line":45,"column":0},"end":{"line":45,"column":19}},"45":{"start":{"line":46,"column":0},"end":{"line":46,"column":28}},"48":{"start":{"line":49,"column":0},"end":{"line":49,"column":21}},"49":{"start":{"line":50,"column":0},"end":{"line":50,"column":43}},"50":{"start":{"line":51,"column":0},"end":{"line":51,"column":80}},"51":{"start":{"line":52,"column":0},"end":{"line":52,"column":81}},"52":{"start":{"line":53,"column":0},"end":{"line":53,"column":82}},"53":{"start":{"line":54,"column":0},"end":{"line":54,"column":55}},"54":{"start":{"line":55,"column":0},"end":{"line":55,"column":8}},"55":{"start":{"line":56,"column":0},"end":{"line":56,"column":5}},"58":{"start":{"line":59,"column":0},"end":{"line":59,"column":33}},"59":{"start":{"line":60,"column":0},"end":{"line":60,"column":77}},"60":{"start":{"line":61,"column":0},"end":{"line":61,"column":5}},"63":{"start":{"line":64,"column":0},"end":{"line":64,"column":33}},"64":{"start":{"line":65,"column":0},"end":{"line":65,"column":77}},"65":{"start":{"line":66,"column":0},"end":{"line":66,"column":5}},"67":{"start":{"line":68,"column":0},"end":{"line":68,"column":34}},"68":{"start":{"line":69,"column":0},"end":{"line":69,"column":57}},"70":{"start":{"line":71,"column":0},"end":{"line":71,"column":85}},"71":{"start":{"line":72,"column":0},"end":{"line":72,"column":9}},"72":{"start":{"line":73,"column":0},"end":{"line":73,"column":54}},"73":{"start":{"line":74,"column":0},"end":{"line":74,"column":21}},"74":{"start":{"line":75,"column":0},"end":{"line":75,"column":63}},"75":{"start":{"line":76,"column":0},"end":{"line":76,"column":5}},"76":{"start":{"line":77,"column":0},"end":{"line":77,"column":4}},"78":{"start":{"line":79,"column":0},"end":{"line":79,"column":53}},"79":{"start":{"line":80,"column":0},"end":{"line":80,"column":88}},"81":{"start":{"line":82,"column":0},"end":{"line":82,"column":9}},"84":{"start":{"line":85,"column":0},"end":{"line":85,"column":66}},"85":{"start":{"line":86,"column":0},"end":{"line":86,"column":21}},"86":{"start":{"line":87,"column":0},"end":{"line":87,"column":56}},"87":{"start":{"line":88,"column":0},"end":{"line":88,"column":5}},"88":{"start":{"line":89,"column":0},"end":{"line":89,"column":4}},"90":{"start":{"line":91,"column":0},"end":{"line":91,"column":52}},"91":{"start":{"line":92,"column":0},"end":{"line":92,"column":21}},"92":{"start":{"line":93,"column":0},"end":{"line":93,"column":35}},"93":{"start":{"line":94,"column":0},"end":{"line":94,"column":66}},"94":{"start":{"line":95,"column":0},"end":{"line":95,"column":36}},"95":{"start":{"line":96,"column":0},"end":{"line":96,"column":59}},"96":{"start":{"line":97,"column":0},"end":{"line":97,"column":33}},"97":{"start":{"line":98,"column":0},"end":{"line":98,"column":67}},"98":{"start":{"line":99,"column":0},"end":{"line":99,"column":32}},"99":{"start":{"line":100,"column":0},"end":{"line":100,"column":60}},"100":{"start":{"line":101,"column":0},"end":{"line":101,"column":34}},"101":{"start":{"line":102,"column":0},"end":{"line":102,"column":66}},"102":{"start":{"line":103,"column":0},"end":{"line":103,"column":35}},"103":{"start":{"line":104,"column":0},"end":{"line":104,"column":61}},"104":{"start":{"line":105,"column":0},"end":{"line":105,"column":14}},"105":{"start":{"line":106,"column":0},"end":{"line":106,"column":65}},"106":{"start":{"line":107,"column":0},"end":{"line":107,"column":5}},"107":{"start":{"line":108,"column":0},"end":{"line":108,"column":4}},"109":{"start":{"line":110,"column":0},"end":{"line":110,"column":53}},"110":{"start":{"line":111,"column":0},"end":{"line":111,"column":69}},"111":{"start":{"line":112,"column":0},"end":{"line":112,"column":21}},"112":{"start":{"line":113,"column":0},"end":{"line":113,"column":35}},"113":{"start":{"line":114,"column":0},"end":{"line":114,"column":60}},"114":{"start":{"line":115,"column":0},"end":{"line":115,"column":36}},"115":{"start":{"line":116,"column":0},"end":{"line":116,"column":58}},"116":{"start":{"line":117,"column":0},"end":{"line":117,"column":33}},"117":{"start":{"line":118,"column":0},"end":{"line":118,"column":62}},"118":{"start":{"line":119,"column":0},"end":{"line":119,"column":32}},"119":{"start":{"line":120,"column":0},"end":{"line":120,"column":56}},"120":{"start":{"line":121,"column":0},"end":{"line":121,"column":34}},"121":{"start":{"line":122,"column":0},"end":{"line":122,"column":62}},"122":{"start":{"line":123,"column":0},"end":{"line":123,"column":35}},"123":{"start":{"line":124,"column":0},"end":{"line":124,"column":58}},"124":{"start":{"line":125,"column":0},"end":{"line":125,"column":14}},"125":{"start":{"line":126,"column":0},"end":{"line":126,"column":58}},"126":{"start":{"line":127,"column":0},"end":{"line":127,"column":5}},"127":{"start":{"line":128,"column":0},"end":{"line":128,"column":4}},"129":{"start":{"line":130,"column":0},"end":{"line":130,"column":52}},"130":{"start":{"line":131,"column":0},"end":{"line":131,"column":21}},"131":{"start":{"line":132,"column":0},"end":{"line":132,"column":37}},"132":{"start":{"line":133,"column":0},"end":{"line":133,"column":36}},"133":{"start":{"line":134,"column":0},"end":{"line":134,"column":64}},"134":{"start":{"line":135,"column":0},"end":{"line":135,"column":30}},"135":{"start":{"line":136,"column":0},"end":{"line":136,"column":65}},"136":{"start":{"line":137,"column":0},"end":{"line":137,"column":39}},"137":{"start":{"line":138,"column":0},"end":{"line":138,"column":66}},"138":{"start":{"line":139,"column":0},"end":{"line":139,"column":40}},"139":{"start":{"line":140,"column":0},"end":{"line":140,"column":66}},"140":{"start":{"line":141,"column":0},"end":{"line":141,"column":14}},"141":{"start":{"line":142,"column":0},"end":{"line":142,"column":64}},"142":{"start":{"line":143,"column":0},"end":{"line":143,"column":5}},"143":{"start":{"line":144,"column":0},"end":{"line":144,"column":4}},"145":{"start":{"line":146,"column":0},"end":{"line":146,"column":64}},"146":{"start":{"line":147,"column":0},"end":{"line":147,"column":43}},"147":{"start":{"line":148,"column":0},"end":{"line":148,"column":24}},"148":{"start":{"line":149,"column":0},"end":{"line":149,"column":24}},"149":{"start":{"line":150,"column":0},"end":{"line":150,"column":22}},"150":{"start":{"line":151,"column":0},"end":{"line":151,"column":4}},"152":{"start":{"line":153,"column":0},"end":{"line":153,"column":46}},"153":{"start":{"line":154,"column":0},"end":{"line":154,"column":61}},"154":{"start":{"line":155,"column":0},"end":{"line":155,"column":22}},"155":{"start":{"line":156,"column":0},"end":{"line":156,"column":21}},"156":{"start":{"line":157,"column":0},"end":{"line":157,"column":21}},"157":{"start":{"line":158,"column":0},"end":{"line":158,"column":22}},"158":{"start":{"line":159,"column":0},"end":{"line":159,"column":23}},"159":{"start":{"line":160,"column":0},"end":{"line":160,"column":7}},"160":{"start":{"line":161,"column":0},"end":{"line":161,"column":4}},"162":{"start":{"line":163,"column":0},"end":{"line":163,"column":31}},"163":{"start":{"line":164,"column":0},"end":{"line":164,"column":77}},"164":{"start":{"line":165,"column":0},"end":{"line":165,"column":30}},"165":{"start":{"line":166,"column":0},"end":{"line":166,"column":56}},"166":{"start":{"line":167,"column":0},"end":{"line":167,"column":57}},"167":{"start":{"line":168,"column":0},"end":{"line":168,"column":28}},"168":{"start":{"line":169,"column":0},"end":{"line":169,"column":54}},"169":{"start":{"line":170,"column":0},"end":{"line":170,"column":57}},"171":{"start":{"line":172,"column":0},"end":{"line":172,"column":41}},"172":{"start":{"line":173,"column":0},"end":{"line":173,"column":4}},"174":{"start":{"line":175,"column":0},"end":{"line":175,"column":32}},"176":{"start":{"line":177,"column":0},"end":{"line":177,"column":27}},"178":{"start":{"line":179,"column":0},"end":{"line":179,"column":10}},"179":{"start":{"line":180,"column":0},"end":{"line":180,"column":96}},"180":{"start":{"line":181,"column":0},"end":{"line":181,"column":105}},"182":{"start":{"line":183,"column":0},"end":{"line":183,"column":91}},"183":{"start":{"line":184,"column":0},"end":{"line":184,"column":55}},"184":{"start":{"line":185,"column":0},"end":{"line":185,"column":63}},"185":{"start":{"line":186,"column":0},"end":{"line":186,"column":90}},"186":{"start":{"line":187,"column":0},"end":{"line":187,"column":16}},"187":{"start":{"line":188,"column":0},"end":{"line":188,"column":17}},"188":{"start":{"line":189,"column":0},"end":{"line":189,"column":29}},"189":{"start":{"line":190,"column":0},"end":{"line":190,"column":77}},"191":{"start":{"line":192,"column":0},"end":{"line":192,"column":55}},"192":{"start":{"line":193,"column":0},"end":{"line":193,"column":19}},"193":{"start":{"line":194,"column":0},"end":{"line":194,"column":14}},"196":{"start":{"line":197,"column":0},"end":{"line":197,"column":32}},"197":{"start":{"line":198,"column":0},"end":{"line":198,"column":70}},"198":{"start":{"line":199,"column":0},"end":{"line":199,"column":62}},"199":{"start":{"line":200,"column":0},"end":{"line":200,"column":54}},"200":{"start":{"line":201,"column":0},"end":{"line":201,"column":78}},"201":{"start":{"line":202,"column":0},"end":{"line":202,"column":18}},"202":{"start":{"line":203,"column":0},"end":{"line":203,"column":16}},"205":{"start":{"line":206,"column":0},"end":{"line":206,"column":19}},"206":{"start":{"line":207,"column":0},"end":{"line":207,"column":72}},"207":{"start":{"line":208,"column":0},"end":{"line":208,"column":63}},"208":{"start":{"line":209,"column":0},"end":{"line":209,"column":54}},"209":{"start":{"line":210,"column":0},"end":{"line":210,"column":78}},"210":{"start":{"line":211,"column":0},"end":{"line":211,"column":18}},"211":{"start":{"line":212,"column":0},"end":{"line":212,"column":16}},"215":{"start":{"line":216,"column":0},"end":{"line":216,"column":57}},"216":{"start":{"line":217,"column":0},"end":{"line":217,"column":65}},"217":{"start":{"line":218,"column":0},"end":{"line":218,"column":56}},"218":{"start":{"line":219,"column":0},"end":{"line":219,"column":65}},"219":{"start":{"line":220,"column":0},"end":{"line":220,"column":21}},"220":{"start":{"line":221,"column":0},"end":{"line":221,"column":85}},"221":{"start":{"line":222,"column":0},"end":{"line":222,"column":67}},"222":{"start":{"line":223,"column":0},"end":{"line":223,"column":56}},"223":{"start":{"line":224,"column":0},"end":{"line":224,"column":22}},"224":{"start":{"line":225,"column":0},"end":{"line":225,"column":22}},"225":{"start":{"line":226,"column":0},"end":{"line":226,"column":65}},"226":{"start":{"line":227,"column":0},"end":{"line":227,"column":20}},"227":{"start":{"line":228,"column":0},"end":{"line":228,"column":18}},"229":{"start":{"line":230,"column":0},"end":{"line":230,"column":55}},"230":{"start":{"line":231,"column":0},"end":{"line":231,"column":65}},"231":{"start":{"line":232,"column":0},"end":{"line":232,"column":21}},"232":{"start":{"line":233,"column":0},"end":{"line":233,"column":80}},"233":{"start":{"line":234,"column":0},"end":{"line":234,"column":66}},"234":{"start":{"line":235,"column":0},"end":{"line":235,"column":60}},"235":{"start":{"line":236,"column":0},"end":{"line":236,"column":22}},"236":{"start":{"line":237,"column":0},"end":{"line":237,"column":22}},"237":{"start":{"line":238,"column":0},"end":{"line":238,"column":65}},"238":{"start":{"line":239,"column":0},"end":{"line":239,"column":20}},"239":{"start":{"line":240,"column":0},"end":{"line":240,"column":18}},"241":{"start":{"line":242,"column":0},"end":{"line":242,"column":57}},"242":{"start":{"line":243,"column":0},"end":{"line":243,"column":65}},"243":{"start":{"line":244,"column":0},"end":{"line":244,"column":21}},"244":{"start":{"line":245,"column":0},"end":{"line":245,"column":80}},"245":{"start":{"line":246,"column":0},"end":{"line":246,"column":68}},"246":{"start":{"line":247,"column":0},"end":{"line":247,"column":58}},"247":{"start":{"line":248,"column":0},"end":{"line":248,"column":22}},"248":{"start":{"line":249,"column":0},"end":{"line":249,"column":22}},"249":{"start":{"line":250,"column":0},"end":{"line":250,"column":61}},"250":{"start":{"line":251,"column":0},"end":{"line":251,"column":20}},"251":{"start":{"line":252,"column":0},"end":{"line":252,"column":18}},"252":{"start":{"line":253,"column":0},"end":{"line":253,"column":16}},"253":{"start":{"line":254,"column":0},"end":{"line":254,"column":14}},"256":{"start":{"line":257,"column":0},"end":{"line":257,"column":57}},"257":{"start":{"line":258,"column":0},"end":{"line":258,"column":59}},"259":{"start":{"line":260,"column":0},"end":{"line":260,"column":36}},"260":{"start":{"line":261,"column":0},"end":{"line":261,"column":40}},"261":{"start":{"line":262,"column":0},"end":{"line":262,"column":114}},"262":{"start":{"line":263,"column":0},"end":{"line":263,"column":22}},"263":{"start":{"line":264,"column":0},"end":{"line":264,"column":29}},"264":{"start":{"line":265,"column":0},"end":{"line":265,"column":50}},"265":{"start":{"line":266,"column":0},"end":{"line":266,"column":36}},"266":{"start":{"line":267,"column":0},"end":{"line":267,"column":65}},"267":{"start":{"line":268,"column":0},"end":{"line":268,"column":46}},"268":{"start":{"line":269,"column":0},"end":{"line":269,"column":18}},"269":{"start":{"line":270,"column":0},"end":{"line":270,"column":20}},"270":{"start":{"line":271,"column":0},"end":{"line":271,"column":18}},"273":{"start":{"line":274,"column":0},"end":{"line":274,"column":40}},"274":{"start":{"line":275,"column":0},"end":{"line":275,"column":21}},"275":{"start":{"line":276,"column":0},"end":{"line":276,"column":36}},"276":{"start":{"line":277,"column":0},"end":{"line":277,"column":90}},"277":{"start":{"line":278,"column":0},"end":{"line":278,"column":38}},"278":{"start":{"line":279,"column":0},"end":{"line":279,"column":53}},"279":{"start":{"line":280,"column":0},"end":{"line":280,"column":48}},"281":{"start":{"line":282,"column":0},"end":{"line":282,"column":55}},"282":{"start":{"line":283,"column":0},"end":{"line":283,"column":74}},"283":{"start":{"line":284,"column":0},"end":{"line":284,"column":76}},"284":{"start":{"line":285,"column":0},"end":{"line":285,"column":70}},"285":{"start":{"line":286,"column":0},"end":{"line":286,"column":68}},"286":{"start":{"line":287,"column":0},"end":{"line":287,"column":72}},"287":{"start":{"line":288,"column":0},"end":{"line":288,"column":74}},"288":{"start":{"line":289,"column":0},"end":{"line":289,"column":23}},"290":{"start":{"line":291,"column":0},"end":{"line":291,"column":21}},"291":{"start":{"line":292,"column":0},"end":{"line":292,"column":36}},"292":{"start":{"line":293,"column":0},"end":{"line":293,"column":90}},"293":{"start":{"line":294,"column":0},"end":{"line":294,"column":38}},"294":{"start":{"line":295,"column":0},"end":{"line":295,"column":53}},"295":{"start":{"line":296,"column":0},"end":{"line":296,"column":48}},"297":{"start":{"line":298,"column":0},"end":{"line":298,"column":56}},"298":{"start":{"line":299,"column":0},"end":{"line":299,"column":78}},"299":{"start":{"line":300,"column":0},"end":{"line":300,"column":76}},"300":{"start":{"line":301,"column":0},"end":{"line":301,"column":64}},"301":{"start":{"line":302,"column":0},"end":{"line":302,"column":82}},"302":{"start":{"line":303,"column":0},"end":{"line":303,"column":84}},"303":{"start":{"line":304,"column":0},"end":{"line":304,"column":23}},"304":{"start":{"line":305,"column":0},"end":{"line":305,"column":18}},"305":{"start":{"line":306,"column":0},"end":{"line":306,"column":16}},"306":{"start":{"line":307,"column":0},"end":{"line":307,"column":14}},"309":{"start":{"line":310,"column":0},"end":{"line":310,"column":50}},"310":{"start":{"line":311,"column":0},"end":{"line":311,"column":24}},"311":{"start":{"line":312,"column":0},"end":{"line":312,"column":68}},"312":{"start":{"line":313,"column":0},"end":{"line":313,"column":41}},"313":{"start":{"line":314,"column":0},"end":{"line":314,"column":18}},"315":{"start":{"line":316,"column":0},"end":{"line":316,"column":38}},"316":{"start":{"line":317,"column":0},"end":{"line":317,"column":47}},"317":{"start":{"line":318,"column":0},"end":{"line":318,"column":20}},"318":{"start":{"line":319,"column":0},"end":{"line":319,"column":116}},"320":{"start":{"line":321,"column":0},"end":{"line":321,"column":23}},"321":{"start":{"line":322,"column":0},"end":{"line":322,"column":116}},"323":{"start":{"line":324,"column":0},"end":{"line":324,"column":23}},"324":{"start":{"line":325,"column":0},"end":{"line":325,"column":116}},"326":{"start":{"line":327,"column":0},"end":{"line":327,"column":23}},"327":{"start":{"line":328,"column":0},"end":{"line":328,"column":116}},"329":{"start":{"line":330,"column":0},"end":{"line":330,"column":23}},"330":{"start":{"line":331,"column":0},"end":{"line":331,"column":116}},"332":{"start":{"line":333,"column":0},"end":{"line":333,"column":23}},"333":{"start":{"line":334,"column":0},"end":{"line":334,"column":117}},"335":{"start":{"line":336,"column":0},"end":{"line":336,"column":23}},"336":{"start":{"line":337,"column":0},"end":{"line":337,"column":21}},"337":{"start":{"line":338,"column":0},"end":{"line":338,"column":22}},"338":{"start":{"line":339,"column":0},"end":{"line":339,"column":70}},"339":{"start":{"line":340,"column":0},"end":{"line":340,"column":52}},"340":{"start":{"line":341,"column":0},"end":{"line":341,"column":71}},"341":{"start":{"line":342,"column":0},"end":{"line":342,"column":64}},"342":{"start":{"line":343,"column":0},"end":{"line":343,"column":27}},"343":{"start":{"line":344,"column":0},"end":{"line":344,"column":78}},"344":{"start":{"line":345,"column":0},"end":{"line":345,"column":50}},"345":{"start":{"line":346,"column":0},"end":{"line":346,"column":30}},"346":{"start":{"line":347,"column":0},"end":{"line":347,"column":84}},"347":{"start":{"line":348,"column":0},"end":{"line":348,"column":59}},"348":{"start":{"line":349,"column":0},"end":{"line":349,"column":48}},"349":{"start":{"line":350,"column":0},"end":{"line":350,"column":30}},"350":{"start":{"line":351,"column":0},"end":{"line":351,"column":66}},"351":{"start":{"line":352,"column":0},"end":{"line":352,"column":49}},"352":{"start":{"line":353,"column":0},"end":{"line":353,"column":30}},"353":{"start":{"line":354,"column":0},"end":{"line":354,"column":51}},"354":{"start":{"line":355,"column":0},"end":{"line":355,"column":68}},"355":{"start":{"line":356,"column":0},"end":{"line":356,"column":51}},"356":{"start":{"line":357,"column":0},"end":{"line":357,"column":32}},"358":{"start":{"line":359,"column":0},"end":{"line":359,"column":28}},"359":{"start":{"line":360,"column":0},"end":{"line":360,"column":25}},"360":{"start":{"line":361,"column":0},"end":{"line":361,"column":64}},"361":{"start":{"line":362,"column":0},"end":{"line":362,"column":76}},"362":{"start":{"line":363,"column":0},"end":{"line":363,"column":74}},"363":{"start":{"line":364,"column":0},"end":{"line":364,"column":28}},"364":{"start":{"line":365,"column":0},"end":{"line":365,"column":25}},"365":{"start":{"line":366,"column":0},"end":{"line":366,"column":64}},"366":{"start":{"line":367,"column":0},"end":{"line":367,"column":67}},"367":{"start":{"line":368,"column":0},"end":{"line":368,"column":55}},"368":{"start":{"line":369,"column":0},"end":{"line":369,"column":78}},"369":{"start":{"line":370,"column":0},"end":{"line":370,"column":60}},"370":{"start":{"line":371,"column":0},"end":{"line":371,"column":31}},"371":{"start":{"line":372,"column":0},"end":{"line":372,"column":28}},"372":{"start":{"line":373,"column":0},"end":{"line":373,"column":25}},"373":{"start":{"line":374,"column":0},"end":{"line":374,"column":64}},"374":{"start":{"line":375,"column":0},"end":{"line":375,"column":67}},"375":{"start":{"line":376,"column":0},"end":{"line":376,"column":55}},"376":{"start":{"line":377,"column":0},"end":{"line":377,"column":73}},"377":{"start":{"line":378,"column":0},"end":{"line":378,"column":42}},"378":{"start":{"line":379,"column":0},"end":{"line":379,"column":31}},"379":{"start":{"line":380,"column":0},"end":{"line":380,"column":28}},"380":{"start":{"line":381,"column":0},"end":{"line":381,"column":25}},"381":{"start":{"line":382,"column":0},"end":{"line":382,"column":89}},"382":{"start":{"line":383,"column":0},"end":{"line":383,"column":53}},"383":{"start":{"line":384,"column":0},"end":{"line":384,"column":25}},"384":{"start":{"line":385,"column":0},"end":{"line":385,"column":95}},"385":{"start":{"line":386,"column":0},"end":{"line":386,"column":79}},"386":{"start":{"line":387,"column":0},"end":{"line":387,"column":31}},"387":{"start":{"line":388,"column":0},"end":{"line":388,"column":42}},"389":{"start":{"line":390,"column":0},"end":{"line":390,"column":74}},"390":{"start":{"line":391,"column":0},"end":{"line":391,"column":28}},"391":{"start":{"line":392,"column":0},"end":{"line":392,"column":81}},"392":{"start":{"line":393,"column":0},"end":{"line":393,"column":54}},"393":{"start":{"line":394,"column":0},"end":{"line":394,"column":59}},"395":{"start":{"line":396,"column":0},"end":{"line":396,"column":53}},"396":{"start":{"line":397,"column":0},"end":{"line":397,"column":33}},"398":{"start":{"line":399,"column":0},"end":{"line":399,"column":72}},"399":{"start":{"line":400,"column":0},"end":{"line":400,"column":33}},"400":{"start":{"line":401,"column":0},"end":{"line":401,"column":68}},"401":{"start":{"line":402,"column":0},"end":{"line":402,"column":81}},"402":{"start":{"line":403,"column":0},"end":{"line":403,"column":50}},"403":{"start":{"line":404,"column":0},"end":{"line":404,"column":55}},"405":{"start":{"line":406,"column":0},"end":{"line":406,"column":62}},"406":{"start":{"line":407,"column":0},"end":{"line":407,"column":35}},"408":{"start":{"line":409,"column":0},"end":{"line":409,"column":28}},"409":{"start":{"line":410,"column":0},"end":{"line":410,"column":25}},"410":{"start":{"line":411,"column":0},"end":{"line":411,"column":23}},"411":{"start":{"line":412,"column":0},"end":{"line":412,"column":19}},"412":{"start":{"line":413,"column":0},"end":{"line":413,"column":22}},"413":{"start":{"line":414,"column":0},"end":{"line":414,"column":20}},"415":{"start":{"line":416,"column":0},"end":{"line":416,"column":14}},"418":{"start":{"line":419,"column":0},"end":{"line":419,"column":77}},"419":{"start":{"line":420,"column":0},"end":{"line":420,"column":61}},"420":{"start":{"line":421,"column":0},"end":{"line":421,"column":52}},"421":{"start":{"line":422,"column":0},"end":{"line":422,"column":77}},"422":{"start":{"line":423,"column":0},"end":{"line":423,"column":16}},"423":{"start":{"line":424,"column":0},"end":{"line":424,"column":44}},"424":{"start":{"line":425,"column":0},"end":{"line":425,"column":21}},"425":{"start":{"line":426,"column":0},"end":{"line":426,"column":33}},"426":{"start":{"line":427,"column":0},"end":{"line":427,"column":45}},"427":{"start":{"line":428,"column":0},"end":{"line":428,"column":15}},"429":{"start":{"line":430,"column":0},"end":{"line":430,"column":23}},"430":{"start":{"line":431,"column":0},"end":{"line":431,"column":18}},"431":{"start":{"line":432,"column":0},"end":{"line":432,"column":16}},"432":{"start":{"line":433,"column":0},"end":{"line":433,"column":14}},"433":{"start":{"line":434,"column":0},"end":{"line":434,"column":12}},"434":{"start":{"line":435,"column":0},"end":{"line":435,"column":10}},"436":{"start":{"line":437,"column":0},"end":{"line":437,"column":2}},"438":{"start":{"line":439,"column":0},"end":{"line":439,"column":38}}},"s":{"0":1,"1":1,"13":1,"14":1,"21":1,"22":94,"23":94,"24":94,"25":94,"28":94,"29":94,"30":94,"31":94,"32":94,"33":94,"34":94,"35":94,"38":94,"39":29,"40":28,"41":28,"42":94,"44":94,"45":47,"48":47,"49":15,"50":45,"51":26,"52":26,"53":8,"54":15,"55":15,"58":47,"59":6,"60":6,"63":47,"64":1,"65":1,"67":47,"68":94,"70":94,"71":1,"72":1,"73":1,"74":0,"75":0,"76":1,"78":94,"79":2,"81":1,"84":1,"85":2,"86":0,"87":0,"88":2,"90":94,"91":150,"92":150,"93":60,"94":150,"95":0,"96":150,"97":43,"98":150,"99":47,"100":150,"101":0,"102":150,"103":0,"104":150,"105":0,"106":150,"107":150,"109":94,"110":150,"111":150,"112":150,"113":60,"114":150,"115":0,"116":150,"117":43,"118":150,"119":47,"120":150,"121":0,"122":150,"123":0,"124":150,"125":0,"126":150,"127":150,"129":94,"130":150,"131":150,"132":150,"133":60,"134":150,"135":43,"136":150,"137":0,"138":150,"139":47,"140":150,"141":0,"142":150,"143":150,"145":94,"146":426,"147":426,"148":426,"149":426,"150":426,"152":94,"153":150,"154":150,"155":150,"156":150,"157":150,"158":150,"159":150,"160":150,"162":94,"163":94,"164":94,"165":94,"166":94,"167":94,"168":94,"169":94,"171":94,"172":94,"174":94,"176":94,"178":92,"179":92,"180":92,"182":92,"183":92,"184":92,"185":92,"186":92,"187":92,"188":92,"189":92,"191":92,"192":92,"193":92,"196":92,"197":90,"198":90,"199":90,"200":90,"201":90,"202":90,"205":94,"206":2,"207":2,"208":2,"209":2,"210":2,"211":2,"215":94,"216":94,"217":94,"218":94,"219":94,"220":94,"221":94,"222":94,"223":94,"224":94,"225":94,"226":94,"227":94,"229":94,"230":94,"231":94,"232":94,"233":94,"234":94,"235":94,"236":94,"237":94,"238":94,"239":94,"241":94,"242":94,"243":94,"244":94,"245":94,"246":94,"247":94,"248":94,"249":94,"250":94,"251":94,"252":94,"253":94,"256":94,"257":94,"259":94,"260":94,"261":94,"262":94,"263":94,"264":94,"265":94,"266":94,"267":94,"268":94,"269":94,"270":94,"273":94,"274":94,"275":94,"276":94,"277":94,"278":94,"279":94,"281":94,"282":94,"283":94,"284":94,"285":94,"286":94,"287":94,"288":94,"290":94,"291":94,"292":94,"293":94,"294":94,"295":94,"297":94,"298":94,"299":94,"300":94,"301":94,"302":94,"303":94,"304":94,"305":94,"306":94,"309":94,"310":94,"311":2,"312":2,"313":2,"315":90,"316":90,"317":90,"318":90,"320":90,"321":90,"323":90,"324":90,"326":90,"327":90,"329":90,"330":90,"332":90,"333":90,"335":90,"336":90,"337":90,"338":90,"339":90,"340":150,"341":150,"342":150,"343":150,"344":150,"345":150,"346":150,"347":150,"348":150,"349":150,"350":150,"351":150,"352":150,"353":150,"354":149,"355":149,"356":149,"358":150,"359":150,"360":150,"361":150,"362":150,"363":150,"364":150,"365":150,"366":150,"367":150,"368":150,"369":150,"370":150,"371":150,"372":150,"373":150,"374":150,"375":150,"376":150,"377":150,"378":150,"379":150,"380":150,"381":150,"382":150,"383":150,"384":150,"385":150,"386":150,"387":150,"389":1,"390":1,"391":150,"392":150,"393":150,"395":150,"396":150,"398":150,"399":60,"400":60,"401":60,"402":60,"403":60,"405":60,"406":60,"408":150,"409":150,"410":150,"411":90,"412":90,"413":90,"415":94,"418":94,"419":94,"420":94,"421":94,"422":94,"423":94,"424":94,"425":94,"426":94,"427":94,"429":94,"430":94,"431":94,"432":94,"433":94,"434":94,"436":94,"438":1},"branchMap":{"0":{"type":"branch","line":22,"loc":{"start":{"line":22,"column":70},"end":{"line":437,"column":2}},"locations":[{"start":{"line":22,"column":70},"end":{"line":437,"column":2}}]},"1":{"type":"branch","line":177,"loc":{"start":{"line":177,"column":15},"end":{"line":177,"column":27}},"locations":[{"start":{"line":177,"column":15},"end":{"line":177,"column":27}}]},"2":{"type":"branch","line":177,"loc":{"start":{"line":177,"column":22},"end":{"line":197,"column":32}},"locations":[{"start":{"line":177,"column":22},"end":{"line":197,"column":32}}]},"3":{"type":"branch","line":197,"loc":{"start":{"line":197,"column":9},"end":{"line":203,"column":16}},"locations":[{"start":{"line":197,"column":9},"end":{"line":203,"column":16}}]},"4":{"type":"branch","line":206,"loc":{"start":{"line":206,"column":9},"end":{"line":212,"column":16}},"locations":[{"start":{"line":206,"column":9},"end":{"line":212,"column":16}}]},"5":{"type":"branch","line":311,"loc":{"start":{"line":311,"column":11},"end":{"line":314,"column":18}},"locations":[{"start":{"line":311,"column":11},"end":{"line":314,"column":18}}]},"6":{"type":"branch","line":314,"loc":{"start":{"line":314,"column":12},"end":{"line":414,"column":20}},"locations":[{"start":{"line":314,"column":12},"end":{"line":414,"column":20}}]},"7":{"type":"branch","line":39,"loc":{"start":{"line":39,"column":12},"end":{"line":43,"column":5}},"locations":[{"start":{"line":39,"column":12},"end":{"line":43,"column":5}}]},"8":{"type":"branch","line":40,"loc":{"start":{"line":40,"column":16},"end":{"line":42,"column":5}},"locations":[{"start":{"line":40,"column":16},"end":{"line":42,"column":5}}]},"9":{"type":"branch","line":45,"loc":{"start":{"line":45,"column":12},"end":{"line":69,"column":5}},"locations":[{"start":{"line":45,"column":12},"end":{"line":69,"column":5}}]},"10":{"type":"branch","line":49,"loc":{"start":{"line":49,"column":20},"end":{"line":56,"column":5}},"locations":[{"start":{"line":49,"column":20},"end":{"line":56,"column":5}}]},"11":{"type":"branch","line":59,"loc":{"start":{"line":59,"column":32},"end":{"line":61,"column":5}},"locations":[{"start":{"line":59,"column":32},"end":{"line":61,"column":5}}]},"12":{"type":"branch","line":64,"loc":{"start":{"line":64,"column":32},"end":{"line":66,"column":5}},"locations":[{"start":{"line":64,"column":32},"end":{"line":66,"column":5}}]},"13":{"type":"branch","line":50,"loc":{"start":{"line":50,"column":33},"end":{"line":54,"column":55}},"locations":[{"start":{"line":50,"column":33},"end":{"line":54,"column":55}}]},"14":{"type":"branch","line":51,"loc":{"start":{"line":51,"column":76},"end":{"line":52,"column":81}},"locations":[{"start":{"line":51,"column":76},"end":{"line":52,"column":81}}]},"15":{"type":"branch","line":52,"loc":{"start":{"line":52,"column":77},"end":{"line":53,"column":82}},"locations":[{"start":{"line":52,"column":77},"end":{"line":53,"column":82}}]},"16":{"type":"branch","line":53,"loc":{"start":{"line":53,"column":78},"end":{"line":54,"column":55}},"locations":[{"start":{"line":53,"column":78},"end":{"line":54,"column":55}}]},"17":{"type":"branch","line":60,"loc":{"start":{"line":60,"column":33},"end":{"line":60,"column":75}},"locations":[{"start":{"line":60,"column":33},"end":{"line":60,"column":75}}]},"18":{"type":"branch","line":65,"loc":{"start":{"line":65,"column":33},"end":{"line":65,"column":75}},"locations":[{"start":{"line":65,"column":33},"end":{"line":65,"column":75}}]},"19":{"type":"branch","line":71,"loc":{"start":{"line":71,"column":29},"end":{"line":77,"column":4}},"locations":[{"start":{"line":71,"column":29},"end":{"line":77,"column":4}}]},"20":{"type":"branch","line":74,"loc":{"start":{"line":74,"column":4},"end":{"line":76,"column":5}},"locations":[{"start":{"line":74,"column":4},"end":{"line":76,"column":5}}]},"21":{"type":"branch","line":79,"loc":{"start":{"line":79,"column":23},"end":{"line":89,"column":4}},"locations":[{"start":{"line":79,"column":23},"end":{"line":89,"column":4}}]},"22":{"type":"branch","line":80,"loc":{"start":{"line":80,"column":81},"end":{"line":86,"column":13}},"locations":[{"start":{"line":80,"column":81},"end":{"line":86,"column":13}}]},"23":{"type":"branch","line":86,"loc":{"start":{"line":86,"column":4},"end":{"line":88,"column":5}},"locations":[{"start":{"line":86,"column":4},"end":{"line":88,"column":5}}]},"24":{"type":"branch","line":91,"loc":{"start":{"line":91,"column":24},"end":{"line":108,"column":4}},"locations":[{"start":{"line":91,"column":24},"end":{"line":108,"column":4}}]},"25":{"type":"branch","line":93,"loc":{"start":{"line":93,"column":6},"end":{"line":94,"column":66}},"locations":[{"start":{"line":93,"column":6},"end":{"line":94,"column":66}}]},"26":{"type":"branch","line":95,"loc":{"start":{"line":95,"column":6},"end":{"line":96,"column":59}},"locations":[{"start":{"line":95,"column":6},"end":{"line":96,"column":59}}]},"27":{"type":"branch","line":97,"loc":{"start":{"line":97,"column":6},"end":{"line":98,"column":67}},"locations":[{"start":{"line":97,"column":6},"end":{"line":98,"column":67}}]},"28":{"type":"branch","line":99,"loc":{"start":{"line":99,"column":6},"end":{"line":100,"column":60}},"locations":[{"start":{"line":99,"column":6},"end":{"line":100,"column":60}}]},"29":{"type":"branch","line":101,"loc":{"start":{"line":101,"column":6},"end":{"line":102,"column":66}},"locations":[{"start":{"line":101,"column":6},"end":{"line":102,"column":66}}]},"30":{"type":"branch","line":103,"loc":{"start":{"line":103,"column":6},"end":{"line":104,"column":61}},"locations":[{"start":{"line":103,"column":6},"end":{"line":104,"column":61}}]},"31":{"type":"branch","line":105,"loc":{"start":{"line":105,"column":6},"end":{"line":106,"column":65}},"locations":[{"start":{"line":105,"column":6},"end":{"line":106,"column":65}}]},"32":{"type":"branch","line":110,"loc":{"start":{"line":110,"column":25},"end":{"line":128,"column":4}},"locations":[{"start":{"line":110,"column":25},"end":{"line":128,"column":4}}]},"33":{"type":"branch","line":113,"loc":{"start":{"line":113,"column":6},"end":{"line":114,"column":60}},"locations":[{"start":{"line":113,"column":6},"end":{"line":114,"column":60}}]},"34":{"type":"branch","line":115,"loc":{"start":{"line":115,"column":6},"end":{"line":116,"column":58}},"locations":[{"start":{"line":115,"column":6},"end":{"line":116,"column":58}}]},"35":{"type":"branch","line":117,"loc":{"start":{"line":117,"column":6},"end":{"line":118,"column":62}},"locations":[{"start":{"line":117,"column":6},"end":{"line":118,"column":62}}]},"36":{"type":"branch","line":119,"loc":{"start":{"line":119,"column":6},"end":{"line":120,"column":56}},"locations":[{"start":{"line":119,"column":6},"end":{"line":120,"column":56}}]},"37":{"type":"branch","line":121,"loc":{"start":{"line":121,"column":6},"end":{"line":122,"column":62}},"locations":[{"start":{"line":121,"column":6},"end":{"line":122,"column":62}}]},"38":{"type":"branch","line":123,"loc":{"start":{"line":123,"column":6},"end":{"line":124,"column":58}},"locations":[{"start":{"line":123,"column":6},"end":{"line":124,"column":58}}]},"39":{"type":"branch","line":125,"loc":{"start":{"line":125,"column":6},"end":{"line":126,"column":58}},"locations":[{"start":{"line":125,"column":6},"end":{"line":126,"column":58}}]},"40":{"type":"branch","line":130,"loc":{"start":{"line":130,"column":24},"end":{"line":144,"column":4}},"locations":[{"start":{"line":130,"column":24},"end":{"line":144,"column":4}}]},"41":{"type":"branch","line":132,"loc":{"start":{"line":132,"column":6},"end":{"line":132,"column":37}},"locations":[{"start":{"line":132,"column":6},"end":{"line":132,"column":37}}]},"42":{"type":"branch","line":133,"loc":{"start":{"line":133,"column":6},"end":{"line":134,"column":64}},"locations":[{"start":{"line":133,"column":6},"end":{"line":134,"column":64}}]},"43":{"type":"branch","line":135,"loc":{"start":{"line":135,"column":6},"end":{"line":136,"column":65}},"locations":[{"start":{"line":135,"column":6},"end":{"line":136,"column":65}}]},"44":{"type":"branch","line":137,"loc":{"start":{"line":137,"column":6},"end":{"line":138,"column":66}},"locations":[{"start":{"line":137,"column":6},"end":{"line":138,"column":66}}]},"45":{"type":"branch","line":139,"loc":{"start":{"line":139,"column":6},"end":{"line":140,"column":66}},"locations":[{"start":{"line":139,"column":6},"end":{"line":140,"column":66}}]},"46":{"type":"branch","line":141,"loc":{"start":{"line":141,"column":6},"end":{"line":142,"column":64}},"locations":[{"start":{"line":141,"column":6},"end":{"line":142,"column":64}}]},"47":{"type":"branch","line":146,"loc":{"start":{"line":146,"column":25},"end":{"line":151,"column":4}},"locations":[{"start":{"line":146,"column":25},"end":{"line":151,"column":4}}]},"48":{"type":"branch","line":153,"loc":{"start":{"line":153,"column":21},"end":{"line":161,"column":4}},"locations":[{"start":{"line":153,"column":21},"end":{"line":161,"column":4}}]},"49":{"type":"branch","line":163,"loc":{"start":{"line":163,"column":24},"end":{"line":173,"column":4}},"locations":[{"start":{"line":163,"column":24},"end":{"line":173,"column":4}}]},"50":{"type":"branch","line":164,"loc":{"start":{"line":164,"column":34},"end":{"line":164,"column":74}},"locations":[{"start":{"line":164,"column":34},"end":{"line":164,"column":74}}]},"51":{"type":"branch","line":166,"loc":{"start":{"line":166,"column":14},"end":{"line":166,"column":55}},"locations":[{"start":{"line":166,"column":14},"end":{"line":166,"column":55}}]},"52":{"type":"branch","line":167,"loc":{"start":{"line":167,"column":14},"end":{"line":167,"column":54}},"locations":[{"start":{"line":167,"column":14},"end":{"line":167,"column":54}}]},"53":{"type":"branch","line":169,"loc":{"start":{"line":169,"column":14},"end":{"line":169,"column":53}},"locations":[{"start":{"line":169,"column":14},"end":{"line":169,"column":53}}]},"54":{"type":"branch","line":170,"loc":{"start":{"line":170,"column":14},"end":{"line":170,"column":54}},"locations":[{"start":{"line":170,"column":14},"end":{"line":170,"column":54}}]},"55":{"type":"branch","line":267,"loc":{"start":{"line":267,"column":28},"end":{"line":267,"column":65}},"locations":[{"start":{"line":267,"column":28},"end":{"line":267,"column":65}}]},"56":{"type":"branch","line":277,"loc":{"start":{"line":277,"column":26},"end":{"line":277,"column":90}},"locations":[{"start":{"line":277,"column":26},"end":{"line":277,"column":90}}]},"57":{"type":"branch","line":293,"loc":{"start":{"line":293,"column":26},"end":{"line":293,"column":90}},"locations":[{"start":{"line":293,"column":26},"end":{"line":293,"column":90}}]},"58":{"type":"branch","line":340,"loc":{"start":{"line":340,"column":38},"end":{"line":411,"column":23}},"locations":[{"start":{"line":340,"column":38},"end":{"line":411,"column":23}}]},"59":{"type":"branch","line":354,"loc":{"start":{"line":354,"column":33},"end":{"line":357,"column":32}},"locations":[{"start":{"line":354,"column":33},"end":{"line":357,"column":32}}]},"60":{"type":"branch","line":399,"loc":{"start":{"line":399,"column":58},"end":{"line":407,"column":35}},"locations":[{"start":{"line":399,"column":58},"end":{"line":407,"column":35}}]},"61":{"type":"branch","line":388,"loc":{"start":{"line":388,"column":35},"end":{"line":391,"column":28}},"locations":[{"start":{"line":388,"column":35},"end":{"line":391,"column":28}}]},"62":{"type":"branch","line":401,"loc":{"start":{"line":401,"column":37},"end":{"line":401,"column":68}},"locations":[{"start":{"line":401,"column":37},"end":{"line":401,"column":68}}]}},"b":{"0":[94],"1":[2],"2":[92],"3":[90],"4":[2],"5":[2],"6":[90],"7":[29],"8":[28],"9":[47],"10":[15],"11":[6],"12":[1],"13":[45],"14":[26],"15":[26],"16":[8],"17":[15],"18":[3],"19":[1],"20":[0],"21":[2],"22":[1],"23":[0],"24":[150],"25":[60],"26":[0],"27":[43],"28":[47],"29":[0],"30":[0],"31":[0],"32":[150],"33":[60],"34":[0],"35":[43],"36":[47],"37":[0],"38":[0],"39":[0],"40":[150],"41":[60],"42":[60],"43":[43],"44":[0],"45":[47],"46":[0],"47":[426],"48":[150],"49":[94],"50":[256],"51":[256],"52":[88],"53":[256],"54":[84],"55":[15],"56":[2],"57":[1],"58":[150],"59":[149],"60":[60],"61":[1],"62":[2]},"fnMap":{"0":{"name":"PaymentManagementPanel","decl":{"start":{"line":22,"column":70},"end":{"line":437,"column":2}},"loc":{"start":{"line":22,"column":70},"end":{"line":437,"column":2}},"line":22},"1":{"name":"handleStatusChange","decl":{"start":{"line":71,"column":29},"end":{"line":77,"column":4}},"loc":{"start":{"line":71,"column":29},"end":{"line":77,"column":4}},"line":71},"2":{"name":"handleRefund","decl":{"start":{"line":79,"column":23},"end":{"line":89,"column":4}},"loc":{"start":{"line":79,"column":23},"end":{"line":89,"column":4}},"line":79},"3":{"name":"getStatusIcon","decl":{"start":{"line":91,"column":24},"end":{"line":108,"column":4}},"loc":{"start":{"line":91,"column":24},"end":{"line":108,"column":4}},"line":91},"4":{"name":"getStatusBadge","decl":{"start":{"line":110,"column":25},"end":{"line":128,"column":4}},"loc":{"start":{"line":110,"column":25},"end":{"line":128,"column":4}},"line":110},"5":{"name":"getMethodIcon","decl":{"start":{"line":130,"column":24},"end":{"line":144,"column":4}},"loc":{"start":{"line":130,"column":24},"end":{"line":144,"column":4}},"line":130},"6":{"name":"formatCurrency","decl":{"start":{"line":146,"column":25},"end":{"line":151,"column":4}},"loc":{"start":{"line":146,"column":25},"end":{"line":151,"column":4}},"line":146},"7":{"name":"formatDate","decl":{"start":{"line":153,"column":21},"end":{"line":161,"column":4}},"loc":{"start":{"line":153,"column":21},"end":{"line":161,"column":4}},"line":153},"8":{"name":"getTotalStats","decl":{"start":{"line":163,"column":24},"end":{"line":173,"column":4}},"loc":{"start":{"line":163,"column":24},"end":{"line":173,"column":4}},"line":163},"9":{"name":"onChange","decl":{"start":{"line":267,"column":28},"end":{"line":267,"column":65}},"loc":{"start":{"line":267,"column":28},"end":{"line":267,"column":65}},"line":267},"10":{"name":"onChange","decl":{"start":{"line":277,"column":26},"end":{"line":277,"column":90}},"loc":{"start":{"line":277,"column":26},"end":{"line":277,"column":90}},"line":277},"11":{"name":"onChange","decl":{"start":{"line":293,"column":26},"end":{"line":293,"column":90}},"loc":{"start":{"line":293,"column":26},"end":{"line":293,"column":90}},"line":293},"12":{"name":"onClick","decl":{"start":{"line":388,"column":35},"end":{"line":391,"column":28}},"loc":{"start":{"line":388,"column":35},"end":{"line":391,"column":28}},"line":388},"13":{"name":"onClick","decl":{"start":{"line":401,"column":37},"end":{"line":401,"column":68}},"loc":{"start":{"line":401,"column":37},"end":{"line":401,"column":68}},"line":401}},"f":{"0":94,"1":1,"2":2,"3":150,"4":150,"5":150,"6":426,"7":150,"8":94,"9":15,"10":2,"11":1,"12":1,"13":2}}
,"D:\\UTS\\2025-02\\Advanced Software development\\Assignment\\Projects\\le-restaurant\\frontend\\src\\components\\organisms\\UserFormModal.tsx": {"path":"D:\\UTS\\2025-02\\Advanced Software development\\Assignment\\Projects\\le-restaurant\\frontend\\src\\components\\organisms\\UserFormModal.tsx","all":false,"statementMap":{"0":{"start":{"line":1,"column":0},"end":{"line":1,"column":51}},"1":{"start":{"line":2,"column":0},"end":{"line":2,"column":84}},"2":{"start":{"line":3,"column":0},"end":{"line":3,"column":112}},"12":{"start":{"line":13,"column":0},"end":{"line":13,"column":54}},"13":{"start":{"line":14,"column":0},"end":{"line":14,"column":9}},"14":{"start":{"line":15,"column":0},"end":{"line":15,"column":10}},"15":{"start":{"line":16,"column":0},"end":{"line":16,"column":11}},"16":{"start":{"line":17,"column":0},"end":{"line":17,"column":7}},"17":{"start":{"line":18,"column":0},"end":{"line":18,"column":6}},"18":{"start":{"line":19,"column":0},"end":{"line":19,"column":7}},"19":{"start":{"line":20,"column":0},"end":{"line":20,"column":63}},"20":{"start":{"line":21,"column":0},"end":{"line":21,"column":14}},"21":{"start":{"line":22,"column":0},"end":{"line":22,"column":17}},"22":{"start":{"line":23,"column":0},"end":{"line":23,"column":20}},"23":{"start":{"line":24,"column":0},"end":{"line":24,"column":18}},"24":{"start":{"line":25,"column":0},"end":{"line":25,"column":17}},"25":{"start":{"line":26,"column":0},"end":{"line":26,"column":28}},"26":{"start":{"line":27,"column":0},"end":{"line":27,"column":29}},"27":{"start":{"line":28,"column":0},"end":{"line":28,"column":5}},"28":{"start":{"line":29,"column":0},"end":{"line":29,"column":71}},"29":{"start":{"line":30,"column":0},"end":{"line":30,"column":52}},"31":{"start":{"line":32,"column":0},"end":{"line":32,"column":19}},"32":{"start":{"line":33,"column":0},"end":{"line":33,"column":34}},"33":{"start":{"line":34,"column":0},"end":{"line":34,"column":19}},"34":{"start":{"line":35,"column":0},"end":{"line":35,"column":26}},"35":{"start":{"line":36,"column":0},"end":{"line":36,"column":48}},"36":{"start":{"line":37,"column":0},"end":{"line":37,"column":38}},"37":{"start":{"line":38,"column":0},"end":{"line":38,"column":34}},"38":{"start":{"line":39,"column":0},"end":{"line":39,"column":32}},"39":{"start":{"line":40,"column":0},"end":{"line":40,"column":24}},"40":{"start":{"line":41,"column":0},"end":{"line":41,"column":27}},"41":{"start":{"line":42,"column":0},"end":{"line":42,"column":9}},"42":{"start":{"line":43,"column":0},"end":{"line":43,"column":12}},"43":{"start":{"line":44,"column":0},"end":{"line":44,"column":19}},"44":{"start":{"line":45,"column":0},"end":{"line":45,"column":18}},"45":{"start":{"line":46,"column":0},"end":{"line":46,"column":21}},"46":{"start":{"line":47,"column":0},"end":{"line":47,"column":24}},"47":{"start":{"line":48,"column":0},"end":{"line":48,"column":22}},"48":{"start":{"line":49,"column":0},"end":{"line":49,"column":21}},"49":{"start":{"line":50,"column":0},"end":{"line":50,"column":32}},"50":{"start":{"line":51,"column":0},"end":{"line":51,"column":33}},"51":{"start":{"line":52,"column":0},"end":{"line":52,"column":9}},"52":{"start":{"line":53,"column":0},"end":{"line":53,"column":5}},"53":{"start":{"line":54,"column":0},"end":{"line":54,"column":18}},"54":{"start":{"line":55,"column":0},"end":{"line":55,"column":27}},"56":{"start":{"line":57,"column":0},"end":{"line":57,"column":39}},"57":{"start":{"line":58,"column":0},"end":{"line":58,"column":53}},"59":{"start":{"line":60,"column":0},"end":{"line":60,"column":26}},"60":{"start":{"line":61,"column":0},"end":{"line":61,"column":44}},"61":{"start":{"line":62,"column":0},"end":{"line":62,"column":54}},"62":{"start":{"line":63,"column":0},"end":{"line":63,"column":61}},"63":{"start":{"line":64,"column":0},"end":{"line":64,"column":5}},"65":{"start":{"line":66,"column":0},"end":{"line":66,"column":50}},"66":{"start":{"line":67,"column":0},"end":{"line":67,"column":50}},"67":{"start":{"line":68,"column":0},"end":{"line":68,"column":67}},"68":{"start":{"line":69,"column":0},"end":{"line":69,"column":68}},"69":{"start":{"line":70,"column":0},"end":{"line":70,"column":5}},"71":{"start":{"line":72,"column":0},"end":{"line":72,"column":30}},"72":{"start":{"line":73,"column":0},"end":{"line":73,"column":53}},"73":{"start":{"line":74,"column":0},"end":{"line":74,"column":5}},"75":{"start":{"line":76,"column":0},"end":{"line":76,"column":29}},"76":{"start":{"line":77,"column":0},"end":{"line":77,"column":51}},"77":{"start":{"line":78,"column":0},"end":{"line":78,"column":5}},"79":{"start":{"line":80,"column":0},"end":{"line":80,"column":32}},"80":{"start":{"line":81,"column":0},"end":{"line":81,"column":57}},"81":{"start":{"line":82,"column":0},"end":{"line":82,"column":5}},"83":{"start":{"line":84,"column":0},"end":{"line":84,"column":25}},"84":{"start":{"line":85,"column":0},"end":{"line":85,"column":47}},"85":{"start":{"line":86,"column":0},"end":{"line":86,"column":4}},"87":{"start":{"line":88,"column":0},"end":{"line":88,"column":54}},"88":{"start":{"line":89,"column":0},"end":{"line":89,"column":23}},"90":{"start":{"line":91,"column":0},"end":{"line":91,"column":32}},"92":{"start":{"line":93,"column":0},"end":{"line":93,"column":23}},"93":{"start":{"line":94,"column":0},"end":{"line":94,"column":9}},"94":{"start":{"line":95,"column":0},"end":{"line":95,"column":43}},"95":{"start":{"line":96,"column":0},"end":{"line":96,"column":39}},"96":{"start":{"line":97,"column":0},"end":{"line":97,"column":68}},"98":{"start":{"line":99,"column":0},"end":{"line":99,"column":33}},"99":{"start":{"line":100,"column":0},"end":{"line":100,"column":16}},"100":{"start":{"line":101,"column":0},"end":{"line":101,"column":21}},"101":{"start":{"line":102,"column":0},"end":{"line":102,"column":53}},"102":{"start":{"line":103,"column":0},"end":{"line":103,"column":15}},"103":{"start":{"line":104,"column":0},"end":{"line":104,"column":26}},"104":{"start":{"line":105,"column":0},"end":{"line":105,"column":5}},"105":{"start":{"line":106,"column":0},"end":{"line":106,"column":4}},"107":{"start":{"line":108,"column":0},"end":{"line":108,"column":43}},"108":{"start":{"line":109,"column":0},"end":{"line":109,"column":19}},"109":{"start":{"line":110,"column":0},"end":{"line":110,"column":26}},"110":{"start":{"line":111,"column":0},"end":{"line":111,"column":59}},"111":{"start":{"line":112,"column":0},"end":{"line":112,"column":28}},"112":{"start":{"line":113,"column":0},"end":{"line":113,"column":63}},"113":{"start":{"line":114,"column":0},"end":{"line":114,"column":29}},"114":{"start":{"line":115,"column":0},"end":{"line":115,"column":60}},"115":{"start":{"line":116,"column":0},"end":{"line":116,"column":14}},"116":{"start":{"line":117,"column":0},"end":{"line":117,"column":59}},"117":{"start":{"line":118,"column":0},"end":{"line":118,"column":5}},"118":{"start":{"line":119,"column":0},"end":{"line":119,"column":4}},"120":{"start":{"line":121,"column":0},"end":{"line":121,"column":27}},"122":{"start":{"line":123,"column":0},"end":{"line":123,"column":10}},"123":{"start":{"line":124,"column":0},"end":{"line":124,"column":96}},"124":{"start":{"line":125,"column":0},"end":{"line":125,"column":104}},"126":{"start":{"line":127,"column":0},"end":{"line":127,"column":91}},"127":{"start":{"line":128,"column":0},"end":{"line":128,"column":65}},"128":{"start":{"line":129,"column":0},"end":{"line":129,"column":65}},"129":{"start":{"line":130,"column":0},"end":{"line":130,"column":15}},"130":{"start":{"line":131,"column":0},"end":{"line":131,"column":17}},"131":{"start":{"line":132,"column":0},"end":{"line":132,"column":29}},"132":{"start":{"line":133,"column":0},"end":{"line":133,"column":77}},"134":{"start":{"line":135,"column":0},"end":{"line":135,"column":54}},"135":{"start":{"line":136,"column":0},"end":{"line":136,"column":19}},"136":{"start":{"line":137,"column":0},"end":{"line":137,"column":14}},"139":{"start":{"line":140,"column":0},"end":{"line":140,"column":64}},"141":{"start":{"line":142,"column":0},"end":{"line":142,"column":38}},"142":{"start":{"line":143,"column":0},"end":{"line":143,"column":62}},"143":{"start":{"line":144,"column":0},"end":{"line":144,"column":42}},"145":{"start":{"line":146,"column":0},"end":{"line":146,"column":20}},"146":{"start":{"line":147,"column":0},"end":{"line":147,"column":18}},"147":{"start":{"line":148,"column":0},"end":{"line":148,"column":25}},"148":{"start":{"line":149,"column":0},"end":{"line":149,"column":28}},"149":{"start":{"line":150,"column":0},"end":{"line":150,"column":40}},"150":{"start":{"line":151,"column":0},"end":{"line":151,"column":87}},"151":{"start":{"line":152,"column":0},"end":{"line":152,"column":84}},"152":{"start":{"line":153,"column":0},"end":{"line":153,"column":44}},"153":{"start":{"line":154,"column":0},"end":{"line":154,"column":14}},"154":{"start":{"line":155,"column":0},"end":{"line":155,"column":88}},"155":{"start":{"line":156,"column":0},"end":{"line":156,"column":16}},"158":{"start":{"line":159,"column":0},"end":{"line":159,"column":38}},"159":{"start":{"line":160,"column":0},"end":{"line":160,"column":61}},"160":{"start":{"line":161,"column":0},"end":{"line":161,"column":42}},"162":{"start":{"line":163,"column":0},"end":{"line":163,"column":20}},"163":{"start":{"line":164,"column":0},"end":{"line":164,"column":18}},"164":{"start":{"line":165,"column":0},"end":{"line":165,"column":25}},"165":{"start":{"line":166,"column":0},"end":{"line":166,"column":27}},"166":{"start":{"line":167,"column":0},"end":{"line":167,"column":39}},"167":{"start":{"line":168,"column":0},"end":{"line":168,"column":86}},"168":{"start":{"line":169,"column":0},"end":{"line":169,"column":83}},"169":{"start":{"line":170,"column":0},"end":{"line":170,"column":43}},"170":{"start":{"line":171,"column":0},"end":{"line":171,"column":14}},"171":{"start":{"line":172,"column":0},"end":{"line":172,"column":86}},"172":{"start":{"line":173,"column":0},"end":{"line":173,"column":16}},"175":{"start":{"line":176,"column":0},"end":{"line":176,"column":38}},"176":{"start":{"line":177,"column":0},"end":{"line":177,"column":58}},"177":{"start":{"line":178,"column":0},"end":{"line":178,"column":42}},"179":{"start":{"line":180,"column":0},"end":{"line":180,"column":20}},"180":{"start":{"line":181,"column":0},"end":{"line":181,"column":18}},"181":{"start":{"line":182,"column":0},"end":{"line":182,"column":26}},"182":{"start":{"line":183,"column":0},"end":{"line":183,"column":24}},"183":{"start":{"line":184,"column":0},"end":{"line":184,"column":36}},"184":{"start":{"line":185,"column":0},"end":{"line":185,"column":83}},"185":{"start":{"line":186,"column":0},"end":{"line":186,"column":80}},"186":{"start":{"line":187,"column":0},"end":{"line":187,"column":47}},"187":{"start":{"line":188,"column":0},"end":{"line":188,"column":14}},"188":{"start":{"line":189,"column":0},"end":{"line":189,"column":80}},"189":{"start":{"line":190,"column":0},"end":{"line":190,"column":16}},"192":{"start":{"line":193,"column":0},"end":{"line":193,"column":33}},"193":{"start":{"line":194,"column":0},"end":{"line":194,"column":40}},"194":{"start":{"line":195,"column":0},"end":{"line":195,"column":63}},"195":{"start":{"line":196,"column":0},"end":{"line":196,"column":44}},"197":{"start":{"line":198,"column":0},"end":{"line":198,"column":22}},"198":{"start":{"line":199,"column":0},"end":{"line":199,"column":20}},"199":{"start":{"line":200,"column":0},"end":{"line":200,"column":31}},"200":{"start":{"line":201,"column":0},"end":{"line":201,"column":29}},"201":{"start":{"line":202,"column":0},"end":{"line":202,"column":41}},"202":{"start":{"line":203,"column":0},"end":{"line":203,"column":88}},"203":{"start":{"line":204,"column":0},"end":{"line":204,"column":85}},"204":{"start":{"line":205,"column":0},"end":{"line":205,"column":44}},"205":{"start":{"line":206,"column":0},"end":{"line":206,"column":16}},"206":{"start":{"line":207,"column":0},"end":{"line":207,"column":88}},"207":{"start":{"line":208,"column":0},"end":{"line":208,"column":18}},"211":{"start":{"line":212,"column":0},"end":{"line":212,"column":38}},"212":{"start":{"line":213,"column":0},"end":{"line":213,"column":64}},"213":{"start":{"line":214,"column":0},"end":{"line":214,"column":43}},"215":{"start":{"line":216,"column":0},"end":{"line":216,"column":20}},"216":{"start":{"line":217,"column":0},"end":{"line":217,"column":18}},"217":{"start":{"line":218,"column":0},"end":{"line":218,"column":24}},"218":{"start":{"line":219,"column":0},"end":{"line":219,"column":30}},"219":{"start":{"line":220,"column":0},"end":{"line":220,"column":42}},"220":{"start":{"line":221,"column":0},"end":{"line":221,"column":89}},"221":{"start":{"line":222,"column":0},"end":{"line":222,"column":86}},"222":{"start":{"line":223,"column":0},"end":{"line":223,"column":46}},"223":{"start":{"line":224,"column":0},"end":{"line":224,"column":14}},"224":{"start":{"line":225,"column":0},"end":{"line":225,"column":92}},"225":{"start":{"line":226,"column":0},"end":{"line":226,"column":16}},"228":{"start":{"line":229,"column":0},"end":{"line":229,"column":38}},"229":{"start":{"line":230,"column":0},"end":{"line":230,"column":57}},"230":{"start":{"line":231,"column":0},"end":{"line":231,"column":44}},"232":{"start":{"line":233,"column":0},"end":{"line":233,"column":20}},"233":{"start":{"line":234,"column":0},"end":{"line":234,"column":19}},"234":{"start":{"line":235,"column":0},"end":{"line":235,"column":23}},"235":{"start":{"line":236,"column":0},"end":{"line":236,"column":35}},"236":{"start":{"line":237,"column":0},"end":{"line":237,"column":94}},"237":{"start":{"line":238,"column":0},"end":{"line":238,"column":36}},"239":{"start":{"line":240,"column":0},"end":{"line":240,"column":48}},"240":{"start":{"line":241,"column":0},"end":{"line":241,"column":54}},"241":{"start":{"line":242,"column":0},"end":{"line":242,"column":23}},"242":{"start":{"line":243,"column":0},"end":{"line":243,"column":47}},"243":{"start":{"line":244,"column":0},"end":{"line":244,"column":57}},"244":{"start":{"line":245,"column":0},"end":{"line":245,"column":23}},"245":{"start":{"line":246,"column":0},"end":{"line":246,"column":45}},"246":{"start":{"line":247,"column":0},"end":{"line":247,"column":52}},"247":{"start":{"line":248,"column":0},"end":{"line":248,"column":23}},"248":{"start":{"line":249,"column":0},"end":{"line":249,"column":21}},"249":{"start":{"line":250,"column":0},"end":{"line":250,"column":16}},"252":{"start":{"line":253,"column":0},"end":{"line":253,"column":38}},"253":{"start":{"line":254,"column":0},"end":{"line":254,"column":59}},"255":{"start":{"line":256,"column":0},"end":{"line":256,"column":20}},"256":{"start":{"line":257,"column":0},"end":{"line":257,"column":19}},"257":{"start":{"line":258,"column":0},"end":{"line":258,"column":25}},"258":{"start":{"line":259,"column":0},"end":{"line":259,"column":37}},"259":{"start":{"line":260,"column":0},"end":{"line":260,"column":98}},"260":{"start":{"line":261,"column":0},"end":{"line":261,"column":36}},"262":{"start":{"line":263,"column":0},"end":{"line":263,"column":63}},"263":{"start":{"line":264,"column":0},"end":{"line":264,"column":67}},"264":{"start":{"line":265,"column":0},"end":{"line":265,"column":69}},"265":{"start":{"line":266,"column":0},"end":{"line":266,"column":21}},"266":{"start":{"line":267,"column":0},"end":{"line":267,"column":16}},"269":{"start":{"line":270,"column":0},"end":{"line":270,"column":17}},"270":{"start":{"line":271,"column":0},"end":{"line":271,"column":25}},"271":{"start":{"line":272,"column":0},"end":{"line":272,"column":32}},"272":{"start":{"line":273,"column":0},"end":{"line":273,"column":51}},"274":{"start":{"line":275,"column":0},"end":{"line":275,"column":26}},"275":{"start":{"line":276,"column":0},"end":{"line":276,"column":41}},"277":{"start":{"line":278,"column":0},"end":{"line":278,"column":63}},"279":{"start":{"line":280,"column":0},"end":{"line":280,"column":19}},"280":{"start":{"line":281,"column":0},"end":{"line":281,"column":15}},"281":{"start":{"line":282,"column":0},"end":{"line":282,"column":12}},"282":{"start":{"line":283,"column":0},"end":{"line":283,"column":10}},"284":{"start":{"line":285,"column":0},"end":{"line":285,"column":2}},"286":{"start":{"line":287,"column":0},"end":{"line":287,"column":29}}},"s":{"0":1,"1":1,"2":1,"12":1,"13":177,"14":177,"15":177,"16":177,"17":177,"18":177,"19":177,"20":177,"21":177,"22":177,"23":177,"24":177,"25":177,"26":177,"27":177,"28":177,"29":177,"31":177,"32":39,"33":1,"34":1,"35":1,"36":1,"37":1,"38":1,"39":1,"40":1,"41":1,"42":39,"43":38,"44":38,"45":38,"46":38,"47":38,"48":38,"49":38,"50":38,"51":38,"52":38,"53":39,"54":177,"56":177,"57":2,"59":2,"60":0,"61":2,"62":0,"63":0,"65":2,"66":0,"67":2,"68":0,"69":0,"71":2,"72":0,"73":0,"75":2,"76":0,"77":0,"79":2,"80":0,"81":0,"83":2,"84":2,"85":2,"87":177,"88":2,"90":2,"92":2,"93":2,"94":2,"95":1,"96":1,"98":2,"99":2,"100":2,"101":0,"102":2,"103":2,"104":2,"105":2,"107":177,"108":0,"109":0,"110":0,"111":0,"112":0,"113":0,"114":0,"115":0,"116":0,"117":0,"118":0,"120":177,"122":73,"123":73,"124":73,"126":73,"127":73,"128":177,"129":177,"130":177,"131":177,"132":177,"134":177,"135":177,"136":177,"139":177,"141":177,"142":177,"143":177,"145":177,"146":177,"147":177,"148":177,"149":177,"150":177,"151":177,"152":177,"153":177,"154":177,"155":177,"158":177,"159":177,"160":177,"162":177,"163":177,"164":177,"165":177,"166":177,"167":177,"168":177,"169":177,"170":177,"171":177,"172":177,"175":177,"176":177,"177":177,"179":177,"180":177,"181":177,"182":177,"183":177,"184":177,"185":177,"186":177,"187":177,"188":177,"189":177,"192":177,"193":50,"194":50,"195":50,"197":50,"198":50,"199":50,"200":50,"201":50,"202":50,"203":50,"204":50,"205":50,"206":50,"207":50,"211":177,"212":177,"213":177,"215":177,"216":177,"217":177,"218":177,"219":177,"220":177,"221":177,"222":177,"223":177,"224":177,"225":177,"228":177,"229":177,"230":177,"232":177,"233":177,"234":177,"235":177,"236":177,"237":177,"239":177,"240":177,"241":177,"242":177,"243":177,"244":177,"245":177,"246":177,"247":177,"248":177,"249":177,"252":177,"253":177,"255":177,"256":177,"257":177,"258":177,"259":177,"260":177,"262":177,"263":177,"264":177,"265":177,"266":177,"269":177,"270":177,"271":177,"272":177,"274":177,"275":2,"277":71,"279":177,"280":177,"281":177,"282":177,"284":177,"286":1},"branchMap":{"0":{"type":"branch","line":13,"loc":{"start":{"line":13,"column":52},"end":{"line":285,"column":2}},"locations":[{"start":{"line":13,"column":52},"end":{"line":285,"column":2}}]},"1":{"type":"branch","line":121,"loc":{"start":{"line":121,"column":15},"end":{"line":121,"column":27}},"locations":[{"start":{"line":121,"column":15},"end":{"line":121,"column":27}}]},"2":{"type":"branch","line":121,"loc":{"start":{"line":121,"column":22},"end":{"line":129,"column":33}},"locations":[{"start":{"line":121,"column":22},"end":{"line":129,"column":33}}]},"3":{"type":"branch","line":129,"loc":{"start":{"line":129,"column":22},"end":{"line":129,"column":53}},"locations":[{"start":{"line":129,"column":22},"end":{"line":129,"column":53}}]},"4":{"type":"branch","line":129,"loc":{"start":{"line":129,"column":33},"end":{"line":129,"column":65}},"locations":[{"start":{"line":129,"column":33},"end":{"line":129,"column":65}}]},"5":{"type":"branch","line":152,"loc":{"start":{"line":152,"column":46},"end":{"line":152,"column":79}},"locations":[{"start":{"line":152,"column":46},"end":{"line":152,"column":79}}]},"6":{"type":"branch","line":152,"loc":{"start":{"line":152,"column":58},"end":{"line":152,"column":81}},"locations":[{"start":{"line":152,"column":58},"end":{"line":152,"column":81}}]},"7":{"type":"branch","line":155,"loc":{"start":{"line":155,"column":20},"end":{"line":155,"column":88}},"locations":[{"start":{"line":155,"column":20},"end":{"line":155,"column":88}}]},"8":{"type":"branch","line":169,"loc":{"start":{"line":169,"column":46},"end":{"line":169,"column":78}},"locations":[{"start":{"line":169,"column":46},"end":{"line":169,"column":78}}]},"9":{"type":"branch","line":169,"loc":{"start":{"line":169,"column":57},"end":{"line":169,"column":80}},"locations":[{"start":{"line":169,"column":57},"end":{"line":169,"column":80}}]},"10":{"type":"branch","line":172,"loc":{"start":{"line":172,"column":20},"end":{"line":172,"column":86}},"locations":[{"start":{"line":172,"column":20},"end":{"line":172,"column":86}}]},"11":{"type":"branch","line":186,"loc":{"start":{"line":186,"column":46},"end":{"line":186,"column":75}},"locations":[{"start":{"line":186,"column":46},"end":{"line":186,"column":75}}]},"12":{"type":"branch","line":186,"loc":{"start":{"line":186,"column":54},"end":{"line":186,"column":77}},"locations":[{"start":{"line":186,"column":54},"end":{"line":186,"column":77}}]},"13":{"type":"branch","line":189,"loc":{"start":{"line":189,"column":20},"end":{"line":189,"column":80}},"locations":[{"start":{"line":189,"column":20},"end":{"line":189,"column":80}}]},"14":{"type":"branch","line":193,"loc":{"start":{"line":193,"column":20},"end":{"line":208,"column":18}},"locations":[{"start":{"line":193,"column":20},"end":{"line":208,"column":18}}]},"15":{"type":"branch","line":204,"loc":{"start":{"line":204,"column":48},"end":{"line":204,"column":80}},"locations":[{"start":{"line":204,"column":48},"end":{"line":204,"column":80}}]},"16":{"type":"branch","line":207,"loc":{"start":{"line":207,"column":22},"end":{"line":207,"column":88}},"locations":[{"start":{"line":207,"column":22},"end":{"line":207,"column":88}}]},"17":{"type":"branch","line":222,"loc":{"start":{"line":222,"column":46},"end":{"line":222,"column":81}},"locations":[{"start":{"line":222,"column":46},"end":{"line":222,"column":81}}]},"18":{"type":"branch","line":222,"loc":{"start":{"line":222,"column":60},"end":{"line":222,"column":83}},"locations":[{"start":{"line":222,"column":60},"end":{"line":222,"column":83}}]},"19":{"type":"branch","line":225,"loc":{"start":{"line":225,"column":20},"end":{"line":225,"column":92}},"locations":[{"start":{"line":225,"column":20},"end":{"line":225,"column":92}}]},"20":{"type":"branch","line":275,"loc":{"start":{"line":275,"column":13},"end":{"line":276,"column":41}},"locations":[{"start":{"line":275,"column":13},"end":{"line":276,"column":41}}]},"21":{"type":"branch","line":276,"loc":{"start":{"line":276,"column":39},"end":{"line":278,"column":63}},"locations":[{"start":{"line":276,"column":39},"end":{"line":278,"column":63}}]},"22":{"type":"branch","line":278,"loc":{"start":{"line":278,"column":23},"end":{"line":278,"column":50}},"locations":[{"start":{"line":278,"column":23},"end":{"line":278,"column":50}}]},"23":{"type":"branch","line":278,"loc":{"start":{"line":278,"column":34},"end":{"line":278,"column":63}},"locations":[{"start":{"line":278,"column":34},"end":{"line":278,"column":63}}]},"24":{"type":"branch","line":32,"loc":{"start":{"line":32,"column":12},"end":{"line":55,"column":5}},"locations":[{"start":{"line":32,"column":12},"end":{"line":55,"column":5}}]},"25":{"type":"branch","line":33,"loc":{"start":{"line":33,"column":17},"end":{"line":33,"column":33}},"locations":[{"start":{"line":33,"column":17},"end":{"line":33,"column":33}}]},"26":{"type":"branch","line":33,"loc":{"start":{"line":33,"column":33},"end":{"line":43,"column":11}},"locations":[{"start":{"line":33,"column":33},"end":{"line":43,"column":11}}]},"27":{"type":"branch","line":43,"loc":{"start":{"line":43,"column":4},"end":{"line":53,"column":5}},"locations":[{"start":{"line":43,"column":4},"end":{"line":53,"column":5}}]},"28":{"type":"branch","line":57,"loc":{"start":{"line":57,"column":23},"end":{"line":86,"column":4}},"locations":[{"start":{"line":57,"column":23},"end":{"line":86,"column":4}}]},"29":{"type":"branch","line":60,"loc":{"start":{"line":60,"column":25},"end":{"line":62,"column":15}},"locations":[{"start":{"line":60,"column":25},"end":{"line":62,"column":15}}]},"30":{"type":"branch","line":62,"loc":{"start":{"line":62,"column":53},"end":{"line":64,"column":5}},"locations":[{"start":{"line":62,"column":53},"end":{"line":64,"column":5}}]},"31":{"type":"branch","line":66,"loc":{"start":{"line":66,"column":17},"end":{"line":66,"column":49}},"locations":[{"start":{"line":66,"column":17},"end":{"line":66,"column":49}}]},"32":{"type":"branch","line":66,"loc":{"start":{"line":66,"column":49},"end":{"line":68,"column":15}},"locations":[{"start":{"line":66,"column":49},"end":{"line":68,"column":15}}]},"33":{"type":"branch","line":68,"loc":{"start":{"line":68,"column":24},"end":{"line":68,"column":66}},"locations":[{"start":{"line":68,"column":24},"end":{"line":68,"column":66}}]},"34":{"type":"branch","line":68,"loc":{"start":{"line":68,"column":66},"end":{"line":70,"column":5}},"locations":[{"start":{"line":68,"column":66},"end":{"line":70,"column":5}}]},"35":{"type":"branch","line":72,"loc":{"start":{"line":72,"column":29},"end":{"line":74,"column":5}},"locations":[{"start":{"line":72,"column":29},"end":{"line":74,"column":5}}]},"36":{"type":"branch","line":76,"loc":{"start":{"line":76,"column":28},"end":{"line":78,"column":5}},"locations":[{"start":{"line":76,"column":28},"end":{"line":78,"column":5}}]},"37":{"type":"branch","line":80,"loc":{"start":{"line":80,"column":31},"end":{"line":82,"column":5}},"locations":[{"start":{"line":80,"column":31},"end":{"line":82,"column":5}}]},"38":{"type":"branch","line":88,"loc":{"start":{"line":88,"column":23},"end":{"line":106,"column":4}},"locations":[{"start":{"line":88,"column":23},"end":{"line":106,"column":4}}]},"39":{"type":"branch","line":91,"loc":{"start":{"line":91,"column":25},"end":{"line":91,"column":32}},"locations":[{"start":{"line":91,"column":25},"end":{"line":91,"column":32}}]},"40":{"type":"branch","line":95,"loc":{"start":{"line":95,"column":34},"end":{"line":96,"column":39}},"locations":[{"start":{"line":95,"column":34},"end":{"line":96,"column":39}}]},"41":{"type":"branch","line":96,"loc":{"start":{"line":96,"column":10},"end":{"line":97,"column":68}},"locations":[{"start":{"line":96,"column":10},"end":{"line":97,"column":68}}]},"42":{"type":"branch","line":101,"loc":{"start":{"line":101,"column":4},"end":{"line":103,"column":6}},"locations":[{"start":{"line":101,"column":4},"end":{"line":103,"column":6}}]},"43":{"type":"branch","line":151,"loc":{"start":{"line":151,"column":24},"end":{"line":151,"column":87}},"locations":[{"start":{"line":151,"column":24},"end":{"line":151,"column":87}}]},"44":{"type":"branch","line":168,"loc":{"start":{"line":168,"column":24},"end":{"line":168,"column":86}},"locations":[{"start":{"line":168,"column":24},"end":{"line":168,"column":86}}]},"45":{"type":"branch","line":185,"loc":{"start":{"line":185,"column":24},"end":{"line":185,"column":83}},"locations":[{"start":{"line":185,"column":24},"end":{"line":185,"column":83}}]},"46":{"type":"branch","line":203,"loc":{"start":{"line":203,"column":26},"end":{"line":203,"column":88}},"locations":[{"start":{"line":203,"column":26},"end":{"line":203,"column":88}}]},"47":{"type":"branch","line":221,"loc":{"start":{"line":221,"column":24},"end":{"line":221,"column":89}},"locations":[{"start":{"line":221,"column":24},"end":{"line":221,"column":89}}]}},"b":{"0":[177],"1":[103],"2":[73],"3":[50],"4":[23],"5":[0],"6":[73],"7":[0],"8":[0],"9":[73],"10":[0],"11":[0],"12":[73],"13":[0],"14":[50],"15":[0],"16":[0],"17":[0],"18":[73],"19":[0],"20":[2],"21":[71],"22":[49],"23":[22],"24":[39],"25":[19],"26":[1],"27":[38],"28":[2],"29":[0],"30":[0],"31":[1],"32":[0],"33":[1],"34":[0],"35":[0],"36":[0],"37":[0],"38":[2],"39":[0],"40":[1],"41":[1],"42":[0],"43":[3],"44":[4],"45":[35],"46":[11],"47":[12]},"fnMap":{"0":{"name":"UserFormModal","decl":{"start":{"line":13,"column":52},"end":{"line":285,"column":2}},"loc":{"start":{"line":13,"column":52},"end":{"line":285,"column":2}},"line":13},"1":{"name":"validateForm","decl":{"start":{"line":57,"column":23},"end":{"line":86,"column":4}},"loc":{"start":{"line":57,"column":23},"end":{"line":86,"column":4}},"line":57},"2":{"name":"handleSubmit","decl":{"start":{"line":88,"column":23},"end":{"line":106,"column":4}},"loc":{"start":{"line":88,"column":23},"end":{"line":106,"column":4}},"line":88},"3":{"name":"getRoleIcon","decl":{"start":{"line":108,"column":22},"end":{"line":119,"column":4}},"loc":{"start":{"line":108,"column":22},"end":{"line":119,"column":4}},"line":108},"4":{"name":"onChange","decl":{"start":{"line":151,"column":24},"end":{"line":151,"column":87}},"loc":{"start":{"line":151,"column":24},"end":{"line":151,"column":87}},"line":151},"5":{"name":"onChange","decl":{"start":{"line":168,"column":24},"end":{"line":168,"column":86}},"loc":{"start":{"line":168,"column":24},"end":{"line":168,"column":86}},"line":168},"6":{"name":"onChange","decl":{"start":{"line":185,"column":24},"end":{"line":185,"column":83}},"loc":{"start":{"line":185,"column":24},"end":{"line":185,"column":83}},"line":185},"7":{"name":"onChange","decl":{"start":{"line":203,"column":26},"end":{"line":203,"column":88}},"loc":{"start":{"line":203,"column":26},"end":{"line":203,"column":88}},"line":203},"8":{"name":"onChange","decl":{"start":{"line":221,"column":24},"end":{"line":221,"column":89}},"loc":{"start":{"line":221,"column":24},"end":{"line":221,"column":89}},"line":221},"9":{"name":"onChange","decl":{"start":{"line":237,"column":24},"end":{"line":237,"column":94}},"loc":{"start":{"line":237,"column":24},"end":{"line":237,"column":94}},"line":237},"10":{"name":"onChange","decl":{"start":{"line":260,"column":24},"end":{"line":260,"column":98}},"loc":{"start":{"line":260,"column":24},"end":{"line":260,"column":98}},"line":260}},"f":{"0":177,"1":2,"2":2,"3":0,"4":3,"5":4,"6":35,"7":11,"8":12,"9":0,"10":0}}
,"D:\\UTS\\2025-02\\Advanced Software development\\Assignment\\Projects\\le-restaurant\\frontend\\src\\components\\organisms\\UserManagementPanel.tsx": {"path":"D:\\UTS\\2025-02\\Advanced Software development\\Assignment\\Projects\\le-restaurant\\frontend\\src\\components\\organisms\\UserManagementPanel.tsx","all":false,"statementMap":{"0":{"start":{"line":1,"column":0},"end":{"line":1,"column":51}},"1":{"start":{"line":2,"column":0},"end":{"line":2,"column":9}},"14":{"start":{"line":15,"column":0},"end":{"line":15,"column":100}},"15":{"start":{"line":16,"column":0},"end":{"line":16,"column":44}},"16":{"start":{"line":17,"column":0},"end":{"line":17,"column":52}},"23":{"start":{"line":24,"column":0},"end":{"line":24,"column":90}},"24":{"start":{"line":25,"column":0},"end":{"line":25,"column":65}},"25":{"start":{"line":26,"column":0},"end":{"line":26,"column":51}},"26":{"start":{"line":27,"column":0},"end":{"line":27,"column":72}},"27":{"start":{"line":28,"column":0},"end":{"line":28,"column":78}},"28":{"start":{"line":29,"column":0},"end":{"line":29,"column":64}},"29":{"start":{"line":30,"column":0},"end":{"line":30,"column":60}},"30":{"start":{"line":31,"column":0},"end":{"line":31,"column":70}},"33":{"start":{"line":34,"column":0},"end":{"line":34,"column":9}},"34":{"start":{"line":35,"column":0},"end":{"line":35,"column":10}},"35":{"start":{"line":36,"column":0},"end":{"line":36,"column":23}},"36":{"start":{"line":37,"column":0},"end":{"line":37,"column":10}},"37":{"start":{"line":38,"column":0},"end":{"line":38,"column":23}},"38":{"start":{"line":39,"column":0},"end":{"line":39,"column":14}},"39":{"start":{"line":40,"column":0},"end":{"line":40,"column":15}},"40":{"start":{"line":41,"column":0},"end":{"line":41,"column":15}},"41":{"start":{"line":42,"column":0},"end":{"line":42,"column":14}},"42":{"start":{"line":43,"column":0},"end":{"line":43,"column":19}},"45":{"start":{"line":46,"column":0},"end":{"line":46,"column":19}},"46":{"start":{"line":47,"column":0},"end":{"line":47,"column":17}},"47":{"start":{"line":48,"column":0},"end":{"line":48,"column":18}},"48":{"start":{"line":49,"column":0},"end":{"line":49,"column":5}},"49":{"start":{"line":50,"column":0},"end":{"line":50,"column":26}},"51":{"start":{"line":52,"column":0},"end":{"line":52,"column":19}},"52":{"start":{"line":53,"column":0},"end":{"line":53,"column":25}},"55":{"start":{"line":56,"column":0},"end":{"line":56,"column":21}},"56":{"start":{"line":57,"column":0},"end":{"line":57,"column":40}},"57":{"start":{"line":58,"column":0},"end":{"line":58,"column":74}},"58":{"start":{"line":59,"column":0},"end":{"line":59,"column":73}},"59":{"start":{"line":60,"column":0},"end":{"line":60,"column":67}},"60":{"start":{"line":61,"column":0},"end":{"line":61,"column":8}},"61":{"start":{"line":62,"column":0},"end":{"line":62,"column":5}},"64":{"start":{"line":65,"column":0},"end":{"line":65,"column":31}},"65":{"start":{"line":66,"column":0},"end":{"line":66,"column":67}},"66":{"start":{"line":67,"column":0},"end":{"line":67,"column":5}},"69":{"start":{"line":70,"column":0},"end":{"line":70,"column":33}},"70":{"start":{"line":71,"column":0},"end":{"line":71,"column":71}},"71":{"start":{"line":72,"column":0},"end":{"line":72,"column":5}},"73":{"start":{"line":74,"column":0},"end":{"line":74,"column":31}},"74":{"start":{"line":75,"column":0},"end":{"line":75,"column":52}},"76":{"start":{"line":77,"column":0},"end":{"line":77,"column":87}},"77":{"start":{"line":78,"column":0},"end":{"line":78,"column":9}},"79":{"start":{"line":80,"column":0},"end":{"line":80,"column":60}},"80":{"start":{"line":81,"column":0},"end":{"line":81,"column":72}},"81":{"start":{"line":82,"column":0},"end":{"line":82,"column":7}},"84":{"start":{"line":85,"column":0},"end":{"line":85,"column":26}},"85":{"start":{"line":86,"column":0},"end":{"line":86,"column":30}},"86":{"start":{"line":87,"column":0},"end":{"line":87,"column":36}},"87":{"start":{"line":88,"column":0},"end":{"line":88,"column":38}},"88":{"start":{"line":89,"column":0},"end":{"line":89,"column":36}},"89":{"start":{"line":90,"column":0},"end":{"line":90,"column":42}},"90":{"start":{"line":91,"column":0},"end":{"line":91,"column":53}},"91":{"start":{"line":92,"column":0},"end":{"line":92,"column":8}},"93":{"start":{"line":94,"column":0},"end":{"line":94,"column":35}},"94":{"start":{"line":95,"column":0},"end":{"line":95,"column":32}},"95":{"start":{"line":96,"column":0},"end":{"line":96,"column":21}},"96":{"start":{"line":97,"column":0},"end":{"line":97,"column":53}},"97":{"start":{"line":98,"column":0},"end":{"line":98,"column":5}},"98":{"start":{"line":99,"column":0},"end":{"line":99,"column":4}},"100":{"start":{"line":101,"column":0},"end":{"line":101,"column":83}},"101":{"start":{"line":102,"column":0},"end":{"line":102,"column":9}},"102":{"start":{"line":103,"column":0},"end":{"line":103,"column":41}},"103":{"start":{"line":104,"column":0},"end":{"line":104,"column":30}},"104":{"start":{"line":105,"column":0},"end":{"line":105,"column":28}},"105":{"start":{"line":106,"column":0},"end":{"line":106,"column":21}},"106":{"start":{"line":107,"column":0},"end":{"line":107,"column":53}},"107":{"start":{"line":108,"column":0},"end":{"line":108,"column":5}},"108":{"start":{"line":109,"column":0},"end":{"line":109,"column":4}},"110":{"start":{"line":111,"column":0},"end":{"line":111,"column":54}},"111":{"start":{"line":112,"column":0},"end":{"line":112,"column":71}},"113":{"start":{"line":114,"column":0},"end":{"line":114,"column":9}},"114":{"start":{"line":115,"column":0},"end":{"line":115,"column":31}},"115":{"start":{"line":116,"column":0},"end":{"line":116,"column":21}},"116":{"start":{"line":117,"column":0},"end":{"line":117,"column":53}},"117":{"start":{"line":118,"column":0},"end":{"line":118,"column":5}},"118":{"start":{"line":119,"column":0},"end":{"line":119,"column":4}},"120":{"start":{"line":121,"column":0},"end":{"line":121,"column":43}},"121":{"start":{"line":122,"column":0},"end":{"line":122,"column":19}},"122":{"start":{"line":123,"column":0},"end":{"line":123,"column":26}},"123":{"start":{"line":124,"column":0},"end":{"line":124,"column":59}},"124":{"start":{"line":125,"column":0},"end":{"line":125,"column":28}},"125":{"start":{"line":126,"column":0},"end":{"line":126,"column":63}},"126":{"start":{"line":127,"column":0},"end":{"line":127,"column":29}},"127":{"start":{"line":128,"column":0},"end":{"line":128,"column":60}},"128":{"start":{"line":129,"column":0},"end":{"line":129,"column":14}},"129":{"start":{"line":130,"column":0},"end":{"line":130,"column":59}},"130":{"start":{"line":131,"column":0},"end":{"line":131,"column":5}},"131":{"start":{"line":132,"column":0},"end":{"line":132,"column":4}},"133":{"start":{"line":134,"column":0},"end":{"line":134,"column":50}},"134":{"start":{"line":135,"column":0},"end":{"line":135,"column":69}},"135":{"start":{"line":136,"column":0},"end":{"line":136,"column":21}},"136":{"start":{"line":137,"
[...]
40":{"start":{"line":141,"column":0},"end":{"line":141,"column":28}},"141":{"start":{"line":142,"column":0},"end":{"line":142,"column":32}},"142":{"start":{"line":143,"column":0},"end":{"line":143,"column":38}},"143":{"start":{"line":144,"column":0},"end":{"line":144,"column":38}},"144":{"start":{"line":145,"column":0},"end":{"line":145,"column":38}},"145":{"start":{"line":146,"column":0},"end":{"line":146,"column":25}},"146":{"start":{"line":147,"column":0},"end":{"line":147,"column":3}},"147":{"start":{"line":148,"column":0},"end":{"line":148,"column":2}},"159":{"start":{"line":160,"column":0},"end":{"line":160,"column":29}},"160":{"start":{"line":161,"column":0},"end":{"line":161,"column":42}},"162":{"start":{"line":163,"column":0},"end":{"line":163,"column":26}},"167":{"start":{"line":168,"column":0},"end":{"line":168,"column":47}},"168":{"start":{"line":169,"column":0},"end":{"line":169,"column":35}},"169":{"start":{"line":170,"column":0},"end":{"line":170,"column":53}},"170":{"start":{"line":171,"column":0},"end":{"line":171,"column":5}},"171":{"start":{"line":172,"column":0},"end":{"line":172,"column":35}},"172":{"start":{"line":173,"column":0},"end":{"line":173,"column":3}},"180":{"start":{"line":181,"column":0},"end":{"line":181,"column":88}},"181":{"start":{"line":182,"column":0},"end":{"line":182,"column":9}},"182":{"start":{"line":183,"column":0},"end":{"line":183,"column":48}},"184":{"start":{"line":185,"column":0},"end":{"line":185,"column":65}},"185":{"start":{"line":186,"column":0},"end":{"line":186,"column":71}},"186":{"start":{"line":187,"column":0},"end":{"line":187,"column":79}},"187":{"start":{"line":188,"column":0},"end":{"line":188,"column":76}},"188":{"start":{"line":189,"column":0},"end":{"line":189,"column":79}},"190":{"start":{"line":191,"column":0},"end":{"line":191,"column":93}},"191":{"start":{"line":192,"column":0},"end":{"line":192,"column":71}},"193":{"start":{"line":194,"column":0},"end":{"line":194,"column":22}},"194":{"start":{"line":195,"column":0},"end":{"line":195,"column":21}},"195":{"start":{"line":196,"column":0},"end":{"line":196,"column":78}},"196":{"start":{"line":197,"column":0},"end":{"line":197,"column":43}},"197":{"start":{"line":198,"column":0},"end":{"line":198,"column":5}},"198":{"start":{"line":199,"column":0},"end":{"line":199,"column":3}},"206":{"start":{"line":207,"column":0},"end":{"line":207,"column":55}},"207":{"start":{"line":208,"column":0},"end":{"line":208,"column":9}},"208":{"start":{"line":209,"column":0},"end":{"line":209,"column":65}},"209":{"start":{"line":210,"column":0},"end":{"line":210,"column":22}},"210":{"start":{"line":211,"column":0},"end":{"line":211,"column":21}},"211":{"start":{"line":212,"column":0},"end":{"line":212,"column":83}},"212":{"start":{"line":213,"column":0},"end":{"line":213,"column":63}},"213":{"start":{"line":214,"column":0},"end":{"line":214,"column":22}},"214":{"start":{"line":215,"column":0},"end":{"line":215,"column":57}},"215":{"start":{"line":216,"column":0},"end":{"line":216,"column":7}},"216":{"start":{"line":217,"column":0},"end":{"line":217,"column":22}},"217":{"start":{"line":218,"column":0},"end":{"line":218,"column":5}},"218":{"start":{"line":219,"column":0},"end":{"line":219,"column":3}},"226":{"start":{"line":227,"column":0},"end":{"line":227,"column":61}},"227":{"start":{"line":228,"column":0},"end":{"line":228,"column":9}},"228":{"start":{"line":229,"column":0},"end":{"line":229,"column":94}},"229":{"start":{"line":230,"column":0},"end":{"line":230,"column":22}},"230":{"start":{"line":231,"column":0},"end":{"line":231,"column":21}},"231":{"start":{"line":232,"column":0},"end":{"line":232,"column":86}},"232":{"start":{"line":233,"column":0},"end":{"line":233,"column":69}},"233":{"start":{"line":234,"column":0},"end":{"line":234,"column":22}},"234":{"start":{"line":235,"column":0},"end":{"line":235,"column":63}},"235":{"start":{"line":236,"column":0},"end":{"line":236,"column":7}},"236":{"start":{"line":237,"column":0},"end":{"line":237,"column":22}},"237":{"start":{"line":238,"column":0},"end":{"line":238,"column":5}},"238":{"start":{"line":239,"column":0},"end":{"line":239,"column":3}},"246":{"start":{"line":247,"column":0},"end":{"line":247,"column":64}},"247":{"start":{"line":248,"column":0},"end":{"line":248,"column":9}},"248":{"start":{"line":249,"column":0},"end":{"line":249,"column":74}},"249":{"start":{"line":250,"column":0},"end":{"line":250,"column":22}},"250":{"start":{"line":251,"column":0},"end":{"line":251,"column":21}},"251":{"start":{"line":252,"column":0},"end":{"line":252,"column":86}},"252":{"start":{"line":253,"column":0},"end":{"line":253,"column":59}},"253":{"start":{"line":254,"column":0},"end":{"line":254,"column":5}},"254":{"start":{"line":255,"column":0},"end":{"line":255,"column":3}},"262":{"start":{"line":263,"column":0},"end":{"line":263,"column":70}},"263":{"start":{"line":264,"column":0},"end":{"line":264,"column":9}},"264":{"start":{"line":265,"column":0},"end":{"line":265,"column":78}},"265":{"start":{"line":266,"column":0},"end":{"line":266,"column":22}},"266":{"start":{"line":267,"column":0},"end":{"line":267,"column":21}},"267":{"start":{"line":268,"column":0},"end":{"line":268,"column":88}},"268":{"start":{"line":269,"column":0},"end":{"line":269,"column":63}},"269":{"start":{"line":270,"column":0},"end":{"line":270,"column":5}},"270":{"start":{"line":271,"column":0},"end":{"line":271,"column":3}},"278":{"start":{"line":279,"column":0},"end":{"line":279,"column":71}},"279":{"start":{"line":280,"column":0},"end":{"line":280,"column":9}},"280":{"start":{"line":281,"column":0},"end":{"line":281,"column":70}},"281":{"start":{"line":282,"column":0},"end":{"line":282,"column":22}},"282":{"start":{"line":283,"column":0},"end":{"line":283,"column":21}},"283":{"start":{"line":284,"column":0},"end":{"line":284,"column":77}},"285":{"start":{"line":286,"column":0},"end":{"line":286,"column":29}},"286":{"start":{"line":287,"column":0},"end":{"line":287,"column":55}},"287":{"start":{"line":288,"column":0},"end":{"line":288,"column":20}},"288":{"start":{"line":289,"column":0},"end":{"line":289,"column":88}},"289":{"start":{"line":290,"column":0},"end":{"line":290,"column":34}},"290":{"start":{"line":291,"column":0},"end":{"line":291,"column":44}},"291":{"start":{"line":292,"column":0},"end":{"line":292,"column":44}},"292":{"start":{"line":293,"column":0},"end":{"line":293,"column":24}},"293":{"start":{"line":294,"column":0},"end":{"line":294,"column":8}},"294":{"start":{"line":295,"column":0},"end":{"line":295,"column":31}},"295":{"start":{"line":296,"column":0},"end":{"line":296,"column":21}},"296":{"start":{"line":297,"column":0},"end":{"line":297,"column":5}},"297":{"start":{"line":298,"column":0},"end":{"line":298,"column":3}},"306":{"start":{"line":307,"column":0},"end":{"line":307,"column":83}},"307":{"start":{"line":308,"column":0},"end":{"line":308,"column":9}},"308":{"start":{"line":309,"column":0},"end":{"line":309,"column":75}},"309":{"start":{"line":310,"column":0},"end":{"line":310,"column":22}},"310":{"start":{"line":311,"column":0},"end":{"line":311,"column":21}},"311":{"start":{"line":312,"column":0},"end":{"line":312,"column":77}},"312":{"start":{"line":313,"column":0},"end":{"line":313,"column":69}},"313":{"start":{"line":314,"column":0},"end":{"line":314,"column":29}},"314":{"start":{"line":315,"column":0},"end":{"line":315,"column":57}},"315":{"start":{"line":316,"column":0},"end":{"line":316,"column":7}},"317":{"start":{"line":318,"column":0},"end":{"line":318,"column":31}},"318":{"start":{"line":319,"column":0},"end":{"line":319,"column":33}},"319":{"start":{"line":320,"column":0},"end":{"line":320,"column":20}},"320":{"start":{"line":321,"column":0},"end":{"line":321,"column":44}},"321":{"start":{"line":322,"column":0},"end":{"line":322,"column":8}},"323":{"start":{"line":324,"column":0},"end":{"line":324,"column":35}},"324":{"start":{"line":325,"column":0},"end":{"line":325,"column":5}},"325":{"start":{"line":326,"column":0},"end":{"line":326,"column":3}},"334":{"start":{"line":335,"column":0},"end":{"line":335,"column":80}},"335":{"start":{"line":336,"column":0},"end":{"line":336,"column":43}},"336":{"start":{"line":337,"column":0},"end":{"line":337,"column":3}},"344":{"start":{"line":345,"column":0},"end":{"line":345,"column":54}},"345":{"start":{"line":346,"column":0},"end":{"line":346,"column":9}},"346":{"start":{"line":347,"column":0},"end":{"line":347,"column":45}},"347":{"start":{"line":348,"column":0},"end":{"line":348,"column":21}},"348":{"start":{"line":349,"column":0},"end":{"line":349,"column":77}},"349":{"start":{"line":350,"column":0},"end":{"line":350,"column":69}},"350":{"start":{"line":351,"column":0},"end":{"line":351,"column":29}},"351":{"start":{"line":352,"column":0},"end":{"line":352,"column":57}},"352":{"start":{"line":353,"column":0},"end":{"line":353,"column":7}},"353":{"start":{"line":354,"column":0},"end":{"line":354,"column":38}},"354":{"start":{"line":355,"column":0},"end":{"line":355,"column":5}},"355":{"start":{"line":356,"column":0},"end":{"line":356,"column":3}},"363":{"start":{"line":364,"column":0},"end":{"line":364,"column":66}},"364":{"start":{"line":365,"column":0},"end":{"line":365,"column":9}},"365":{"start":{"line":366,"column":0},"end":{"line":366,"column":115}},"366":{"start":{"line":367,"column":0},"end":{"line":367,"column":29}},"367":{"start":{"line":368,"column":0},"end":{"line":368,"column":21}},"368":{"start":{"line":369,"column":0},"end":{"line":369,"column":87}},"369":{"start":{"line":370,"column":0},"end":{"line":370,"column":59}},"370":{"start":{"line":371,"column":0},"end":{"line":371,"column":5}},"371":{"start":{"line":372,"column":0},"end":{"line":372,"column":3}},"379":{"start":{"line":380,"column":0},"end":{"line":380,"column":73}},"380":{"start":{"line":381,"column":0},"end":{"line":381,"column":40}},"383":{"start":{"line":384,"column":0},"end":{"line":384,"column":23}},"384":{"start":{"line":385,"column":0},"end":{"line":385,"column":79}},"385":{"start":{"line":386,"column":0},"end":{"line":386,"column":5}},"387":{"start":{"line":388,"column":0},"end":{"line":388,"column":25}},"388":{"start":{"line":389,"column":0},"end":{"line":389,"column":83}},"389":{"start":{"line":390,"column":0},"end":{"line":390,"column":5}},"391":{"start":{"line":392,"column":0},"end":{"line":392,"column":29}},"392":{"start":{"line":393,"column":0},"end":{"line":393,"column":58}},"393":{"start":{"line":394,"column":0},"end":{"line":394,"column":51}},"394":{"start":{"line":395,"column":0},"end":{"line":395,"column":60}},"395":{"start":{"line":396,"column":0},"end":{"line":396,"column":59}},"396":{"start":{"line":397,"column":0},"end":{"line":397,"column":53}},"397":{"start":{"line":398,"column":0},"end":{"line":398,"column":8}},"398":{"start":{"line":399,"column":0},"end":{"line":399,"column":5}},"401":{"start":{"line":402,"column":0},"end":{"line":402,"column":35}},"402":{"start":{"line":403,"column":0},"end":{"line":403,"column":38}},"403":{"start":{"line":404,"column":0},"end":{"line":404,"column":42}},"404":{"start":{"line":405,"column":0},"end":{"line":405,"column":40}},"406":{"start":{"line":407,"column":0},"end":{"line":407,"column":69}},"408":{"start":{"line":409,"column":0},"end":{"line":409,"column":12}},"409":{"start":{"line":410,"column":0},"end":{"line":410,"column":28}},"410":{"start":{"line":411,"column":0},"end":{"line":411,"column":39}},"411":{"start":{"line":412,"column":0},"end":{"line":412,"column":11}},"412":{"start":{"line":413,"column":0},"end":{"line":413,"column":12}},"413":{"start":{"line":414,"column":0},"end":{"line":414,"column":58}},"414":{"start":{"line":415,"column":0},"end":{"line":415,"column":6}},"415":{"start":{"line":416,"column":0},"end":{"line":416,"column":3}},"416":{"start":{"line":417,"column":0},"end":{"line":417,"column":1}},"426":{"start":{"line":427,"column":0},"end":{"line":427,"column":59}}},"s":{"20":1,"21":1,"81":1,"82":1,"83":1,"84":1,"85":1,"86":1,"87":1,"88":1,"89":1,"90":1,"91":1,"92":1,"93":1,"94":1,"95":1,"96":1,"97":1,"98":1,"99":1,"100":1,"101":1,"102":1,"103":1,"104":1,"105":1,"106":1,"107":1,"108":1,"109":1,"110":1,"111":1,"112":1,"113":1,"114":1,"115":1,"116":1,"117":1,"118":1,"119":1,"120":1,"121":1,"122":1,"123":1,"124":1,"125":1,"126":1,"127":1,"128":1,"129":1,"130":1,"131":1,"132":1,"133":1,"134":1,"135":1,"136":1,"137":1,"138":1,"139":1,"140":1,"141":1,"142":1,"143":1,"144":1,"145":1,"146":1,"147":1,"159":1,"160":1,"162":1,"167":1,"168":1,"169":1,"170":1,"171":1,"172":1,"180":1,"181":0,"182":0,"184":0,"185":0,"186":0,"187":0,"188":0,"190":0,"191":0,"193":0,"194":0,"195":0,"196":0,"197":0,"198":0,"206":1,"207":0,"208":0,"209":0,"210":0,"211":0,"212":0,"213":0,"214":0,"215":0,"216":0,"217":0,"218":0,"226":1,"227":0,"228":0,"229":0,"230":0,"231":0,"232":0,"233":0,"234":0,"235":0,"236":0,"237":0,"238":0,"246":1,"247":0,"248":0,"249":0,"250":0,"251":0,"252":0,"253":0,"254":0,"262":1,"263":0,"264":0,"265":0,"266":0,"267":0,"268":0,"269":0,"270":0,"278":1,"279":0,"280":0,"281":0,"282":0,"283":0,"285":0,"286":0,"287":0,"288":0,"289":0,"290":0,"291":0,"292":0,"293":0,"294":0,"295":0,"296":0,"297":0,"306":1,"307":0,"308":0,"309":0,"310":0,"311":0,"312":0,"313":0,"314":0,"315":0,"317":0,"318":0,"319":0,"320":0,"321":0,"323":0,"324":0,"325":0,"334":1,"335":0,"336":0,"344":1,"345":0,"346":0,"347":0,"348":0,"349":0,"350":0,"351":0,"352":0,"353":0,"354":0,"355":0,"363":1,"364":0,"365":0,"366":0,"367":0,"368":0,"369":0,"370":0,"371":0,"379":1,"380":0,"383":0,"384":0,"385":0,"387":0,"388":0,"389":0,"391":0,"392":0,"393":0,"394":0,"395":0,"396":0,"397":0,"398":0,"401":0,"402":0,"403":0,"404":0,"406":0,"408":0,"409":0,"410":0,"411":0,"412":0,"413":0,"414":0,"415":0,"416":1,"426":1},"branchMap":{"0":{"type":"branch","line":160,"loc":{"start":{"line":160,"column":28},"end":{"line":417,"column":1}},"locations":[{"start":{"line":160,"column":28},"end":{"line":417,"column":1}}]},"1":{"type":"branch","line":163,"loc":{"start":{"line":163,"column":10},"end":{"line":163,"column":26}},"locations":[{"start":{"line":163,"column":10},"end":{"line":163,"column":26}}]},"2":{"type":"branch","line":168,"loc":{"start":{"line":168,"column":16},"end":{"line":173,"column":3}},"locations":[{"start":{"line":168,"column":16},"end":{"line":173,"column":3}}]}},"b":{"0":[1],"1":[1],"2":[1]},"fnMap":{"0":{"name":"<static_initializer>","decl":{"start":{"line":160,"column":28},"end":{"line":417,"column":1}},"loc":{"start":{"line":160,"column":28},"end":{"line":417,"column":1}},"line":160},"1":{"name":"UserApiService","decl":{"start":{"line":163,"column":10},"end":{"line":163,"column":26}},"loc":{"start":{"line":163,"column":10},"end":{"line":163,"column":26}},"line":163},"2":{"name":"getInstance","decl":{"start":{"line":168,"column":16},"end":{"line":173,"column":3}},"loc":{"start":{"line":168,"column":16},"end":{"line":173,"column":3}},"line":168},"3":{"name":"getAllUsers","decl":{"start":{"line":181,"column":2},"end":{"line":199,"column":3}},"loc":{"start":{"line":181,"column":2},"end":{"line":199,"column":3}},"line":181},"4":{"name":"getUserById","decl":{"start":{"line":207,"column":2},"end":{"line":219,"column":3}},"loc":{"start":{"line":207,"column":2},"end":{"line":219,"column":3}},"line":207},"5":{"name":"getUserByEmail","decl":{"start":{"line":227,"column":2},"end":{"line":239,"column":3}},"loc":{"start":{"line":227,"column":2},"end":{"line":239,"column":3}},"line":227},"6":{"name":"getUsersByRole","decl":{"start":{"line":247,"column":2},"end":{"line":255,"column":3}},"loc":{"start":{"line":247,"column":2},"end":{"line":255,"column":3}},"line":247},"7":{"name":"getUsersByStatus","decl":{"start":{"line":263,"column":2},"end":{"line":271,"column":3}},"loc":{"start":{"line":263,"column":2},"end":{"line":271,"column":3}},"line":263},"8":{"name":"createUser","decl":{"start":{"line":279,"column":2},"end":{"line":298,"column":3}},"loc":{"start":{"line":279,"column":2},"end":{"line":298,"column":3}},"line":279},"9":{"name":"updateUser","decl":{"start":{"line":307,"column":2},"end":{"line":326,"column":3}},"loc":{"start":{"line":307,"column":2},"end":{"line":326,"column":3}},"line":307},"10":{"name":"updateUserStatus","decl":{"start":{"line":335,"column":2},"end":{"line":337,"column":3}},"loc":{"start":{"line":335,"column":2},"end":{"line":337,"column":3}},"line":335},"11":{"name":"deleteUser","decl":{"start":{"line":345,"column":2},"end":{"line":356,"column":3}},"loc":{"start":{"line":345,"column":2},"end":{"line":356,"column":3}},"line":345},"12":{"name":"checkEmailExists","decl":{"start":{"line":364,"column":2},"end":{"line":372,"column":3}},"loc":{"start":{"line":364,"column":2},"end":{"line":372,"column":3}},"line":364},"13":{"name":"getMockUserList","decl":{"start":{"line":380,"column":10},"end":{"line":416,"column":3}},"loc":{"start":{"line":380,"column":10},"end":{"line":416,"column":3}},"line":380}},"f":{"0":1,"1":1,"2":1,"3":0,"4":0,"5":0,"6":0,"7":0,"8":0,"9":0,"10":0,"11":0,"12":0,"13":0}}
,"D:\\UTS\\2025-02\\Advanced Software development\\Assignment\\Projects\\le-restaurant\\frontend\\src\\types\\payment.ts": {"path":"D:\\UTS\\2025-02\\Advanced Software development\\Assignment\\Projects\\le-restaurant\\frontend\\src\\types\\payment.ts","all":false,"statementMap":{"15":{"start":{"line":16,"column":0},"end":{"line":16,"column":27}},"16":{"start":{"line":17,"column":0},"end":{"line":17,"column":30}},"17":{"start":{"line":18,"column":0},"end":{"line":18,"column":28}},"18":{"start":{"line":19,"column":0},"end":{"line":19,"column":16}},"19":{"start":{"line":20,"column":0},"end":{"line":20,"column":34}},"20":{"start":{"line":21,"column":0},"end":{"line":21,"column":35}},"23":{"start":{"line":24,"column":0},"end":{"line":24,"column":27}},"24":{"start":{"line":25,"column":0},"end":{"line":25,"column":22}},"25":{"start":{"line":26,"column":0},"end":{"line":26,"column":28}},"26":{"start":{"line":27,"column":0},"end":{"line":27,"column":26}},"27":{"start":{"line":28,"column":0},"end":{"line":28,"column":20}},"28":{"start":{"line":29,"column":0},"end":{"line":29,"column":24}},"29":{"start":{"line":30,"column":0},"end":{"line":30,"column":25}}},"s":{"15":1,"16":1,"17":1,"18":1,"19":1,"20":1,"23":1,"24":1,"25":1,"26":1,"27":1,"28":1,"29":1},"branchMap":{"0":{"type":"branch","line":16,"loc":{"start":{"line":16,"column":7},"end":{"line":16,"column":27}},"locations":[{"start":{"line":16,"column":7},"end":{"line":16,"column":27}}]},"1":{"type":"branch","line":24,"loc":{"start":{"line":24,"column":7},"end":{"line":24,"column":27}},"locations":[{"start":{"line":24,"column":7},"end":{"line":24,"column":27}}]}},"b":{"0":[1],"1":[1]},"fnMap":{},"f":{}}
,"D:\\UTS\\2025-02\\Advanced Software development\\Assignment\\Projects\\le-restaurant\\frontend\\src\\types\\user.ts": {"path":"D:\\UTS\\2025-02\\Advanced Software development\\Assignment\\Projects\\le-restaurant\\frontend\\src\\types\\user.ts","all":false,"statementMap":{"15":{"start":{"line":16,"column":0},"end":{"line":16,"column":22}},"16":{"start":{"line":17,"column":0},"end":{"line":17,"column":24}},"17":{"start":{"line":18,"column":0},"end":{"line":18,"column":22}},"18":{"start":{"line":19,"column":0},"end":{"line":19,"column":17}},"21":{"start":{"line":22,"column":0},"end":{"line":22,"column":24}},"22":{"start":{"line":23,"column":0},"end":{"line":23,"column":20}},"23":{"start":{"line":24,"column":0},"end":{"line":24,"column":24}},"24":{"start":{"line":25,"column":0},"end":{"line":25,"column":25}}},"s":{"15":1,"16":1,"17":1,"18":1,"21":1,"22":1,"23":1,"24":1},"branchMap":{"0":{"type":"branch","line":16,"loc":{"start":{"line":16,"column":7},"end":{"line":16,"column":22}},"locations":[{"start":{"line":16,"column":7},"end":{"line":16,"column":22}}]},"1":{"type":"branch","line":22,"loc":{"start":{"line":22,"column":7},"end":{"line":22,"column":24}},"locations":[{"start":{"line":22,"column":7},"end":{"line":22,"column":24}}]}},"b":{"0":[1],"1":[1]},"fnMap":{},"f":{}}
}
