TN:
SF:src\components\organisms\PaymentManagementPanel.tsx
FN:22,PaymentManagementPanel
FN:71,handleStatusChange
FN:79,handleRefund
FN:91,getStatusIcon
FN:110,getStatusBadge
FN:130,getMethodIcon
FN:146,formatCurrency
FN:153,formatDate
FN:163,getTotalStats
FN:267,onChange
FN:277,onChange
FN:293,onChange
FN:388,onClick
FN:401,onClick
FNF:14
FNH:14
FNDA:94,PaymentManagementPanel
FNDA:1,handleStatusChange
FNDA:2,handleRefund
FNDA:150,getStatusIcon
FNDA:150,getStatusBadge
FNDA:150,getMethodIcon
FNDA:426,formatCurrency
FNDA:150,formatDate
FNDA:94,getTotalStats
FNDA:15,onChange
FNDA:2,onChange
FNDA:1,onChange
FNDA:1,onClick
FNDA:2,onClick
DA:1,1
DA:2,1
DA:14,1
DA:15,1
DA:22,1
DA:23,94
DA:24,94
DA:25,94
DA:26,94
DA:29,94
DA:30,94
DA:31,94
DA:32,94
DA:33,94
DA:34,94
DA:35,94
DA:36,94
DA:39,94
DA:40,29
DA:41,28
DA:42,28
DA:43,94
DA:45,94
DA:46,47
DA:49,47
DA:50,15
DA:51,45
DA:52,26
DA:53,26
DA:54,8
DA:55,15
DA:56,15
DA:59,47
DA:60,6
DA:61,6
DA:64,47
DA:65,1
DA:66,1
DA:68,47
DA:69,94
DA:71,94
DA:72,1
DA:73,1
DA:74,1
DA:75,0
DA:76,0
DA:77,1
DA:79,94
DA:80,2
DA:82,1
DA:85,1
DA:86,2
DA:87,0
DA:88,0
DA:89,2
DA:91,94
DA:92,150
DA:93,150
DA:94,60
DA:95,150
DA:96,0
DA:97,150
DA:98,43
DA:99,150
DA:100,47
DA:101,150
DA:102,0
DA:103,150
DA:104,0
DA:105,150
DA:106,0
DA:107,150
DA:108,150
DA:110,94
DA:111,150
DA:112,150
DA:113,150
DA:114,60
DA:115,150
DA:116,0
DA:117,150
DA:118,43
DA:119,150
DA:120,47
DA:121,150
DA:122,0
DA:123,150
DA:124,0
DA:125,150
DA:126,0
DA:127,150
DA:128,150
DA:130,94
DA:131,150
DA:132,150
DA:133,150
DA:134,60
DA:135,150
DA:136,43
DA:137,150
DA:138,0
DA:139,150
DA:140,47
DA:141,150
DA:142,0
DA:143,150
DA:144,150
DA:146,94
DA:147,426
DA:148,426
DA:149,426
DA:150,426
DA:151,426
DA:153,94
DA:154,150
DA:155,150
DA:156,150
DA:157,150
DA:158,150
DA:159,150
DA:160,150
DA:161,150
DA:163,94
DA:164,94
DA:165,94
DA:166,94
DA:167,94
DA:168,94
DA:169,94
DA:170,94
DA:172,94
DA:173,94
DA:175,94
DA:177,94
DA:179,92
DA:180,92
DA:181,92
DA:183,92
DA:184,92
DA:185,92
DA:186,92
DA:187,92
DA:188,92
DA:189,92
DA:190,92
DA:192,92
DA:193,92
DA:194,92
DA:197,92
DA:198,90
DA:199,90
DA:200,90
DA:201,90
DA:202,90
DA:203,90
DA:206,94
DA:207,2
DA:208,2
DA:209,2
DA:210,2
DA:211,2
DA:212,2
DA:216,94
DA:217,94
DA:218,94
DA:219,94
DA:220,94
DA:221,94
DA:222,94
DA:223,94
DA:224,94
DA:225,94
DA:226,94
DA:227,94
DA:228,94
DA:230,94
DA:231,94
DA:232,94
DA:233,94
DA:234,94
DA:235,94
DA:236,94
DA:237,94
DA:238,94
DA:239,94
DA:240,94
DA:242,94
DA:243,94
DA:244,94
DA:245,94
DA:246,94
DA:247,94
DA:248,94
DA:249,94
DA:250,94
DA:251,94
DA:252,94
DA:253,94
DA:254,94
DA:257,94
DA:258,94
DA:260,94
DA:261,94
DA:262,94
DA:263,94
DA:264,94
DA:265,94
DA:266,94
DA:267,94
DA:268,94
DA:269,94
DA:270,94
DA:271,94
DA:274,94
DA:275,94
DA:276,94
DA:277,94
DA:278,94
DA:279,94
DA:280,94
DA:282,94
DA:283,94
DA:284,94
DA:285,94
DA:286,94
DA:287,94
DA:288,94
DA:289,94
DA:291,94
DA:292,94
DA:293,94
DA:294,94
DA:295,94
DA:296,94
DA:298,94
DA:299,94
DA:300,94
DA:301,94
DA:302,94
DA:303,94
DA:304,94
DA:305,94
DA:306,94
DA:307,94
DA:310,94
DA:311,94
DA:312,2
DA:313,2
DA:314,2
DA:316,90
DA:317,90
DA:318,90
DA:319,90
DA:321,90
DA:322,90
DA:324,90
DA:325,90
DA:327,90
DA:328,90
DA:330,90
DA:331,90
DA:333,90
DA:334,90
DA:336,90
DA:337,90
DA:338,90
DA:339,90
DA:340,90
DA:341,150
DA:342,150
DA:343,150
DA:344,150
DA:345,150
DA:346,150
DA:347,150
DA:348,150
DA:349,150
DA:350,150
DA:351,150
DA:352,150
DA:353,150
DA:354,150
DA:355,149
DA:356,149
DA:357,149
DA:359,150
DA:360,150
DA:361,150
DA:362,150
DA:363,150
DA:364,150
DA:365,150
DA:366,150
DA:367,150
DA:368,150
DA:369,150
DA:370,150
DA:371,150
DA:372,150
DA:373,150
DA:374,150
DA:375,150
DA:376,150
DA:377,150
DA:378,150
DA:379,150
DA:380,150
DA:381,150
DA:382,150
DA:383,150
DA:384,150
DA:385,150
DA:386,150
DA:387,150
DA:388,150
DA:390,1
DA:391,1
DA:392,150
DA:393,150
DA:394,150
DA:396,150
DA:397,150
DA:399,150
DA:400,60
DA:401,60
DA:402,60
DA:403,60
DA:404,60
DA:406,60
DA:407,60
DA:409,150
DA:410,150
DA:411,150
DA:412,90
DA:413,90
DA:414,90
DA:416,94
DA:419,94
DA:420,94
DA:421,94
DA:422,94
DA:423,94
DA:424,94
DA:425,94
DA:426,94
DA:427,94
DA:428,94
DA:430,94
DA:431,94
DA:432,94
DA:433,94
DA:434,94
DA:435,94
DA:437,94
DA:439,1
LF:355
LH:341
BRDA:22,0,0,94
BRDA:177,1,0,2
BRDA:177,2,0,92
BRDA:197,3,0,90
BRDA:206,4,0,2
BRDA:311,5,0,2
BRDA:314,6,0,90
BRDA:39,7,0,29
BRDA:40,8,0,28
BRDA:45,9,0,47
BRDA:49,10,0,15
BRDA:59,11,0,6
BRDA:64,12,0,1
BRDA:50,13,0,45
BRDA:51,14,0,26
BRDA:52,15,0,26
BRDA:53,16,0,8
BRDA:60,17,0,15
BRDA:65,18,0,3
BRDA:71,19,0,1
BRDA:74,20,0,0
BRDA:79,21,0,2
BRDA:80,22,0,1
BRDA:86,23,0,0
BRDA:91,24,0,150
BRDA:93,25,0,60
BRDA:95,26,0,0
BRDA:97,27,0,43
BRDA:99,28,0,47
BRDA:101,29,0,0
BRDA:103,30,0,0
BRDA:105,31,0,0
BRDA:110,32,0,150
BRDA:113,33,0,60
BRDA:115,34,0,0
BRDA:117,35,0,43
BRDA:119,36,0,47
BRDA:121,37,0,0
BRDA:123,38,0,0
BRDA:125,39,0,0
BRDA:130,40,0,150
BRDA:132,41,0,60
BRDA:133,42,0,60
BRDA:135,43,0,43
BRDA:137,44,0,0
BRDA:139,45,0,47
BRDA:141,46,0,0
BRDA:146,47,0,426
BRDA:153,48,0,150
BRDA:163,49,0,94
BRDA:164,50,0,256
BRDA:166,51,0,256
BRDA:167,52,0,88
BRDA:169,53,0,256
BRDA:170,54,0,84
BRDA:267,55,0,15
BRDA:277,56,0,2
BRDA:293,57,0,1
BRDA:340,58,0,150
BRDA:354,59,0,149
BRDA:399,60,0,60
BRDA:388,61,0,1
BRDA:401,62,0,2
BRF:63
BRH:51
end_of_record
TN:
SF:src\components\organisms\UserFormModal.tsx
FN:13,UserFormModal
FN:57,validateForm
FN:88,handleSubmit
FN:108,getRoleIcon
FN:151,onChange
FN:168,onChange
FN:185,onChange
FN:203,onChange
FN:221,onChange
FN:237,onChange
FN:260,onChange
FNF:11
FNH:8
FNDA:177,UserFormModal
FNDA:2,validateForm
FNDA:2,handleSubmit
FNDA:0,getRoleIcon
FNDA:3,onChange
FNDA:4,onChange
FNDA:35,onChange
FNDA:11,onChange
FNDA:12,onChange
FNDA:0,onChange
FNDA:0,onChange
DA:1,1
DA:2,1
DA:3,1
DA:13,1
DA:14,177
DA:15,177
DA:16,177
DA:17,177
DA:18,177
DA:19,177
DA:20,177
DA:21,177
DA:22,177
DA:23,177
DA:24,177
DA:25,177
DA:26,177
DA:27,177
DA:28,177
DA:29,177
DA:30,177
DA:32,177
DA:33,39
DA:34,1
DA:35,1
DA:36,1
DA:37,1
DA:38,1
DA:39,1
DA:40,1
DA:41,1
DA:42,1
DA:43,39
DA:44,38
DA:45,38
DA:46,38
DA:47,38
DA:48,38
DA:49,38
DA:50,38
DA:51,38
DA:52,38
DA:53,38
DA:54,39
DA:55,177
DA:57,177
DA:58,2
DA:60,2
DA:61,0
DA:62,2
DA:63,0
DA:64,0
DA:66,2
DA:67,0
DA:68,2
DA:69,0
DA:70,0
DA:72,2
DA:73,0
DA:74,0
DA:76,2
DA:77,0
DA:78,0
DA:80,2
DA:81,0
DA:82,0
DA:84,2
DA:85,2
DA:86,2
DA:88,177
DA:89,2
DA:91,2
DA:93,2
DA:94,2
DA:95,2
DA:96,1
DA:97,1
DA:99,2
DA:100,2
DA:101,2
DA:102,0
DA:103,2
DA:104,2
DA:105,2
DA:106,2
DA:108,177
DA:109,0
DA:110,0
DA:111,0
DA:112,0
DA:113,0
DA:114,0
DA:115,0
DA:116,0
DA:117,0
DA:118,0
DA:119,0
DA:121,177
DA:123,73
DA:124,73
DA:125,73
DA:127,73
DA:128,73
DA:129,177
DA:130,177
DA:131,177
DA:132,177
DA:133,177
DA:135,177
DA:136,177
DA:137,177
DA:140,177
DA:142,177
DA:143,177
DA:144,177
DA:146,177
DA:147,177
DA:148,177
DA:149,177
DA:150,177
DA:151,177
DA:152,177
DA:153,177
DA:154,177
DA:155,177
DA:156,177
DA:159,177
DA:160,177
DA:161,177
DA:163,177
DA:164,177
DA:165,177
DA:166,177
DA:167,177
DA:168,177
DA:169,177
DA:170,177
DA:171,177
DA:172,177
DA:173,177
DA:176,177
DA:177,177
DA:178,177
DA:180,177
DA:181,177
DA:182,177
DA:183,177
DA:184,177
DA:185,177
DA:186,177
DA:187,177
DA:188,177
DA:189,177
DA:190,177
DA:193,177
DA:194,50
DA:195,50
DA:196,50
DA:198,50
DA:199,50
DA:200,50
DA:201,50
DA:202,50
DA:203,50
DA:204,50
DA:205,50
DA:206,50
DA:207,50
DA:208,50
DA:212,177
DA:213,177
DA:214,177
DA:216,177
DA:217,177
DA:218,177
DA:219,177
DA:220,177
DA:221,177
DA:222,177
DA:223,177
DA:224,177
DA:225,177
DA:226,177
DA:229,177
DA:230,177
DA:231,177
DA:233,177
DA:234,177
DA:235,177
DA:236,177
DA:237,177
DA:238,177
DA:240,177
DA:241,177
DA:242,177
DA:243,177
DA:244,177
DA:245,177
DA:246,177
DA:247,177
DA:248,177
DA:249,177
DA:250,177
DA:253,177
DA:254,177
DA:256,177
DA:257,177
DA:258,177
DA:259,177
DA:260,177
DA:261,177
DA:263,177
DA:264,177
DA:265,177
DA:266,177
DA:267,177
DA:270,177
DA:271,177
DA:272,177
DA:273,177
DA:275,177
DA:276,2
DA:278,71
DA:280,177
DA:281,177
DA:282,177
DA:283,177
DA:285,177
DA:287,1
LF:229
LH:205
BRDA:13,0,0,177
BRDA:121,1,0,103
BRDA:121,2,0,73
BRDA:129,3,0,50
BRDA:129,4,0,23
BRDA:152,5,0,0
BRDA:152,6,0,73
BRDA:155,7,0,0
BRDA:169,8,0,0
BRDA:169,9,0,73
BRDA:172,10,0,0
BRDA:186,11,0,0
BRDA:186,12,0,73
BRDA:189,13,0,0
BRDA:193,14,0,50
BRDA:204,15,0,0
BRDA:207,16,0,0
BRDA:222,17,0,0
BRDA:222,18,0,73
BRDA:225,19,0,0
BRDA:275,20,0,2
BRDA:276,21,0,71
BRDA:278,22,0,49
BRDA:278,23,0,22
BRDA:32,24,0,39
BRDA:33,25,0,19
BRDA:33,26,0,1
BRDA:43,27,0,38
BRDA:57,28,0,2
BRDA:60,29,0,0
BRDA:62,30,0,0
BRDA:66,31,0,1
BRDA:66,32,0,0
BRDA:68,33,0,1
BRDA:68,34,0,0
BRDA:72,35,0,0
BRDA:76,36,0,0
BRDA:80,37,0,0
BRDA:88,38,0,2
BRDA:91,39,0,0
BRDA:95,40,0,1
BRDA:96,41,0,1
BRDA:101,42,0,0
BRDA:151,43,0,3
BRDA:168,44,0,4
BRDA:185,45,0,35
BRDA:203,46,0,11
BRDA:221,47,0,12
BRF:48
BRH:29
end_of_record
TN:
SF:src\components\organisms\UserManagementPanel.tsx
FN:24,UserManagementPanel
FN:77,handleCreateUser
FN:101,handleUpdateUser
FN:111,handleDeleteUser
FN:121,getRoleIcon
FN:134,getStatusBadge
FN:148,formatDate
FN:186,onChange
FN:196,onChange
FN:209,onChange
FN:221,onClick
FN:329,onClick
FN:340,onClick
FN:377,onClose
FN:384,onClose
FN:388,onSubmit
FNF:16
FNH:16
FNDA:56,UserManagementPanel
FNDA:1,handleCreateUser
FNDA:1,handleUpdateUser
FNDA:2,handleDeleteUser
FNDA:57,getRoleIcon
FNDA:57,getStatusBadge
FNDA:114,formatDate
FNDA:4,onChange
FNDA:1,onChange
FNDA:1,onChange
FNDA:2,onClick
FNDA:1,onClick
FNDA:2,onClick
FNDA:1,onClose
FNDA:1,onClose
FNDA:1,onSubmit
DA:1,1
DA:2,1
DA:15,1
DA:16,1
DA:17,1
DA:24,1
DA:25,56
DA:26,56
DA:27,56
DA:28,56
DA:29,56
DA:30,56
DA:31,56
DA:34,56
DA:35,56
DA:36,56
DA:37,56
DA:38,56
DA:39,56
DA:40,56
DA:41,56
DA:42,56
DA:43,56
DA:46,56
DA:47,18
DA:48,17
DA:49,17
DA:50,56
DA:52,56
DA:53,24
DA:56,24
DA:57,4
DA:58,8
DA:59,3
DA:60,3
DA:61,4
DA:62,4
DA:65,24
DA:66,1
DA:67,1
DA:70,24
DA:71,1
DA:72,1
DA:74,24
DA:75,56
DA:77,56
DA:78,1
DA:80,1
DA:81,0
DA:82,0
DA:85,1
DA:86,1
DA:87,1
DA:88,1
DA:89,1
DA:90,1
DA:91,1
DA:92,1
DA:94,1
DA:95,1
DA:96,1
DA:97,0
DA:98,0
DA:99,1
DA:101,56
DA:102,1
DA:103,1
DA:104,1
DA:105,1
DA:106,1
DA:107,0
DA:108,0
DA:109,1
DA:111,56
DA:112,2
DA:114,1
DA:115,1
DA:116,2
DA:117,0
DA:118,0
DA:119,2
DA:121,56
DA:122,57
DA:123,57
DA:124,26
DA:125,57
DA:126,0
DA:127,57
DA:128,31
DA:129,57
DA:130,0
DA:131,57
DA:132,57
DA:134,56
DA:135,57
DA:136,57
DA:137,57
DA:138,57
DA:139,57
DA:140,0
DA:141,57
DA:142,0
DA:143,57
DA:144,0
DA:145,57
DA:146,57
DA:148,56
DA:149,114
DA:150,114
DA:151,114
DA:152,114
DA:153,114
DA:154,114
DA:156,56
DA:158,53
DA:159,53
DA:160,53
DA:162,53
DA:163,53
DA:164,53
DA:165,53
DA:166,53
DA:167,53
DA:168,53
DA:169,53
DA:171,53
DA:172,53
DA:173,53
DA:176,53
DA:177,53
DA:179,53
DA:180,53
DA:181,53
DA:182,53
DA:183,53
DA:184,53
DA:185,53
DA:186,53
DA:187,53
DA:188,53
DA:189,53
DA:190,53
DA:193,53
DA:194,53
DA:195,53
DA:196,53
DA:197,53
DA:198,53
DA:199,53
DA:201,53
DA:202,53
DA:203,53
DA:204,53
DA:205,53
DA:207,53
DA:208,53
DA:209,53
DA:210,53
DA:211,53
DA:212,53
DA:214,53
DA:215,53
DA:216,53
DA:217,53
DA:218,53
DA:220,53
DA:221,53
DA:222,53
DA:224,53
DA:225,53
DA:226,53
DA:227,53
DA:228,53
DA:229,53
DA:232,53
DA:233,51
DA:234,51
DA:235,51
DA:236,51
DA:237,51
DA:238,51
DA:241,56
DA:242,2
DA:243,2
DA:244,2
DA:245,2
DA:246,2
DA:247,2
DA:251,56
DA:252,56
DA:253,2
DA:254,2
DA:255,2
DA:257,51
DA:258,51
DA:259,51
DA:260,51
DA:262,51
DA:263,51
DA:265,51
DA:266,51
DA:268,51
DA:269,51
DA:271,51
DA:272,51
DA:274,51
DA:275,51
DA:277,51
DA:278,51
DA:279,51
DA:280,51
DA:281,51
DA:282,57
DA:283,57
DA:284,57
DA:285,57
DA:286,57
DA:287,57
DA:288,57
DA:289,57
DA:290,57
DA:291,57
DA:292,57
DA:293,57
DA:294,57
DA:295,57
DA:296,57
DA:297,57
DA:298,57
DA:299,57
DA:300,57
DA:301,57
DA:302,57
DA:303,57
DA:304,57
DA:305,57
DA:306,57
DA:307,57
DA:308,57
DA:309,57
DA:310,57
DA:311,57
DA:312,57
DA:313,57
DA:314,57
DA:315,57
DA:316,57
DA:317,57
DA:318,57
DA:319,57
DA:320,57
DA:321,57
DA:322,57
DA:323,57
DA:324,57
DA:325,57
DA:326,57
DA:327,57
DA:328,57
DA:329,57
DA:330,1
DA:331,1
DA:332,1
DA:333,57
DA:334,57
DA:335,57
DA:337,57
DA:338,57
DA:339,57
DA:340,57
DA:341,57
DA:342,57
DA:343,57
DA:345,57
DA:346,57
DA:347,57
DA:348,57
DA:349,57
DA:350,51
DA:351,51
DA:352,51
DA:354,56
DA:357,56
DA:358,56
DA:359,56
DA:360,56
DA:361,56
DA:362,56
DA:363,56
DA:364,56
DA:365,56
DA:366,56
DA:368,56
DA:369,56
DA:370,56
DA:371,56
DA:372,56
DA:375,56
DA:376,56
DA:377,56
DA:378,56
DA:379,56
DA:380,56
DA:382,56
DA:383,56
DA:384,56
DA:385,1
DA:386,1
DA:387,1
DA:388,56
DA:389,56
DA:390,56
DA:391,56
DA:392,56
DA:394,56
DA:396,1
LF:316
LH:303
BRDA:24,0,0,56
BRDA:156,1,0,2
BRDA:156,2,0,53
BRDA:232,3,0,51
BRDA:241,4,0,2
BRDA:252,5,0,2
BRDA:255,6,0,51
BRDA:46,7,0,18
BRDA:47,8,0,17
BRDA:52,9,0,24
BRDA:56,10,0,4
BRDA:65,11,0,1
BRDA:70,12,0,1
BRDA:57,13,0,8
BRDA:58,14,0,3
BRDA:59,15,0,3
BRDA:66,16,0,2
BRDA:71,17,0,2
BRDA:77,18,0,1
BRDA:80,19,0,0
BRDA:91,20,0,0
BRDA:96,21,0,0
BRDA:101,22,0,1
BRDA:106,23,0,0
BRDA:111,24,0,2
BRDA:112,25,0,1
BRDA:116,26,0,0
BRDA:121,27,0,57
BRDA:123,28,0,26
BRDA:125,29,0,0
BRDA:127,30,0,31
BRDA:129,31,0,0
BRDA:134,32,0,57
BRDA:139,33,0,0
BRDA:141,34,0,0
BRDA:143,35,0,0
BRDA:148,36,0,114
BRDA:186,37,0,4
BRDA:196,38,0,1
BRDA:209,39,0,1
BRDA:221,40,0,2
BRDA:281,41,0,57
BRDA:321,42,0,0
BRDA:329,43,0,1
BRDA:340,44,0,2
BRDA:377,45,0,1
BRDA:384,46,0,1
BRDA:388,47,0,1
BRF:48
BRH:37
end_of_record
TN:
SF:src\hooks\useApiBase.ts
FN:58,useApiBase
FN:234,useApiList
FN:249,useApiItem
FNF:3
FNH:0
FNDA:0,useApiBase
FNDA:0,useApiList
FNDA:0,useApiItem
DA:15,1
DA:16,1
DA:58,1
DA:59,0
DA:60,0
DA:61,0
DA:62,0
DA:63,0
DA:64,0
DA:70,0
DA:71,0
DA:72,0
DA:73,0
DA:74,0
DA:75,0
DA:76,0
DA:77,0
DA:78,0
DA:79,0
DA:80,0
DA:86,0
DA:87,0
DA:88,0
DA:94,0
DA:95,0
DA:96,0
DA:102,0
DA:103,0
DA:104,0
DA:109,0
DA:110,0
DA:111,0
DA:116,0
DA:117,0
DA:118,0
DA:119,0
DA:120,0
DA:121,0
DA:122,0
DA:123,0
DA:131,0
DA:132,0
DA:133,0
DA:134,0
DA:135,0
DA:136,0
DA:138,0
DA:140,0
DA:142,0
DA:144,0
DA:145,0
DA:146,0
DA:147,0
DA:149,0
DA:150,0
DA:151,0
DA:152,0
DA:153,0
DA:154,0
DA:155,0
DA:156,0
DA:157,0
DA:158,0
DA:159,0
DA:160,0
DA:161,0
DA:163,0
DA:166,0
DA:167,0
DA:168,0
DA:169,0
DA:170,0
DA:171,0
DA:172,0
DA:173,0
DA:174,0
DA:175,0
DA:177,0
DA:178,0
DA:179,0
DA:185,0
DA:186,0
DA:187,0
DA:188,0
DA:190,0
DA:191,0
DA:192,0
DA:193,0
DA:194,0
DA:195,0
DA:196,0
DA:197,0
DA:198,0
DA:199,0
DA:200,0
DA:202,0
DA:203,0
DA:204,0
DA:205,0
DA:213,0
DA:214,0
DA:215,0
DA:216,0
DA:217,0
DA:218,0
DA:219,0
DA:220,0
DA:221,0
DA:222,0
DA:223,0
DA:224,0
DA:234,1
DA:235,0
DA:237,0
DA:238,0
DA:239,0
DA:240,0
DA:241,0
DA:242,0
DA:243,0
DA:249,1
DA:250,0
DA:252,0
DA:253,0
DA:254,0
DA:255,0
DA:256,0
DA:257,0
LF:128
LH:5
BRF:0
BRH:0
end_of_record
TN:
SF:src\hooks\usePaymentApi.ts
FN:42,usePaymentList
FN:183,usePayment
FN:298,usePaymentsByStatus
FN:337,usePaymentStatistics
FN:397,usePaymentApi
FNF:5
FNH:0
FNDA:0,usePaymentList
FNDA:0,usePayment
FNDA:0,usePaymentsByStatus
FNDA:0,usePaymentStatistics
FNDA:0,usePaymentApi
DA:21,1
DA:23,1
DA:24,1
DA:42,1
DA:43,0
DA:44,0
DA:45,0
DA:46,0
DA:47,0
DA:48,0
DA:49,0
DA:50,0
DA:51,0
DA:52,0
DA:53,0
DA:54,0
DA:55,0
DA:56,0
DA:57,0
DA:62,0
DA:63,0
DA:64,0
DA:66,0
DA:67,0
DA:68,0
DA:69,0
DA:70,0
DA:71,0
DA:72,0
DA:74,0
DA:75,0
DA:76,0
DA:77,0
DA:80,0
DA:81,0
DA:82,0
DA:83,0
DA:84,0
DA:85,0
DA:86,0
DA:87,0
DA:88,0
DA:89,0
DA:90,0
DA:91,0
DA:96,0
DA:97,0
DA:98,0
DA:103,0
DA:104,0
DA:105,0
DA:110,0
DA:111,0
DA:112,0
DA:117,0
DA:118,0
DA:119,0
DA:124,0
DA:125,0
DA:126,0
DA:131,0
DA:132,0
DA:133,0
DA:134,0
DA:139,0
DA:140,0
DA:141,0
DA:146,0
DA:147,0
DA:148,0
DA:150,0
DA:152,0
DA:153,0
DA:154,0
DA:155,0
DA:156,0
DA:157,0
DA:158,0
DA:161,0
DA:162,0
DA:163,0
DA:164,0
DA:165,0
DA:166,0
DA:167,0
DA:168,0
DA:169,0
DA:170,0
DA:171,0
DA:172,0
DA:183,1
DA:184,0
DA:189,0
DA:190,0
DA:191,0
DA:192,0
DA:193,0
DA:194,0
DA:195,0
DA:200,0
DA:201,0
DA:202,0
DA:203,0
DA:204,0
DA:205,0
DA:206,0
DA:207,0
DA:208,0
DA:213,0
DA:214,0
DA:215,0
DA:216,0
DA:217,0
DA:218,0
DA:219,0
DA:220,0
DA:221,0
DA:226,0
DA:227,0
DA:228,0
DA:233,0
DA:234,0
DA:235,0
DA:237,0
DA:238,0
DA:239,0
DA:240,0
DA:241,0
DA:242,0
DA:243,0
DA:248,0
DA:249,0
DA:250,0
DA:251,0
DA:252,0
DA:253,0
DA:254,0
DA:255,0
DA:256,0
DA:261,0
DA:262,0
DA:263,0
DA:264,0
DA:265,0
DA:266,0
DA:268,0
DA:270,0
DA:271,0
DA:272,0
DA:273,0
DA:274,0
DA:277,0
DA:278,0
DA:279,0
DA:280,0
DA:281,0
DA:282,0
DA:283,0
DA:284,0
DA:285,0
DA:286,0
DA:287,0
DA:298,1
DA:299,0
DA:300,0
DA:305,0
DA:306,0
DA:307,0
DA:308,0
DA:309,0
DA:310,0
DA:311,0
DA:312,0
DA:314,0
DA:316,0
DA:317,0
DA:318,0
DA:319,0
DA:320,0
DA:323,0
DA:324,0
DA:325,0
DA:326,0
DA:337,1
DA:338,0
DA:339,0
DA:344,0
DA:345,0
DA:346,0
DA:348,0
DA:349,0
DA:350,0
DA:351,0
DA:353,0
DA:354,0
DA:355,0
DA:356,0
DA:357,0
DA:362,0
DA:363,0
DA:364,0
DA:369,0
DA:370,0
DA:371,0
DA:373,0
DA:375,0
DA:376,0
DA:377,0
DA:378,0
DA:379,0
DA:382,0
DA:383,0
DA:384,0
DA:385,0
DA:386,0
DA:387,0
DA:397,1
DA:398,0
DA:399,0
DA:401,0
DA:403,0
DA:404,0
DA:405,0
DA:406,0
DA:409,0
DA:410,0
DA:411,0
DA:412,0
DA:413,0
DA:414,0
DA:415,0
DA:416,0
LF:232
LH:8
BRF:0
BRH:0
end_of_record
TN:
SF:src\hooks\useUserApi.ts
FN:41,useUserList
FN:156,useUser
FN:253,useUsersByRole
FN:292,useUsersByStatus
FN:330,useUserApi
FNF:5
FNH:0
FNDA:0,useUserList
FNDA:0,useUser
FNDA:0,useUsersByRole
FNDA:0,useUsersByStatus
FNDA:0,useUserApi
DA:21,1
DA:23,1
DA:24,1
DA:41,1
DA:42,0
DA:43,0
DA:44,0
DA:45,0
DA:46,0
DA:47,0
DA:48,0
DA:49,0
DA:54,0
DA:55,0
DA:56,0
DA:58,0
DA:59,0
DA:60,0
DA:61,0
DA:62,0
DA:63,0
DA:64,0
DA:66,0
DA:67,0
DA:68,0
DA:69,0
DA:72,0
DA:73,0
DA:74,0
DA:75,0
DA:76,0
DA:77,0
DA:78,0
DA:79,0
DA:80,0
DA:81,0
DA:86,0
DA:87,0
DA:88,0
DA:93,0
DA:94,0
DA:95,0
DA:100,0
DA:101,0
DA:102,0
DA:107,0
DA:108,0
DA:109,0
DA:110,0
DA:115,0
DA:116,0
DA:117,0
DA:122,0
DA:123,0
DA:124,0
DA:126,0
DA:128,0
DA:129,0
DA:130,0
DA:131,0
DA:132,0
DA:133,0
DA:136,0
DA:137,0
DA:138,0
DA:139,0
DA:140,0
DA:141,0
DA:142,0
DA:143,0
DA:144,0
DA:145,0
DA:156,1
DA:157,0
DA:162,0
DA:163,0
DA:164,0
DA:165,0
DA:166,0
DA:167,0
DA:168,0
DA:173,0
DA:174,0
DA:175,0
DA:176,0
DA:177,0
DA:178,0
DA:179,0
DA:184,0
DA:185,0
DA:186,0
DA:187,0
DA:188,0
DA:189,0
DA:190,0
DA:191,0
DA:192,0
DA:197,0
DA:198,0
DA:199,0
DA:200,0
DA:201,0
DA:202,0
DA:203,0
DA:204,0
DA:205,0
DA:210,0
DA:211,0
DA:212,0
DA:217,0
DA:218,0
DA:219,0
DA:220,0
DA:221,0
DA:222,0
DA:224,0
DA:226,0
DA:227,0
DA:228,0
DA:229,0
DA:230,0
DA:233,0
DA:234,0
DA:235,0
DA:236,0
DA:237,0
DA:238,0
DA:239,0
DA:240,0
DA:241,0
DA:242,0
DA:253,1
DA:254,0
DA:255,0
DA:260,0
DA:261,0
DA:262,0
DA:263,0
DA:264,0
DA:265,0
DA:266,0
DA:267,0
DA:269,0
DA:271,0
DA:272,0
DA:273,0
DA:274,0
DA:275,0
DA:278,0
DA:279,0
DA:280,0
DA:281,0
DA:292,1
DA:293,0
DA:294,0
DA:299,0
DA:300,0
DA:301,0
DA:302,0
DA:303,0
DA:304,0
DA:305,0
DA:306,0
DA:308,0
DA:310,0
DA:311,0
DA:312,0
DA:313,0
DA:314,0
DA:317,0
DA:318,0
DA:319,0
DA:320,0
DA:330,1
DA:331,0
DA:332,0
DA:334,0
DA:336,0
DA:337,0
DA:338,0
DA:339,0
DA:342,0
DA:343,0
DA:344,0
DA:345,0
DA:346,0
DA:347,0
DA:348,0
DA:349,0
DA:350,0
LF:190
LH:8
BRF:0
BRH:0
end_of_record
TN:
SF:src\services\paymentApiService.ts
FN:184,<static_initializer>
FN:187,PaymentApiService
FN:192,getInstance
FN:205,getAllPayments
FN:234,getPaymentById
FN:254,getPaymentsByOrderId
FN:270,getPaymentsByStatus
FN:286,createPayment
FN:314,updatePayment
FN:342,updatePaymentStatus
FN:352,processPayment
FN:406,refundPayment
FN:434,deletePayment
FN:453,getPaymentStatistics
FN:477,simulatePaymentProcessing
FN:497,getMockPaymentList
FNF:16
FNH:3
FNDA:1,<static_initializer>
FNDA:1,PaymentApiService
FNDA:1,getInstance
FNDA:0,getAllPayments
FNDA:0,getPaymentById
FNDA:0,getPaymentsByOrderId
FNDA:0,getPaymentsByStatus
FNDA:0,createPayment
FNDA:0,updatePayment
FNDA:0,updatePaymentStatus
FNDA:0,processPayment
FNDA:0,refundPayment
FNDA:0,deletePayment
FNDA:0,getPaymentStatistics
FNDA:0,simulatePaymentProcessing
FNDA:0,getMockPaymentList
DA:22,1
DA:23,1
DA:101,1
DA:102,1
DA:103,1
DA:104,1
DA:105,1
DA:106,1
DA:107,1
DA:108,1
DA:109,1
DA:110,1
DA:111,1
DA:112,1
DA:113,1
DA:114,1
DA:115,1
DA:116,1
DA:117,1
DA:118,1
DA:119,1
DA:120,1
DA:121,1
DA:122,1
DA:123,1
DA:124,1
DA:125,1
DA:126,1
DA:127,1
DA:128,1
DA:129,1
DA:130,1
DA:131,1
DA:132,1
DA:133,1
DA:134,1
DA:135,1
DA:136,1
DA:137,1
DA:138,1
DA:139,1
DA:140,1
DA:141,1
DA:142,1
DA:143,1
DA:144,1
DA:145,1
DA:146,1
DA:147,1
DA:148,1
DA:149,1
DA:150,1
DA:151,1
DA:152,1
DA:153,1
DA:154,1
DA:155,1
DA:156,1
DA:157,1
DA:158,1
DA:159,1
DA:160,1
DA:161,1
DA:162,1
DA:163,1
DA:164,1
DA:165,1
DA:166,1
DA:167,1
DA:168,1
DA:169,1
DA:170,1
DA:171,1
DA:172,1
DA:184,1
DA:185,1
DA:187,1
DA:192,1
DA:193,1
DA:194,1
DA:195,1
DA:196,1
DA:197,1
DA:205,1
DA:206,0
DA:207,0
DA:209,0
DA:210,0
DA:211,0
DA:212,0
DA:213,0
DA:214,0
DA:215,0
DA:216,0
DA:218,0
DA:219,0
DA:221,0
DA:222,0
DA:223,0
DA:224,0
DA:225,0
DA:226,0
DA:234,1
DA:235,0
DA:236,0
DA:237,0
DA:238,0
DA:239,0
DA:240,0
DA:241,0
DA:242,0
DA:243,0
DA:244,0
DA:245,0
DA:246,0
DA:254,1
DA:255,0
DA:256,0
DA:257,0
DA:258,0
DA:259,0
DA:260,0
DA:261,0
DA:262,0
DA:270,1
DA:271,0
DA:272,0
DA:273,0
DA:274,0
DA:275,0
DA:276,0
DA:277,0
DA:278,0
DA:286,1
DA:287,0
DA:288,0
DA:289,0
DA:290,0
DA:291,0
DA:293,0
DA:294,0
DA:295,0
DA:296,0
DA:297,0
DA:298,0
DA:299,0
DA:300,0
DA:301,0
DA:302,0
DA:303,0
DA:304,0
DA:305,0
DA:314,1
DA:315,0
DA:316,0
DA:317,0
DA:318,0
DA:319,0
DA:320,0
DA:321,0
DA:322,0
DA:323,0
DA:325,0
DA:326,0
DA:327,0
DA:328,0
DA:329,0
DA:331,0
DA:332,0
DA:333,0
DA:342,1
DA:343,0
DA:344,0
DA:352,1
DA:353,0
DA:354,0
DA:355,0
DA:356,0
DA:357,0
DA:360,0
DA:361,0
DA:362,0
DA:363,0
DA:365,0
DA:368,0
DA:370,0
DA:371,0
DA:372,0
DA:373,0
DA:374,0
DA:375,0
DA:376,0
DA:377,0
DA:379,0
DA:380,0
DA:381,0
DA:382,0
DA:383,0
DA:384,0
DA:385,0
DA:386,0
DA:387,0
DA:388,0
DA:389,0
DA:391,0
DA:392,0
DA:393,0
DA:394,0
DA:395,0
DA:396,0
DA:397,0
DA:406,1
DA:407,0
DA:408,0
DA:409,0
DA:410,0
DA:411,0
DA:413,0
DA:414,0
DA:415,0
DA:416,0
DA:418,0
DA:419,0
DA:420,0
DA:421,0
DA:422,0
DA:424,0
DA:425,0
DA:426,0
DA:434,1
DA:435,0
DA:436,0
DA:437,0
DA:438,0
DA:439,0
DA:440,0
DA:441,0
DA:442,0
DA:443,0
DA:444,0
DA:445,0
DA:453,1
DA:454,0
DA:455,0
DA:457,0
DA:458,0
DA:459,0
DA:461,0
DA:462,0
DA:464,0
DA:465,0
DA:466,0
DA:467,0
DA:468,0
DA:469,0
DA:477,1
DA:479,0
DA:480,0
DA:481,0
DA:482,0
DA:483,0
DA:484,0
DA:485,0
DA:487,0
DA:488,0
DA:489,0
DA:497,1
DA:498,0
DA:501,0
DA:502,0
DA:503,0
DA:505,0
DA:506,0
DA:507,0
DA:509,0
DA:510,0
DA:511,0
DA:513,0
DA:514,0
DA:515,0
DA:516,0
DA:517,0
DA:518,0
DA:521,0
DA:522,0
DA:523,0
DA:524,0
DA:525,0
DA:526,0
DA:528,0
DA:529,0
DA:530,0
DA:531,0
DA:532,0
DA:533,0
DA:536,0
DA:537,0
DA:538,0
DA:539,0
DA:541,0
DA:544,0
DA:545,0
DA:546,0
DA:547,0
DA:548,0
DA:549,0
DA:551,0
DA:553,0
DA:554,0
DA:555,0
DA:556,0
DA:557,0
DA:558,0
DA:559,0
DA:560,0
DA:561,0
DA:562,0
DA:563,1
DA:573,1
LF:319
LH:98
BRDA:184,0,0,1
BRDA:187,1,0,1
BRDA:192,2,0,1
BRF:3
BRH:3
end_of_record
TN:
SF:src\services\userApiService.ts
FN:160,<static_initializer>
FN:163,UserApiService
FN:168,getInstance
FN:181,getAllUsers
FN:207,getUserById
FN:227,getUserByEmail
FN:247,getUsersByRole
FN:263,getUsersByStatus
FN:279,createUser
FN:307,updateUser
FN:335,updateUserStatus
FN:345,deleteUser
FN:364,checkEmailExists
FN:380,getMockUserList
FNF:14
FNH:3
FNDA:1,<static_initializer>
FNDA:1,UserApiService
FNDA:1,getInstance
FNDA:0,getAllUsers
FNDA:0,getUserById
FNDA:0,getUserByEmail
FNDA:0,getUsersByRole
FNDA:0,getUsersByStatus
FNDA:0,createUser
FNDA:0,updateUser
FNDA:0,updateUserStatus
FNDA:0,deleteUser
FNDA:0,checkEmailExists
FNDA:0,getMockUserList
DA:21,1
DA:22,1
DA:82,1
DA:83,1
DA:84,1
DA:85,1
DA:86,1
DA:87,1
DA:88,1
DA:89,1
DA:90,1
DA:91,1
DA:92,1
DA:93,1
DA:94,1
DA:95,1
DA:96,1
DA:97,1
DA:98,1
DA:99,1
DA:100,1
DA:101,1
DA:102,1
DA:103,1
DA:104,1
DA:105,1
DA:106,1
DA:107,1
DA:108,1
DA:109,1
DA:110,1
DA:111,1
DA:112,1
DA:113,1
DA:114,1
DA:115,1
DA:116,1
DA:117,1
DA:118,1
DA:119,1
DA:120,1
DA:121,1
DA:122,1
DA:123,1
DA:124,1
DA:125,1
DA:126,1
DA:127,1
DA:128,1
DA:129,1
DA:130,1
DA:131,1
DA:132,1
DA:133,1
DA:134,1
DA:135,1
DA:136,1
DA:137,1
DA:138,1
DA:139,1
DA:140,1
DA:141,1
DA:142,1
DA:143,1
DA:144,1
DA:145,1
DA:146,1
DA:147,1
DA:148,1
DA:160,1
DA:161,1
DA:163,1
DA:168,1
DA:169,1
DA:170,1
DA:171,1
DA:172,1
DA:173,1
DA:181,1
DA:182,0
DA:183,0
DA:185,0
DA:186,0
DA:187,0
DA:188,0
DA:189,0
DA:191,0
DA:192,0
DA:194,0
DA:195,0
DA:196,0
DA:197,0
DA:198,0
DA:199,0
DA:207,1
DA:208,0
DA:209,0
DA:210,0
DA:211,0
DA:212,0
DA:213,0
DA:214,0
DA:215,0
DA:216,0
DA:217,0
DA:218,0
DA:219,0
DA:227,1
DA:228,0
DA:229,0
DA:230,0
DA:231,0
DA:232,0
DA:233,0
DA:234,0
DA:235,0
DA:236,0
DA:237,0
DA:238,0
DA:239,0
DA:247,1
DA:248,0
DA:249,0
DA:250,0
DA:251,0
DA:252,0
DA:253,0
DA:254,0
DA:255,0
DA:263,1
DA:264,0
DA:265,0
DA:266,0
DA:267,0
DA:268,0
DA:269,0
DA:270,0
DA:271,0
DA:279,1
DA:280,0
DA:281,0
DA:282,0
DA:283,0
DA:284,0
DA:286,0
DA:287,0
DA:288,0
DA:289,0
DA:290,0
DA:291,0
DA:292,0
DA:293,0
DA:294,0
DA:295,0
DA:296,0
DA:297,0
DA:298,0
DA:307,1
DA:308,0
DA:309,0
DA:310,0
DA:311,0
DA:312,0
DA:313,0
DA:314,0
DA:315,0
DA:316,0
DA:318,0
DA:319,0
DA:320,0
DA:321,0
DA:322,0
DA:324,0
DA:325,0
DA:326,0
DA:335,1
DA:336,0
DA:337,0
DA:345,1
DA:346,0
DA:347,0
DA:348,0
DA:349,0
DA:350,0
DA:351,0
DA:352,0
DA:353,0
DA:354,0
DA:355,0
DA:356,0
DA:364,1
DA:365,0
DA:366,0
DA:367,0
DA:368,0
DA:369,0
DA:370,0
DA:371,0
DA:372,0
DA:380,1
DA:381,0
DA:384,0
DA:385,0
DA:386,0
DA:388,0
DA:389,0
DA:390,0
DA:392,0
DA:393,0
DA:394,0
DA:395,0
DA:396,0
DA:397,0
DA:398,0
DA:399,0
DA:402,0
DA:403,0
DA:404,0
DA:405,0
DA:407,0
DA:409,0
DA:410,0
DA:411,0
DA:412,0
DA:413,0
DA:414,0
DA:415,0
DA:416,0
DA:417,1
DA:427,1
LF:230
LH:91
BRDA:160,0,0,1
BRDA:163,1,0,1
BRDA:168,2,0,1
BRF:3
BRH:3
end_of_record
TN:
SF:src\types\payment.ts
FNF:0
FNH:0
DA:16,1
DA:17,1
DA:18,1
DA:19,1
DA:20,1
DA:21,1
DA:24,1
DA:25,1
DA:26,1
DA:27,1
DA:28,1
DA:29,1
DA:30,1
LF:13
LH:13
BRDA:16,0,0,1
BRDA:24,1,0,1
BRF:2
BRH:2
end_of_record
TN:
SF:src\types\user.ts
FNF:0
FNH:0
DA:16,1
DA:17,1
DA:18,1
DA:19,1
DA:22,1
DA:23,1
DA:24,1
DA:25,1
LF:8
LH:8
BRDA:16,0,0,1
BRDA:22,1,0,1
BRF:2
BRH:2
end_of_record
